2017-12-24 20:25:40 trace :
------------
String:
<xml><ToUserName><![CDATA[gh_457112fa2e21]]></ToUserName>
<FromUserName><![CDATA[oBNJw1CIog-AUX3aR0y5pKUy-_hA]]></FromUserName>
<CreateTime>1514118341</CreateTime>
<MsgType><![CDATA[event]]></MsgType>
<Event><![CDATA[subscribe]]></Event>
<EventKey><![CDATA[]]></EventKey>
</xml>

2017-12-24 20:25:40 params :
------------
String:
array (
  'message' => 
  array (
    'tousername' => 'gh_457112fa2e21',
    'fromusername' => 'oBNJw1CIog-AUX3aR0y5pKUy-_hA',
    'createtime' => '1514118341',
    'msgtype' => 'event',
    'event' => 'subscribe',
    'eventkey' => '',
    'from' => 'oBNJw1CIog-AUX3aR0y5pKUy-_hA',
    'to' => 'gh_457112fa2e21',
    'time' => '1514118341',
    'type' => 'text',
    'redirection' => true,
    'source' => 'subscribe',
    'content' => '商城',
  ),
  'module' => 'cover',
  'rule' => '18',
  'priority' => '0',
  'keyword' => 
  array (
    'id' => '24',
    'rid' => '18',
    'uniacid' => '4',
    'module' => 'cover',
    'content' => '商城',
    'type' => '1',
    'displayorder' => '0',
    'status' => '1',
  ),
)

2017-12-24 20:25:40 response :
------------
Array:
FromUserName : gh_457112fa2e21 ;
ToUserName : oBNJw1CIog-AUX3aR0y5pKUy-_hA ;
MsgType : news ;
ArticleCount : 1 ;
Articles : Array ;

2017-12-24 20:25:46 trace :
------------
String:
<xml><ToUserName><![CDATA[gh_457112fa2e21]]></ToUserName>
<FromUserName><![CDATA[oBNJw1CIog-AUX3aR0y5pKUy-_hA]]></FromUserName>
<CreateTime>1514118346</CreateTime>
<MsgType><![CDATA[event]]></MsgType>
<Event><![CDATA[VIEW]]></Event>
<EventKey><![CDATA[http://www.fphealthy.com/shop/app/index.php?i=4&c=entry&eid=146]]></EventKey>
<MenuId>411154211</MenuId>
</xml>

2017-12-24 20:25:46 params :
------------
String:
array (
  'rule' => -2,
  'module' => '',
  'message' => 
  array (
    'tousername' => 'gh_457112fa2e21',
    'fromusername' => 'oBNJw1CIog-AUX3aR0y5pKUy-_hA',
    'createtime' => '1514118346',
    'msgtype' => 'event',
    'event' => 'VIEW',
    'eventkey' => 'http://www.fphealthy.com/shop/app/index.php?i=4&c=entry&eid=146',
    'menuid' => '411154211',
    'from' => 'oBNJw1CIog-AUX3aR0y5pKUy-_hA',
    'to' => 'gh_457112fa2e21',
    'time' => '1514118346',
    'type' => 'text',
    'content' => 'http://www.fphealthy.com/shop/app/index.php?i=4&c=entry&eid=146',
    'redirection' => true,
    'source' => 'VIEW',
  ),
)

2017-12-24 20:25:46 response :
------------

2017-12-24 20:26:37 trace :
------------
String:
<xml><ToUserName><![CDATA[gh_457112fa2e21]]></ToUserName>
<FromUserName><![CDATA[oBNJw1CIog-AUX3aR0y5pKUy-_hA]]></FromUserName>
<CreateTime>1514118395</CreateTime>
<MsgType><![CDATA[event]]></MsgType>
<Event><![CDATA[VIEW]]></Event>
<EventKey><![CDATA[http://www.fphealthy.com/shop/app/index.php?i=4&c=entry&m=ewei_shopv2&do=mobile&r=member]]></EventKey>
<MenuId>411154211</MenuId>
</xml>

2017-12-24 20:26:37 params :
------------
String:
array (
  'rule' => -2,
  'module' => '',
  'message' => 
  array (
    'tousername' => 'gh_457112fa2e21',
    'fromusername' => 'oBNJw1CIog-AUX3aR0y5pKUy-_hA',
    'createtime' => '1514118395',
    'msgtype' => 'event',
    'event' => 'VIEW',
    'eventkey' => 'http://www.fphealthy.com/shop/app/index.php?i=4&c=entry&m=ewei_shopv2&do=mobile&r=member',
    'menuid' => '411154211',
    'from' => 'oBNJw1CIog-AUX3aR0y5pKUy-_hA',
    'to' => 'gh_457112fa2e21',
    'time' => '1514118395',
    'type' => 'text',
    'content' => 'http://www.fphealthy.com/shop/app/index.php?i=4&c=entry&m=ewei_shopv2&do=mobile&r=member',
    'redirection' => true,
    'source' => 'VIEW',
  ),
)

2017-12-24 20:26:37 response :
------------

2017-12-24 20:27:06 trace :
------------
String:
<xml><ToUserName><![CDATA[gh_457112fa2e21]]></ToUserName>
<FromUserName><![CDATA[oBNJw1CIog-AUX3aR0y5pKUy-_hA]]></FromUserName>
<CreateTime>1514118427</CreateTime>
<MsgType><![CDATA[event]]></MsgType>
<Event><![CDATA[TEMPLATESENDJOBFINISH]]></Event>
<MsgID>75936295620313088</MsgID>
<Status><![CDATA[success]]></Status>
</xml>

2017-12-24 20:27:06 params :
------------
String:
array (
  'rule' => -2,
  'module' => '',
  'message' => 
  array (
    'tousername' => 'gh_457112fa2e21',
    'fromusername' => 'oBNJw1CIog-AUX3aR0y5pKUy-_hA',
    'createtime' => '1514118427',
    'msgtype' => 'event',
    'event' => 'TEMPLATESENDJOBFINISH',
    'msgid' => '75936295620313088',
    'status' => 'success',
    'from' => 'oBNJw1CIog-AUX3aR0y5pKUy-_hA',
    'to' => 'gh_457112fa2e21',
    'time' => '1514118427',
    'type' => 'event',
  ),
)

2017-12-24 20:27:06 response :
------------

2017-12-24 20:30:07 trace :
------------
String:
<xml><ToUserName><![CDATA[gh_457112fa2e21]]></ToUserName>
<FromUserName><![CDATA[oBNJw1CIog-AUX3aR0y5pKUy-_hA]]></FromUserName>
<CreateTime>1514118608</CreateTime>
<MsgType><![CDATA[event]]></MsgType>
<Event><![CDATA[VIEW]]></Event>
<EventKey><![CDATA[http://www.fphealthy.com/shop/app/index.php?i=4&c=entry&eid=146]]></EventKey>
<MenuId>411154211</MenuId>
</xml>

2017-12-24 20:30:07 params :
------------
String:
array (
  'rule' => -2,
  'module' => '',
  'message' => 
  array (
    'tousername' => 'gh_457112fa2e21',
    'fromusername' => 'oBNJw1CIog-AUX3aR0y5pKUy-_hA',
    'createtime' => '1514118608',
    'msgtype' => 'event',
    'event' => 'VIEW',
    'eventkey' => 'http://www.fphealthy.com/shop/app/index.php?i=4&c=entry&eid=146',
    'menuid' => '411154211',
    'from' => 'oBNJw1CIog-AUX3aR0y5pKUy-_hA',
    'to' => 'gh_457112fa2e21',
    'time' => '1514118608',
    'type' => 'text',
    'content' => 'http://www.fphealthy.com/shop/app/index.php?i=4&c=entry&eid=146',
    'redirection' => true,
    'source' => 'VIEW',
  ),
)

2017-12-24 20:30:07 response :
------------

2017-12-24 20:30:34 trace :
------------
String:
<xml><ToUserName><![CDATA[gh_457112fa2e21]]></ToUserName>
<FromUserName><![CDATA[oBNJw1CIog-AUX3aR0y5pKUy-_hA]]></FromUserName>
<CreateTime>1514118634</CreateTime>
<MsgType><![CDATA[event]]></MsgType>
<Event><![CDATA[TEMPLATESENDJOBFINISH]]></Event>
<MsgID>75939782697549827</MsgID>
<Status><![CDATA[success]]></Status>
</xml>

2017-12-24 20:30:34 params :
------------
String:
array (
  'rule' => -2,
  'module' => '',
  'message' => 
  array (
    'tousername' => 'gh_457112fa2e21',
    'fromusername' => 'oBNJw1CIog-AUX3aR0y5pKUy-_hA',
    'createtime' => '1514118634',
    'msgtype' => 'event',
    'event' => 'TEMPLATESENDJOBFINISH',
    'msgid' => '75939782697549827',
    'status' => 'success',
    'from' => 'oBNJw1CIog-AUX3aR0y5pKUy-_hA',
    'to' => 'gh_457112fa2e21',
    'time' => '1514118634',
    'type' => 'event',
  ),
)

2017-12-24 20:30:34 response :
------------

2017-12-24 20:31:27 trace :
------------
String:
<xml><ToUserName><![CDATA[gh_457112fa2e21]]></ToUserName>
<FromUserName><![CDATA[oBNJw1CIog-AUX3aR0y5pKUy-_hA]]></FromUserName>
<CreateTime>1514118688</CreateTime>
<MsgType><![CDATA[event]]></MsgType>
<Event><![CDATA[TEMPLATESENDJOBFINISH]]></Event>
<MsgID>75940682308648960</MsgID>
<Status><![CDATA[success]]></Status>
</xml>

2017-12-24 20:31:27 params :
------------
String:
array (
  'rule' => -2,
  'module' => '',
  'message' => 
  array (
    'tousername' => 'gh_457112fa2e21',
    'fromusername' => 'oBNJw1CIog-AUX3aR0y5pKUy-_hA',
    'createtime' => '1514118688',
    'msgtype' => 'event',
    'event' => 'TEMPLATESENDJOBFINISH',
    'msgid' => '75940682308648960',
    'status' => 'success',
    'from' => 'oBNJw1CIog-AUX3aR0y5pKUy-_hA',
    'to' => 'gh_457112fa2e21',
    'time' => '1514118688',
    'type' => 'event',
  ),
)

2017-12-24 20:31:27 response :
------------

2017-12-24 20:32:01 trace :
------------
String:
<xml><ToUserName><![CDATA[gh_457112fa2e21]]></ToUserName>
<FromUserName><![CDATA[oBNJw1CIog-AUX3aR0y5pKUy-_hA]]></FromUserName>
<CreateTime>1514118722</CreateTime>
<MsgType><![CDATA[event]]></MsgType>
<Event><![CDATA[TEMPLATESENDJOBFINISH]]></Event>
<MsgID>75941244563488768</MsgID>
<Status><![CDATA[success]]></Status>
</xml>

2017-12-24 20:32:01 params :
------------
String:
array (
  'rule' => -2,
  'module' => '',
  'message' => 
  array (
    'tousername' => 'gh_457112fa2e21',
    'fromusername' => 'oBNJw1CIog-AUX3aR0y5pKUy-_hA',
    'createtime' => '1514118722',
    'msgtype' => 'event',
    'event' => 'TEMPLATESENDJOBFINISH',
    'msgid' => '75941244563488768',
    'status' => 'success',
    'from' => 'oBNJw1CIog-AUX3aR0y5pKUy-_hA',
    'to' => 'gh_457112fa2e21',
    'time' => '1514118722',
    'type' => 'event',
  ),
)

2017-12-24 20:32:01 response :
------------

2017-12-24 20:32:38 trace :
------------
String:
<xml><ToUserName><![CDATA[gh_457112fa2e21]]></ToUserName>
<FromUserName><![CDATA[oBNJw1CIog-AUX3aR0y5pKUy-_hA]]></FromUserName>
<CreateTime>1514118759</CreateTime>
<MsgType><![CDATA[event]]></MsgType>
<Event><![CDATA[TEMPLATESENDJOBFINISH]]></Event>
<MsgID>75941865924460546</MsgID>
<Status><![CDATA[success]]></Status>
</xml>

2017-12-24 20:32:38 params :
------------
String:
array (
  'rule' => -2,
  'module' => '',
  'message' => 
  array (
    'tousername' => 'gh_457112fa2e21',
    'fromusername' => 'oBNJw1CIog-AUX3aR0y5pKUy-_hA',
    'createtime' => '1514118759',
    'msgtype' => 'event',
    'event' => 'TEMPLATESENDJOBFINISH',
    'msgid' => '75941865924460546',
    'status' => 'success',
    'from' => 'oBNJw1CIog-AUX3aR0y5pKUy-_hA',
    'to' => 'gh_457112fa2e21',
    'time' => '1514118759',
    'type' => 'event',
  ),
)

2017-12-24 20:32:38 response :
------------

2017-12-24 20:34:09 trace :
------------
String:
<xml><ToUserName><![CDATA[gh_457112fa2e21]]></ToUserName>
<FromUserName><![CDATA[oBNJw1CIog-AUX3aR0y5pKUy-_hA]]></FromUserName>
<CreateTime>1514118850</CreateTime>
<MsgType><![CDATA[event]]></MsgType>
<Event><![CDATA[TEMPLATESENDJOBFINISH]]></Event>
<MsgID>75943408170041351</MsgID>
<Status><![CDATA[success]]></Status>
</xml>

2017-12-24 20:34:09 params :
------------
String:
array (
  'rule' => -2,
  'module' => '',
  'message' => 
  array (
    'tousername' => 'gh_457112fa2e21',
    'fromusername' => 'oBNJw1CIog-AUX3aR0y5pKUy-_hA',
    'createtime' => '1514118850',
    'msgtype' => 'event',
    'event' => 'TEMPLATESENDJOBFINISH',
    'msgid' => '75943408170041351',
    'status' => 'success',
    'from' => 'oBNJw1CIog-AUX3aR0y5pKUy-_hA',
    'to' => 'gh_457112fa2e21',
    'time' => '1514118850',
    'type' => 'event',
  ),
)

2017-12-24 20:34:09 response :
------------

2017-12-24 20:34:59 trace :
------------
String:
<xml><ToUserName><![CDATA[gh_457112fa2e21]]></ToUserName>
<FromUserName><![CDATA[oBNJw1CIog-AUX3aR0y5pKUy-_hA]]></FromUserName>
<CreateTime>1514118900</CreateTime>
<MsgType><![CDATA[event]]></MsgType>
<Event><![CDATA[TEMPLATESENDJOBFINISH]]></Event>
<MsgID>75944235790106624</MsgID>
<Status><![CDATA[success]]></Status>
</xml>

2017-12-24 20:34:59 params :
------------
String:
array (
  'rule' => -2,
  'module' => '',
  'message' => 
  array (
    'tousername' => 'gh_457112fa2e21',
    'fromusername' => 'oBNJw1CIog-AUX3aR0y5pKUy-_hA',
    'createtime' => '1514118900',
    'msgtype' => 'event',
    'event' => 'TEMPLATESENDJOBFINISH',
    'msgid' => '75944235790106624',
    'status' => 'success',
    'from' => 'oBNJw1CIog-AUX3aR0y5pKUy-_hA',
    'to' => 'gh_457112fa2e21',
    'time' => '1514118900',
    'type' => 'event',
  ),
)

2017-12-24 20:34:59 response :
------------

