2017-08-14 20:18:01 trace :
------------
String:
<xml><ToUserName><![CDATA[gh_457112fa2e21]]></ToUserName>
<FromUserName><![CDATA[oBNJw1OU62I3pUUEPB8yYx30ZcCU]]></FromUserName>
<CreateTime>1502713077</CreateTime>
<MsgType><![CDATA[event]]></MsgType>
<Event><![CDATA[VIEW]]></Event>
<EventKey><![CDATA[http://www.fphealthy.com/shop/app/index.php?i=4&c=entry&eid=146]]></EventKey>
<MenuId>411154211</MenuId>
</xml>

2017-08-14 20:18:01 params :
------------
String:
array (
  'rule' => -2,
  'module' => '',
  'message' => 
  array (
    'tousername' => 'gh_457112fa2e21',
    'fromusername' => 'oBNJw1OU62I3pUUEPB8yYx30ZcCU',
    'createtime' => '1502713077',
    'msgtype' => 'event',
    'event' => 'VIEW',
    'eventkey' => 'http://www.fphealthy.com/shop/app/index.php?i=4&c=entry&eid=146',
    'menuid' => '411154211',
    'from' => 'oBNJw1OU62I3pUUEPB8yYx30ZcCU',
    'to' => 'gh_457112fa2e21',
    'time' => '1502713077',
    'type' => 'text',
    'content' => 'http://www.fphealthy.com/shop/app/index.php?i=4&c=entry&eid=146',
    'redirection' => true,
    'source' => 'VIEW',
  ),
)

2017-08-14 20:18:01 response :
------------

2017-08-14 20:18:06 trace :
------------
String:
<xml><ToUserName><![CDATA[gh_457112fa2e21]]></ToUserName>
<FromUserName><![CDATA[oBNJw1OU62I3pUUEPB8yYx30ZcCU]]></FromUserName>
<CreateTime>1502713077</CreateTime>
<MsgType><![CDATA[event]]></MsgType>
<Event><![CDATA[VIEW]]></Event>
<EventKey><![CDATA[http://www.fphealthy.com/shop/app/index.php?i=4&c=entry&eid=146]]></EventKey>
<MenuId>411154211</MenuId>
</xml>

2017-08-14 20:18:06 params :
------------
String:
array (
  'rule' => -2,
  'module' => '',
  'message' => 
  array (
    'tousername' => 'gh_457112fa2e21',
    'fromusername' => 'oBNJw1OU62I3pUUEPB8yYx30ZcCU',
    'createtime' => '1502713077',
    'msgtype' => 'event',
    'event' => 'VIEW',
    'eventkey' => 'http://www.fphealthy.com/shop/app/index.php?i=4&c=entry&eid=146',
    'menuid' => '411154211',
    'from' => 'oBNJw1OU62I3pUUEPB8yYx30ZcCU',
    'to' => 'gh_457112fa2e21',
    'time' => '1502713077',
    'type' => 'text',
    'content' => 'http://www.fphealthy.com/shop/app/index.php?i=4&c=entry&eid=146',
    'redirection' => true,
    'source' => 'VIEW',
  ),
)

2017-08-14 20:18:06 response :
------------

2017-08-14 20:18:06 trace :
------------
String:
<xml><ToUserName><![CDATA[gh_457112fa2e21]]></ToUserName>
<FromUserName><![CDATA[oBNJw1OU62I3pUUEPB8yYx30ZcCU]]></FromUserName>
<CreateTime>1502713077</CreateTime>
<MsgType><![CDATA[event]]></MsgType>
<Event><![CDATA[VIEW]]></Event>
<EventKey><![CDATA[http://www.fphealthy.com/shop/app/index.php?i=4&c=entry&eid=146]]></EventKey>
<MenuId>411154211</MenuId>
</xml>

2017-08-14 20:18:06 params :
------------
String:
array (
  'rule' => -2,
  'module' => '',
  'message' => 
  array (
    'tousername' => 'gh_457112fa2e21',
    'fromusername' => 'oBNJw1OU62I3pUUEPB8yYx30ZcCU',
    'createtime' => '1502713077',
    'msgtype' => 'event',
    'event' => 'VIEW',
    'eventkey' => 'http://www.fphealthy.com/shop/app/index.php?i=4&c=entry&eid=146',
    'menuid' => '411154211',
    'from' => 'oBNJw1OU62I3pUUEPB8yYx30ZcCU',
    'to' => 'gh_457112fa2e21',
    'time' => '1502713077',
    'type' => 'text',
    'content' => 'http://www.fphealthy.com/shop/app/index.php?i=4&c=entry&eid=146',
    'redirection' => true,
    'source' => 'VIEW',
  ),
)

2017-08-14 20:18:06 response :
------------

2017-08-14 20:18:09 trace :
------------
String:
<xml><ToUserName><![CDATA[gh_457112fa2e21]]></ToUserName>
<FromUserName><![CDATA[oBNJw1OU62I3pUUEPB8yYx30ZcCU]]></FromUserName>
<CreateTime>1502713085</CreateTime>
<MsgType><![CDATA[event]]></MsgType>
<Event><![CDATA[VIEW]]></Event>
<EventKey><![CDATA[http://www.fphealthy.com/shop/app/index.php?i=4&c=entry&eid=146]]></EventKey>
<MenuId>411154211</MenuId>
</xml>

2017-08-14 20:18:09 params :
------------
String:
array (
  'rule' => -2,
  'module' => '',
  'message' => 
  array (
    'tousername' => 'gh_457112fa2e21',
    'fromusername' => 'oBNJw1OU62I3pUUEPB8yYx30ZcCU',
    'createtime' => '1502713085',
    'msgtype' => 'event',
    'event' => 'VIEW',
    'eventkey' => 'http://www.fphealthy.com/shop/app/index.php?i=4&c=entry&eid=146',
    'menuid' => '411154211',
    'from' => 'oBNJw1OU62I3pUUEPB8yYx30ZcCU',
    'to' => 'gh_457112fa2e21',
    'time' => '1502713085',
    'type' => 'text',
    'content' => 'http://www.fphealthy.com/shop/app/index.php?i=4&c=entry&eid=146',
    'redirection' => true,
    'source' => 'VIEW',
  ),
)

2017-08-14 20:18:09 response :
------------

2017-08-14 20:18:14 trace :
------------
String:
<xml><ToUserName><![CDATA[gh_457112fa2e21]]></ToUserName>
<FromUserName><![CDATA[oBNJw1OU62I3pUUEPB8yYx30ZcCU]]></FromUserName>
<CreateTime>1502713085</CreateTime>
<MsgType><![CDATA[event]]></MsgType>
<Event><![CDATA[VIEW]]></Event>
<EventKey><![CDATA[http://www.fphealthy.com/shop/app/index.php?i=4&c=entry&eid=146]]></EventKey>
<MenuId>411154211</MenuId>
</xml>

2017-08-14 20:18:14 params :
------------
String:
array (
  'rule' => -2,
  'module' => '',
  'message' => 
  array (
    'tousername' => 'gh_457112fa2e21',
    'fromusername' => 'oBNJw1OU62I3pUUEPB8yYx30ZcCU',
    'createtime' => '1502713085',
    'msgtype' => 'event',
    'event' => 'VIEW',
    'eventkey' => 'http://www.fphealthy.com/shop/app/index.php?i=4&c=entry&eid=146',
    'menuid' => '411154211',
    'from' => 'oBNJw1OU62I3pUUEPB8yYx30ZcCU',
    'to' => 'gh_457112fa2e21',
    'time' => '1502713085',
    'type' => 'text',
    'content' => 'http://www.fphealthy.com/shop/app/index.php?i=4&c=entry&eid=146',
    'redirection' => true,
    'source' => 'VIEW',
  ),
)

2017-08-14 20:18:14 response :
------------

2017-08-14 20:18:19 trace :
------------
String:
<xml><ToUserName><![CDATA[gh_457112fa2e21]]></ToUserName>
<FromUserName><![CDATA[oBNJw1OU62I3pUUEPB8yYx30ZcCU]]></FromUserName>
<CreateTime>1502713085</CreateTime>
<MsgType><![CDATA[event]]></MsgType>
<Event><![CDATA[VIEW]]></Event>
<EventKey><![CDATA[http://www.fphealthy.com/shop/app/index.php?i=4&c=entry&eid=146]]></EventKey>
<MenuId>411154211</MenuId>
</xml>

2017-08-14 20:18:19 params :
------------
String:
array (
  'rule' => -2,
  'module' => '',
  'message' => 
  array (
    'tousername' => 'gh_457112fa2e21',
    'fromusername' => 'oBNJw1OU62I3pUUEPB8yYx30ZcCU',
    'createtime' => '1502713085',
    'msgtype' => 'event',
    'event' => 'VIEW',
    'eventkey' => 'http://www.fphealthy.com/shop/app/index.php?i=4&c=entry&eid=146',
    'menuid' => '411154211',
    'from' => 'oBNJw1OU62I3pUUEPB8yYx30ZcCU',
    'to' => 'gh_457112fa2e21',
    'time' => '1502713085',
    'type' => 'text',
    'content' => 'http://www.fphealthy.com/shop/app/index.php?i=4&c=entry&eid=146',
    'redirection' => true,
    'source' => 'VIEW',
  ),
)

2017-08-14 20:18:19 response :
------------

2017-08-14 20:19:55 trace :
------------
String:
<xml><ToUserName><![CDATA[gh_457112fa2e21]]></ToUserName>
<FromUserName><![CDATA[oBNJw1OU62I3pUUEPB8yYx30ZcCU]]></FromUserName>
<CreateTime>1502713191</CreateTime>
<MsgType><![CDATA[event]]></MsgType>
<Event><![CDATA[VIEW]]></Event>
<EventKey><![CDATA[http://www.fphealthy.com/shop/app/index.php?i=4&c=entry&m=ewei_shopv2&do=mobile&r=lottery]]></EventKey>
<MenuId>411154211</MenuId>
</xml>

2017-08-14 20:19:55 params :
------------
String:
array (
  'rule' => -2,
  'module' => '',
  'message' => 
  array (
    'tousername' => 'gh_457112fa2e21',
    'fromusername' => 'oBNJw1OU62I3pUUEPB8yYx30ZcCU',
    'createtime' => '1502713191',
    'msgtype' => 'event',
    'event' => 'VIEW',
    'eventkey' => 'http://www.fphealthy.com/shop/app/index.php?i=4&c=entry&m=ewei_shopv2&do=mobile&r=lottery',
    'menuid' => '411154211',
    'from' => 'oBNJw1OU62I3pUUEPB8yYx30ZcCU',
    'to' => 'gh_457112fa2e21',
    'time' => '1502713191',
    'type' => 'text',
    'content' => 'http://www.fphealthy.com/shop/app/index.php?i=4&c=entry&m=ewei_shopv2&do=mobile&r=lottery',
    'redirection' => true,
    'source' => 'VIEW',
  ),
)

2017-08-14 20:19:55 response :
------------

2017-08-14 20:20:00 trace :
------------
String:
<xml><ToUserName><![CDATA[gh_457112fa2e21]]></ToUserName>
<FromUserName><![CDATA[oBNJw1OU62I3pUUEPB8yYx30ZcCU]]></FromUserName>
<CreateTime>1502713191</CreateTime>
<MsgType><![CDATA[event]]></MsgType>
<Event><![CDATA[VIEW]]></Event>
<EventKey><![CDATA[http://www.fphealthy.com/shop/app/index.php?i=4&c=entry&m=ewei_shopv2&do=mobile&r=lottery]]></EventKey>
<MenuId>411154211</MenuId>
</xml>

2017-08-14 20:20:00 params :
------------
String:
array (
  'rule' => -2,
  'module' => '',
  'message' => 
  array (
    'tousername' => 'gh_457112fa2e21',
    'fromusername' => 'oBNJw1OU62I3pUUEPB8yYx30ZcCU',
    'createtime' => '1502713191',
    'msgtype' => 'event',
    'event' => 'VIEW',
    'eventkey' => 'http://www.fphealthy.com/shop/app/index.php?i=4&c=entry&m=ewei_shopv2&do=mobile&r=lottery',
    'menuid' => '411154211',
    'from' => 'oBNJw1OU62I3pUUEPB8yYx30ZcCU',
    'to' => 'gh_457112fa2e21',
    'time' => '1502713191',
    'type' => 'text',
    'content' => 'http://www.fphealthy.com/shop/app/index.php?i=4&c=entry&m=ewei_shopv2&do=mobile&r=lottery',
    'redirection' => true,
    'source' => 'VIEW',
  ),
)

2017-08-14 20:20:00 response :
------------

2017-08-14 20:20:00 trace :
------------
String:
<xml><ToUserName><![CDATA[gh_457112fa2e21]]></ToUserName>
<FromUserName><![CDATA[oBNJw1OU62I3pUUEPB8yYx30ZcCU]]></FromUserName>
<CreateTime>1502713201</CreateTime>
<MsgType><![CDATA[event]]></MsgType>
<Event><![CDATA[VIEW]]></Event>
<EventKey><![CDATA[http://www.fphealthy.com/shop/app/index.php?i=4&c=entry&m=ewei_shopv2&do=mobile&r=lottery]]></EventKey>
<MenuId>411154211</MenuId>
</xml>

2017-08-14 20:20:00 params :
------------
String:
array (
  'rule' => -2,
  'module' => '',
  'message' => 
  array (
    'tousername' => 'gh_457112fa2e21',
    'fromusername' => 'oBNJw1OU62I3pUUEPB8yYx30ZcCU',
    'createtime' => '1502713201',
    'msgtype' => 'event',
    'event' => 'VIEW',
    'eventkey' => 'http://www.fphealthy.com/shop/app/index.php?i=4&c=entry&m=ewei_shopv2&do=mobile&r=lottery',
    'menuid' => '411154211',
    'from' => 'oBNJw1OU62I3pUUEPB8yYx30ZcCU',
    'to' => 'gh_457112fa2e21',
    'time' => '1502713201',
    'type' => 'text',
    'content' => 'http://www.fphealthy.com/shop/app/index.php?i=4&c=entry&m=ewei_shopv2&do=mobile&r=lottery',
    'redirection' => true,
    'source' => 'VIEW',
  ),
)

2017-08-14 20:20:00 response :
------------

2017-08-14 20:20:02 trace :
------------
String:
<xml><ToUserName><![CDATA[gh_457112fa2e21]]></ToUserName>
<FromUserName><![CDATA[oBNJw1OU62I3pUUEPB8yYx30ZcCU]]></FromUserName>
<CreateTime>1502713191</CreateTime>
<MsgType><![CDATA[event]]></MsgType>
<Event><![CDATA[VIEW]]></Event>
<EventKey><![CDATA[http://www.fphealthy.com/shop/app/index.php?i=4&c=entry&m=ewei_shopv2&do=mobile&r=lottery]]></EventKey>
<MenuId>411154211</MenuId>
</xml>

2017-08-14 20:20:02 params :
------------
String:
array (
  'rule' => -2,
  'module' => '',
  'message' => 
  array (
    'tousername' => 'gh_457112fa2e21',
    'fromusername' => 'oBNJw1OU62I3pUUEPB8yYx30ZcCU',
    'createtime' => '1502713191',
    'msgtype' => 'event',
    'event' => 'VIEW',
    'eventkey' => 'http://www.fphealthy.com/shop/app/index.php?i=4&c=entry&m=ewei_shopv2&do=mobile&r=lottery',
    'menuid' => '411154211',
    'from' => 'oBNJw1OU62I3pUUEPB8yYx30ZcCU',
    'to' => 'gh_457112fa2e21',
    'time' => '1502713191',
    'type' => 'text',
    'content' => 'http://www.fphealthy.com/shop/app/index.php?i=4&c=entry&m=ewei_shopv2&do=mobile&r=lottery',
    'redirection' => true,
    'source' => 'VIEW',
  ),
)

2017-08-14 20:20:02 response :
------------

2017-08-14 20:42:27 trace :
------------
String:
<xml><ToUserName><![CDATA[gh_457112fa2e21]]></ToUserName>
<FromUserName><![CDATA[oBNJw1OU62I3pUUEPB8yYx30ZcCU]]></FromUserName>
<CreateTime>1502714547</CreateTime>
<MsgType><![CDATA[event]]></MsgType>
<Event><![CDATA[VIEW]]></Event>
<EventKey><![CDATA[http://www.fphealthy.com/shop/app/index.php?i=4&c=entry&eid=146]]></EventKey>
<MenuId>411154211</MenuId>
</xml>

2017-08-14 20:42:27 params :
------------
String:
array (
  'rule' => -2,
  'module' => '',
  'message' => 
  array (
    'tousername' => 'gh_457112fa2e21',
    'fromusername' => 'oBNJw1OU62I3pUUEPB8yYx30ZcCU',
    'createtime' => '1502714547',
    'msgtype' => 'event',
    'event' => 'VIEW',
    'eventkey' => 'http://www.fphealthy.com/shop/app/index.php?i=4&c=entry&eid=146',
    'menuid' => '411154211',
    'from' => 'oBNJw1OU62I3pUUEPB8yYx30ZcCU',
    'to' => 'gh_457112fa2e21',
    'time' => '1502714547',
    'type' => 'text',
    'content' => 'http://www.fphealthy.com/shop/app/index.php?i=4&c=entry&eid=146',
    'redirection' => true,
    'source' => 'VIEW',
  ),
)

2017-08-14 20:42:27 response :
------------

2017-08-14 20:44:07 trace :
------------
String:
<xml><ToUserName><![CDATA[gh_457112fa2e21]]></ToUserName>
<FromUserName><![CDATA[oBNJw1OU62I3pUUEPB8yYx30ZcCU]]></FromUserName>
<CreateTime>1502714643</CreateTime>
<MsgType><![CDATA[event]]></MsgType>
<Event><![CDATA[VIEW]]></Event>
<EventKey><![CDATA[http://www.fphealthy.com/shop/app/index.php?i=4&c=entry&eid=146]]></EventKey>
<MenuId>411154211</MenuId>
</xml>

2017-08-14 20:44:07 params :
------------
String:
array (
  'rule' => -2,
  'module' => '',
  'message' => 
  array (
    'tousername' => 'gh_457112fa2e21',
    'fromusername' => 'oBNJw1OU62I3pUUEPB8yYx30ZcCU',
    'createtime' => '1502714643',
    'msgtype' => 'event',
    'event' => 'VIEW',
    'eventkey' => 'http://www.fphealthy.com/shop/app/index.php?i=4&c=entry&eid=146',
    'menuid' => '411154211',
    'from' => 'oBNJw1OU62I3pUUEPB8yYx30ZcCU',
    'to' => 'gh_457112fa2e21',
    'time' => '1502714643',
    'type' => 'text',
    'content' => 'http://www.fphealthy.com/shop/app/index.php?i=4&c=entry&eid=146',
    'redirection' => true,
    'source' => 'VIEW',
  ),
)

2017-08-14 20:44:07 response :
------------

2017-08-14 20:44:13 trace :
------------
String:
<xml><ToUserName><![CDATA[gh_457112fa2e21]]></ToUserName>
<FromUserName><![CDATA[oBNJw1OU62I3pUUEPB8yYx30ZcCU]]></FromUserName>
<CreateTime>1502714643</CreateTime>
<MsgType><![CDATA[event]]></MsgType>
<Event><![CDATA[VIEW]]></Event>
<EventKey><![CDATA[http://www.fphealthy.com/shop/app/index.php?i=4&c=entry&eid=146]]></EventKey>
<MenuId>411154211</MenuId>
</xml>

2017-08-14 20:44:13 params :
------------
String:
array (
  'rule' => -2,
  'module' => '',
  'message' => 
  array (
    'tousername' => 'gh_457112fa2e21',
    'fromusername' => 'oBNJw1OU62I3pUUEPB8yYx30ZcCU',
    'createtime' => '1502714643',
    'msgtype' => 'event',
    'event' => 'VIEW',
    'eventkey' => 'http://www.fphealthy.com/shop/app/index.php?i=4&c=entry&eid=146',
    'menuid' => '411154211',
    'from' => 'oBNJw1OU62I3pUUEPB8yYx30ZcCU',
    'to' => 'gh_457112fa2e21',
    'time' => '1502714643',
    'type' => 'text',
    'content' => 'http://www.fphealthy.com/shop/app/index.php?i=4&c=entry&eid=146',
    'redirection' => true,
    'source' => 'VIEW',
  ),
)

2017-08-14 20:44:13 response :
------------

2017-08-14 20:44:13 trace :
------------
String:
<xml><ToUserName><![CDATA[gh_457112fa2e21]]></ToUserName>
<FromUserName><![CDATA[oBNJw1OU62I3pUUEPB8yYx30ZcCU]]></FromUserName>
<CreateTime>1502714643</CreateTime>
<MsgType><![CDATA[event]]></MsgType>
<Event><![CDATA[VIEW]]></Event>
<EventKey><![CDATA[http://www.fphealthy.com/shop/app/index.php?i=4&c=entry&eid=146]]></EventKey>
<MenuId>411154211</MenuId>
</xml>

2017-08-14 20:44:13 params :
------------
String:
array (
  'rule' => -2,
  'module' => '',
  'message' => 
  array (
    'tousername' => 'gh_457112fa2e21',
    'fromusername' => 'oBNJw1OU62I3pUUEPB8yYx30ZcCU',
    'createtime' => '1502714643',
    'msgtype' => 'event',
    'event' => 'VIEW',
    'eventkey' => 'http://www.fphealthy.com/shop/app/index.php?i=4&c=entry&eid=146',
    'menuid' => '411154211',
    'from' => 'oBNJw1OU62I3pUUEPB8yYx30ZcCU',
    'to' => 'gh_457112fa2e21',
    'time' => '1502714643',
    'type' => 'text',
    'content' => 'http://www.fphealthy.com/shop/app/index.php?i=4&c=entry&eid=146',
    'redirection' => true,
    'source' => 'VIEW',
  ),
)

2017-08-14 20:44:13 response :
------------

