2017-12-18 16:59:57 trace :
------------
String:
<xml><ToUserName><![CDATA[gh_457112fa2e21]]></ToUserName>
<FromUserName><![CDATA[oBNJw1OU62I3pUUEPB8yYx30ZcCU]]></FromUserName>
<CreateTime>1513587587</CreateTime>
<MsgType><![CDATA[event]]></MsgType>
<Event><![CDATA[VIEW]]></Event>
<EventKey><![CDATA[http://www.fphealthy.com/shop/app/index.php?i=4&c=entry&eid=146]]></EventKey>
<MenuId>411154211</MenuId>
</xml>

2017-12-18 16:59:57 params :
------------
String:
array (
  'rule' => -2,
  'module' => '',
  'message' => 
  array (
    'tousername' => 'gh_457112fa2e21',
    'fromusername' => 'oBNJw1OU62I3pUUEPB8yYx30ZcCU',
    'createtime' => '1513587587',
    'msgtype' => 'event',
    'event' => 'VIEW',
    'eventkey' => 'http://www.fphealthy.com/shop/app/index.php?i=4&c=entry&eid=146',
    'menuid' => '411154211',
    'from' => 'oBNJw1OU62I3pUUEPB8yYx30ZcCU',
    'to' => 'gh_457112fa2e21',
    'time' => '1513587587',
    'type' => 'text',
    'content' => 'http://www.fphealthy.com/shop/app/index.php?i=4&c=entry&eid=146',
    'redirection' => true,
    'source' => 'VIEW',
  ),
)

2017-12-18 16:59:57 response :
------------

2017-12-18 17:03:05 trace :
------------
String:
<xml><ToUserName><![CDATA[gh_457112fa2e21]]></ToUserName>
<FromUserName><![CDATA[oBNJw1OU62I3pUUEPB8yYx30ZcCU]]></FromUserName>
<CreateTime>1513587785</CreateTime>
<MsgType><![CDATA[event]]></MsgType>
<Event><![CDATA[VIEW]]></Event>
<EventKey><![CDATA[http://www.fphealthy.com/shop/app/index.php?i=4&c=entry&eid=146]]></EventKey>
<MenuId>411154211</MenuId>
</xml>

2017-12-18 17:03:05 params :
------------
String:
array (
  'rule' => -2,
  'module' => '',
  'message' => 
  array (
    'tousername' => 'gh_457112fa2e21',
    'fromusername' => 'oBNJw1OU62I3pUUEPB8yYx30ZcCU',
    'createtime' => '1513587785',
    'msgtype' => 'event',
    'event' => 'VIEW',
    'eventkey' => 'http://www.fphealthy.com/shop/app/index.php?i=4&c=entry&eid=146',
    'menuid' => '411154211',
    'from' => 'oBNJw1OU62I3pUUEPB8yYx30ZcCU',
    'to' => 'gh_457112fa2e21',
    'time' => '1513587785',
    'type' => 'text',
    'content' => 'http://www.fphealthy.com/shop/app/index.php?i=4&c=entry&eid=146',
    'redirection' => true,
    'source' => 'VIEW',
  ),
)

2017-12-18 17:03:05 response :
------------

2017-12-18 17:34:15 trace :
------------
String:
<xml><ToUserName><![CDATA[gh_457112fa2e21]]></ToUserName>
<FromUserName><![CDATA[oBNJw1OU62I3pUUEPB8yYx30ZcCU]]></FromUserName>
<CreateTime>1513589656</CreateTime>
<MsgType><![CDATA[event]]></MsgType>
<Event><![CDATA[VIEW]]></Event>
<EventKey><![CDATA[http://www.fphealthy.com/shop/app/index.php?i=4&c=entry&eid=146]]></EventKey>
<MenuId>411154211</MenuId>
</xml>

2017-12-18 17:34:15 params :
------------
String:
array (
  'rule' => -2,
  'module' => '',
  'message' => 
  array (
    'tousername' => 'gh_457112fa2e21',
    'fromusername' => 'oBNJw1OU62I3pUUEPB8yYx30ZcCU',
    'createtime' => '1513589656',
    'msgtype' => 'event',
    'event' => 'VIEW',
    'eventkey' => 'http://www.fphealthy.com/shop/app/index.php?i=4&c=entry&eid=146',
    'menuid' => '411154211',
    'from' => 'oBNJw1OU62I3pUUEPB8yYx30ZcCU',
    'to' => 'gh_457112fa2e21',
    'time' => '1513589656',
    'type' => 'text',
    'content' => 'http://www.fphealthy.com/shop/app/index.php?i=4&c=entry&eid=146',
    'redirection' => true,
    'source' => 'VIEW',
  ),
)

2017-12-18 17:34:15 response :
------------

2017-12-18 17:36:38 trace :
------------
String:
<xml><ToUserName><![CDATA[gh_457112fa2e21]]></ToUserName>
<FromUserName><![CDATA[oBNJw1OU62I3pUUEPB8yYx30ZcCU]]></FromUserName>
<CreateTime>1513589799</CreateTime>
<MsgType><![CDATA[event]]></MsgType>
<Event><![CDATA[VIEW]]></Event>
<EventKey><![CDATA[http://www.fphealthy.com/shop/app/index.php?i=4&c=entry&m=ewei_shopv2&do=mobile&r=member]]></EventKey>
<MenuId>411154211</MenuId>
</xml>

2017-12-18 17:36:38 params :
------------
String:
array (
  'rule' => -2,
  'module' => '',
  'message' => 
  array (
    'tousername' => 'gh_457112fa2e21',
    'fromusername' => 'oBNJw1OU62I3pUUEPB8yYx30ZcCU',
    'createtime' => '1513589799',
    'msgtype' => 'event',
    'event' => 'VIEW',
    'eventkey' => 'http://www.fphealthy.com/shop/app/index.php?i=4&c=entry&m=ewei_shopv2&do=mobile&r=member',
    'menuid' => '411154211',
    'from' => 'oBNJw1OU62I3pUUEPB8yYx30ZcCU',
    'to' => 'gh_457112fa2e21',
    'time' => '1513589799',
    'type' => 'text',
    'content' => 'http://www.fphealthy.com/shop/app/index.php?i=4&c=entry&m=ewei_shopv2&do=mobile&r=member',
    'redirection' => true,
    'source' => 'VIEW',
  ),
)

2017-12-18 17:36:38 response :
------------

