2017-08-09 20:30:35 trace :
------------
String:
<xml><ToUserName><![CDATA[gh_457112fa2e21]]></ToUserName>
<FromUserName><![CDATA[oBNJw1OU62I3pUUEPB8yYx30ZcCU]]></FromUserName>
<CreateTime>1502281836</CreateTime>
<MsgType><![CDATA[event]]></MsgType>
<Event><![CDATA[subscribe]]></Event>
<EventKey><![CDATA[]]></EventKey>
</xml>

2017-08-09 20:30:35 params :
------------
String:
array (
  'message' => 
  array (
    'tousername' => 'gh_457112fa2e21',
    'fromusername' => 'oBNJw1OU62I3pUUEPB8yYx30ZcCU',
    'createtime' => '1502281836',
    'msgtype' => 'event',
    'event' => 'subscribe',
    'eventkey' => '',
    'from' => 'oBNJw1OU62I3pUUEPB8yYx30ZcCU',
    'to' => 'gh_457112fa2e21',
    'time' => '1502281836',
    'type' => 'text',
    'redirection' => true,
    'source' => 'subscribe',
    'content' => '商城',
  ),
  'module' => 'cover',
  'rule' => '18',
  'priority' => '0',
  'keyword' => 
  array (
    'id' => '24',
    'rid' => '18',
    'uniacid' => '4',
    'module' => 'cover',
    'content' => '商城',
    'type' => '1',
    'displayorder' => '0',
    'status' => '1',
  ),
)

2017-08-09 20:30:35 response :
------------
Array:
FromUserName : gh_457112fa2e21 ;
ToUserName : oBNJw1OU62I3pUUEPB8yYx30ZcCU ;
MsgType : news ;
ArticleCount : 1 ;
Articles : Array ;

2017-08-09 20:30:38 trace :
------------
String:
<xml><ToUserName><![CDATA[gh_457112fa2e21]]></ToUserName>
<FromUserName><![CDATA[oBNJw1OU62I3pUUEPB8yYx30ZcCU]]></FromUserName>
<CreateTime>1502281839</CreateTime>
<MsgType><![CDATA[event]]></MsgType>
<Event><![CDATA[VIEW]]></Event>
<EventKey><![CDATA[http://www.fphealthy.com/shop/app/index.php?i=4&c=entry&eid=146]]></EventKey>
<MenuId>411151750</MenuId>
</xml>

2017-08-09 20:30:38 params :
------------
String:
array (
  'message' => 
  array (
    'tousername' => 'gh_457112fa2e21',
    'fromusername' => 'oBNJw1OU62I3pUUEPB8yYx30ZcCU',
    'createtime' => '1502281839',
    'msgtype' => 'event',
    'event' => 'VIEW',
    'eventkey' => 'http://www.fphealthy.com/shop/app/index.php?i=4&c=entry&eid=146',
    'menuid' => '411151750',
    'from' => 'oBNJw1OU62I3pUUEPB8yYx30ZcCU',
    'to' => 'gh_457112fa2e21',
    'time' => '1502281839',
    'type' => 'text',
    'content' => 'http://www.fphealthy.com/shop/app/index.php?i=4&c=entry&eid=146',
    'redirection' => true,
    'source' => 'VIEW',
  ),
  'module' => 'default',
  'rule' => '-1',
)

2017-08-09 20:30:38 response :
------------
Array:
params : Array ;

2017-08-09 20:34:28 trace :
------------
String:
<xml><ToUserName><![CDATA[gh_457112fa2e21]]></ToUserName>
<FromUserName><![CDATA[oBNJw1OU62I3pUUEPB8yYx30ZcCU]]></FromUserName>
<CreateTime>1502282068</CreateTime>
<MsgType><![CDATA[text]]></MsgType>
<Content><![CDATA[http://www.fphealthy.com/shop/app/index.php?i=4&c=entry&m=ewei_shopv2&do=mobile]]></Content>
<MsgId>6452252351838400428</MsgId>
</xml>

2017-08-09 20:34:28 params :
------------
String:
array (
  'message' => 
  array (
    'tousername' => 'gh_457112fa2e21',
    'fromusername' => 'oBNJw1OU62I3pUUEPB8yYx30ZcCU',
    'createtime' => '1502282068',
    'msgtype' => 'text',
    'content' => 'http://www.fphealthy.com/shop/app/index.php?i=4&c=entry&m=ewei_shopv2&do=mobile',
    'msgid' => '6452252351838400428',
    'from' => 'oBNJw1OU62I3pUUEPB8yYx30ZcCU',
    'to' => 'gh_457112fa2e21',
    'time' => '1502282068',
    'type' => 'text',
    'event' => NULL,
    'redirection' => false,
    'source' => NULL,
  ),
  'module' => 'default',
  'rule' => '-1',
)

2017-08-09 20:34:28 response :
------------
Array:
params : Array ;

2017-08-09 20:34:32 trace :
------------
String:
<xml><ToUserName><![CDATA[gh_457112fa2e21]]></ToUserName>
<FromUserName><![CDATA[oBNJw1OU62I3pUUEPB8yYx30ZcCU]]></FromUserName>
<CreateTime>1502282073</CreateTime>
<MsgType><![CDATA[event]]></MsgType>
<Event><![CDATA[VIEW]]></Event>
<EventKey><![CDATA[http://www.fphealthy.com/shop/app/index.php?i=4&c=entry&eid=146]]></EventKey>
<MenuId>411151750</MenuId>
</xml>

2017-08-09 20:34:32 params :
------------
String:
array (
  'message' => 
  array (
    'tousername' => 'gh_457112fa2e21',
    'fromusername' => 'oBNJw1OU62I3pUUEPB8yYx30ZcCU',
    'createtime' => '1502282073',
    'msgtype' => 'event',
    'event' => 'VIEW',
    'eventkey' => 'http://www.fphealthy.com/shop/app/index.php?i=4&c=entry&eid=146',
    'menuid' => '411151750',
    'from' => 'oBNJw1OU62I3pUUEPB8yYx30ZcCU',
    'to' => 'gh_457112fa2e21',
    'time' => '1502282073',
    'type' => 'text',
    'content' => 'http://www.fphealthy.com/shop/app/index.php?i=4&c=entry&eid=146',
    'redirection' => true,
    'source' => 'VIEW',
  ),
  'module' => 'default',
  'rule' => '-1',
)

2017-08-09 20:34:32 response :
------------
Array:
params : Array ;

2017-08-09 20:34:40 trace :
------------
String:
<xml><ToUserName><![CDATA[gh_457112fa2e21]]></ToUserName>
<FromUserName><![CDATA[oBNJw1OU62I3pUUEPB8yYx30ZcCU]]></FromUserName>
<CreateTime>1502282081</CreateTime>
<MsgType><![CDATA[text]]></MsgType>
<Content><![CDATA[啊]]></Content>
<MsgId>6452252407672975280</MsgId>
</xml>

2017-08-09 20:34:40 params :
------------
String:
array (
  'message' => 
  array (
    'tousername' => 'gh_457112fa2e21',
    'fromusername' => 'oBNJw1OU62I3pUUEPB8yYx30ZcCU',
    'createtime' => '1502282081',
    'msgtype' => 'text',
    'content' => '啊',
    'msgid' => '6452252407672975280',
    'from' => 'oBNJw1OU62I3pUUEPB8yYx30ZcCU',
    'to' => 'gh_457112fa2e21',
    'time' => '1502282081',
    'type' => 'text',
    'event' => NULL,
    'redirection' => false,
    'source' => NULL,
  ),
  'module' => 'default',
  'rule' => '-1',
)

2017-08-09 20:34:40 response :
------------
Array:
params : Array ;

2017-08-09 20:34:50 trace :
------------
String:
<xml><ToUserName><![CDATA[gh_457112fa2e21]]></ToUserName>
<FromUserName><![CDATA[oBNJw1OU62I3pUUEPB8yYx30ZcCU]]></FromUserName>
<CreateTime>1502282091</CreateTime>
<MsgType><![CDATA[text]]></MsgType>
<Content><![CDATA[不清楚]]></Content>
<MsgId>6452252450622648246</MsgId>
</xml>

2017-08-09 20:34:50 params :
------------
String:
array (
  'message' => 
  array (
    'tousername' => 'gh_457112fa2e21',
    'fromusername' => 'oBNJw1OU62I3pUUEPB8yYx30ZcCU',
    'createtime' => '1502282091',
    'msgtype' => 'text',
    'content' => '不清楚',
    'msgid' => '6452252450622648246',
    'from' => 'oBNJw1OU62I3pUUEPB8yYx30ZcCU',
    'to' => 'gh_457112fa2e21',
    'time' => '1502282091',
    'type' => 'text',
    'event' => NULL,
    'redirection' => false,
    'source' => NULL,
  ),
  'module' => 'default',
  'rule' => '-1',
)

2017-08-09 20:34:50 response :
------------
Array:
params : Array ;

2017-08-09 20:34:56 trace :
------------
String:
<xml><ToUserName><![CDATA[gh_457112fa2e21]]></ToUserName>
<FromUserName><![CDATA[oBNJw1OU62I3pUUEPB8yYx30ZcCU]]></FromUserName>
<CreateTime>1502282097</CreateTime>
<MsgType><![CDATA[text]]></MsgType>
<Content><![CDATA[商城]]></Content>
<MsgId>6452252476392452025</MsgId>
</xml>

2017-08-09 20:34:56 params :
------------
String:
array (
  'message' => 
  array (
    'tousername' => 'gh_457112fa2e21',
    'fromusername' => 'oBNJw1OU62I3pUUEPB8yYx30ZcCU',
    'createtime' => '1502282097',
    'msgtype' => 'text',
    'content' => '商城',
    'msgid' => '6452252476392452025',
    'from' => 'oBNJw1OU62I3pUUEPB8yYx30ZcCU',
    'to' => 'gh_457112fa2e21',
    'time' => '1502282097',
    'type' => 'text',
    'event' => NULL,
    'redirection' => false,
    'source' => NULL,
  ),
  'module' => 'cover',
  'rule' => '18',
  'priority' => '0',
  'keyword' => 
  array (
    'id' => '24',
    'rid' => '18',
    'uniacid' => '4',
    'module' => 'cover',
    'content' => '商城',
    'type' => '1',
    'displayorder' => '0',
    'status' => '1',
  ),
)

2017-08-09 20:34:56 response :
------------
Array:
FromUserName : gh_457112fa2e21 ;
ToUserName : oBNJw1OU62I3pUUEPB8yYx30ZcCU ;
MsgType : news ;
ArticleCount : 1 ;
Articles : Array ;

2017-08-09 20:35:26 trace :
------------
String:
<xml><ToUserName><![CDATA[gh_457112fa2e21]]></ToUserName>
<FromUserName><![CDATA[oBNJw1OU62I3pUUEPB8yYx30ZcCU]]></FromUserName>
<CreateTime>1502282127</CreateTime>
<MsgType><![CDATA[text]]></MsgType>
<Content><![CDATA[哦哦哦]]></Content>
<MsgId>6452252605241470915</MsgId>
</xml>

2017-08-09 20:35:26 params :
------------
String:
array (
  'rule' => -2,
  'module' => '',
  'message' => 
  array (
    'tousername' => 'gh_457112fa2e21',
    'fromusername' => 'oBNJw1OU62I3pUUEPB8yYx30ZcCU',
    'createtime' => '1502282127',
    'msgtype' => 'text',
    'content' => '哦哦哦',
    'msgid' => '6452252605241470915',
    'from' => 'oBNJw1OU62I3pUUEPB8yYx30ZcCU',
    'to' => 'gh_457112fa2e21',
    'time' => '1502282127',
    'type' => 'text',
    'event' => NULL,
    'redirection' => false,
    'source' => NULL,
  ),
)

2017-08-09 20:35:26 response :
------------

2017-08-09 20:36:19 trace :
------------
String:
<xml><ToUserName><![CDATA[gh_457112fa2e21]]></ToUserName>
<FromUserName><![CDATA[oBNJw1OU62I3pUUEPB8yYx30ZcCU]]></FromUserName>
<CreateTime>1502282180</CreateTime>
<MsgType><![CDATA[text]]></MsgType>
<Content><![CDATA[https://mp.weixin.qq.com/mp/profile_ext?action=home&__biz=MzU2NDE2MzU4OA==&scene=124#wechat_redirect]]></Content>
<MsgId>6452252832874737617</MsgId>
</xml>

2017-08-09 20:36:19 params :
------------
String:
array (
  'rule' => -2,
  'module' => '',
  'message' => 
  array (
    'tousername' => 'gh_457112fa2e21',
    'fromusername' => 'oBNJw1OU62I3pUUEPB8yYx30ZcCU',
    'createtime' => '1502282180',
    'msgtype' => 'text',
    'content' => 'https://mp.weixin.qq.com/mp/profile_ext?action=home&__biz=MzU2NDE2MzU4OA==&scene=124#wechat_redirect',
    'msgid' => '6452252832874737617',
    'from' => 'oBNJw1OU62I3pUUEPB8yYx30ZcCU',
    'to' => 'gh_457112fa2e21',
    'time' => '1502282180',
    'type' => 'text',
    'event' => NULL,
    'redirection' => false,
    'source' => NULL,
  ),
)

2017-08-09 20:36:19 response :
------------

2017-08-09 20:37:01 trace :
------------
String:
<xml><ToUserName><![CDATA[gh_457112fa2e21]]></ToUserName>
<FromUserName><![CDATA[oBNJw1JSRPLZZ9lAvox1uflsmBbc]]></FromUserName>
<CreateTime>1502282222</CreateTime>
<MsgType><![CDATA[event]]></MsgType>
<Event><![CDATA[subscribe]]></Event>
<EventKey><![CDATA[]]></EventKey>
</xml>

2017-08-09 20:37:01 params :
------------
String:
array (
  'message' => 
  array (
    'tousername' => 'gh_457112fa2e21',
    'fromusername' => 'oBNJw1JSRPLZZ9lAvox1uflsmBbc',
    'createtime' => '1502282222',
    'msgtype' => 'event',
    'event' => 'subscribe',
    'eventkey' => '',
    'from' => 'oBNJw1JSRPLZZ9lAvox1uflsmBbc',
    'to' => 'gh_457112fa2e21',
    'time' => '1502282222',
    'type' => 'text',
    'redirection' => true,
    'source' => 'subscribe',
    'content' => '商城',
  ),
  'module' => 'cover',
  'rule' => '18',
  'priority' => '0',
  'keyword' => 
  array (
    'id' => '24',
    'rid' => '18',
    'uniacid' => '4',
    'module' => 'cover',
    'content' => '商城',
    'type' => '1',
    'displayorder' => '0',
    'status' => '1',
  ),
)

2017-08-09 20:37:01 response :
------------
Array:
FromUserName : gh_457112fa2e21 ;
ToUserName : oBNJw1JSRPLZZ9lAvox1uflsmBbc ;
MsgType : news ;
ArticleCount : 1 ;
Articles : Array ;

2017-08-09 20:39:20 trace :
------------
String:
<xml><ToUserName><![CDATA[gh_457112fa2e21]]></ToUserName>
<FromUserName><![CDATA[oBNJw1Nr0vwF3flCiB1n4oVxLJL0]]></FromUserName>
<CreateTime>1502282361</CreateTime>
<MsgType><![CDATA[event]]></MsgType>
<Event><![CDATA[subscribe]]></Event>
<EventKey><![CDATA[]]></EventKey>
</xml>

2017-08-09 20:39:20 params :
------------
String:
array (
  'message' => 
  array (
    'tousername' => 'gh_457112fa2e21',
    'fromusername' => 'oBNJw1Nr0vwF3flCiB1n4oVxLJL0',
    'createtime' => '1502282361',
    'msgtype' => 'event',
    'event' => 'subscribe',
    'eventkey' => '',
    'from' => 'oBNJw1Nr0vwF3flCiB1n4oVxLJL0',
    'to' => 'gh_457112fa2e21',
    'time' => '1502282361',
    'type' => 'text',
    'redirection' => true,
    'source' => 'subscribe',
    'content' => '商城',
  ),
  'module' => 'cover',
  'rule' => '18',
  'priority' => '0',
  'keyword' => 
  array (
    'id' => '24',
    'rid' => '18',
    'uniacid' => '4',
    'module' => 'cover',
    'content' => '商城',
    'type' => '1',
    'displayorder' => '0',
    'status' => '1',
  ),
)

2017-08-09 20:39:20 response :
------------
Array:
FromUserName : gh_457112fa2e21 ;
ToUserName : oBNJw1Nr0vwF3flCiB1n4oVxLJL0 ;
MsgType : news ;
ArticleCount : 1 ;
Articles : Array ;

2017-08-09 20:39:28 trace :
------------
String:
<xml><ToUserName><![CDATA[gh_457112fa2e21]]></ToUserName>
<FromUserName><![CDATA[oBNJw1Nr0vwF3flCiB1n4oVxLJL0]]></FromUserName>
<CreateTime>1502282370</CreateTime>
<MsgType><![CDATA[event]]></MsgType>
<Event><![CDATA[VIEW]]></Event>
<EventKey><![CDATA[http://www.fphealthy.com/shop/app/index.php?i=4&c=entry&eid=146]]></EventKey>
<MenuId>411151750</MenuId>
</xml>

2017-08-09 20:39:28 params :
------------
String:
array (
  'rule' => -2,
  'module' => '',
  'message' => 
  array (
    'tousername' => 'gh_457112fa2e21',
    'fromusername' => 'oBNJw1Nr0vwF3flCiB1n4oVxLJL0',
    'createtime' => '1502282370',
    'msgtype' => 'event',
    'event' => 'VIEW',
    'eventkey' => 'http://www.fphealthy.com/shop/app/index.php?i=4&c=entry&eid=146',
    'menuid' => '411151750',
    'from' => 'oBNJw1Nr0vwF3flCiB1n4oVxLJL0',
    'to' => 'gh_457112fa2e21',
    'time' => '1502282370',
    'type' => 'text',
    'content' => 'http://www.fphealthy.com/shop/app/index.php?i=4&c=entry&eid=146',
    'redirection' => true,
    'source' => 'VIEW',
  ),
)

2017-08-09 20:39:28 response :
------------

2017-08-09 21:09:39 trace :
------------
String:
<xml><ToUserName><![CDATA[gh_457112fa2e21]]></ToUserName>
<FromUserName><![CDATA[oBNJw1OU62I3pUUEPB8yYx30ZcCU]]></FromUserName>
<CreateTime>1502284180</CreateTime>
<MsgType><![CDATA[event]]></MsgType>
<Event><![CDATA[VIEW]]></Event>
<EventKey><![CDATA[http://www.fphealthy.com/shop/app/index.php?i=4&c=entry&eid=146]]></EventKey>
<MenuId>411151750</MenuId>
</xml>

2017-08-09 21:09:39 params :
------------
String:
array (
  'rule' => -2,
  'module' => '',
  'message' => 
  array (
    'tousername' => 'gh_457112fa2e21',
    'fromusername' => 'oBNJw1OU62I3pUUEPB8yYx30ZcCU',
    'createtime' => '1502284180',
    'msgtype' => 'event',
    'event' => 'VIEW',
    'eventkey' => 'http://www.fphealthy.com/shop/app/index.php?i=4&c=entry&eid=146',
    'menuid' => '411151750',
    'from' => 'oBNJw1OU62I3pUUEPB8yYx30ZcCU',
    'to' => 'gh_457112fa2e21',
    'time' => '1502284180',
    'type' => 'text',
    'content' => 'http://www.fphealthy.com/shop/app/index.php?i=4&c=entry&eid=146',
    'redirection' => true,
    'source' => 'VIEW',
  ),
)

2017-08-09 21:09:39 response :
------------

2017-08-09 21:10:07 trace :
------------
String:
<xml><ToUserName><![CDATA[gh_457112fa2e21]]></ToUserName>
<FromUserName><![CDATA[oBNJw1OU62I3pUUEPB8yYx30ZcCU]]></FromUserName>
<CreateTime>1502284208</CreateTime>
<MsgType><![CDATA[event]]></MsgType>
<Event><![CDATA[unsubscribe]]></Event>
<EventKey><![CDATA[]]></EventKey>
</xml>

2017-08-09 21:11:30 trace :
------------
String:
<xml><ToUserName><![CDATA[gh_457112fa2e21]]></ToUserName>
<FromUserName><![CDATA[oBNJw1OU62I3pUUEPB8yYx30ZcCU]]></FromUserName>
<CreateTime>1502284291</CreateTime>
<MsgType><![CDATA[event]]></MsgType>
<Event><![CDATA[subscribe]]></Event>
<EventKey><![CDATA[]]></EventKey>
</xml>

2017-08-09 21:11:30 params :
------------
String:
array (
  'message' => 
  array (
    'tousername' => 'gh_457112fa2e21',
    'fromusername' => 'oBNJw1OU62I3pUUEPB8yYx30ZcCU',
    'createtime' => '1502284291',
    'msgtype' => 'event',
    'event' => 'subscribe',
    'eventkey' => '',
    'from' => 'oBNJw1OU62I3pUUEPB8yYx30ZcCU',
    'to' => 'gh_457112fa2e21',
    'time' => '1502284291',
    'type' => 'text',
    'redirection' => true,
    'source' => 'subscribe',
    'content' => '商城',
  ),
  'module' => 'cover',
  'rule' => '18',
  'priority' => '0',
  'keyword' => 
  array (
    'id' => '24',
    'rid' => '18',
    'uniacid' => '4',
    'module' => 'cover',
    'content' => '商城',
    'type' => '1',
    'displayorder' => '0',
    'status' => '1',
  ),
)

2017-08-09 21:11:30 response :
------------
Array:
FromUserName : gh_457112fa2e21 ;
ToUserName : oBNJw1OU62I3pUUEPB8yYx30ZcCU ;
MsgType : news ;
ArticleCount : 1 ;
Articles : Array ;

2017-08-09 21:12:06 trace :
------------
String:
<xml><ToUserName><![CDATA[gh_457112fa2e21]]></ToUserName>
<FromUserName><![CDATA[oBNJw1OU62I3pUUEPB8yYx30ZcCU]]></FromUserName>
<CreateTime>1502284327</CreateTime>
<MsgType><![CDATA[event]]></MsgType>
<Event><![CDATA[unsubscribe]]></Event>
<EventKey><![CDATA[]]></EventKey>
</xml>

2017-08-09 21:22:02 trace :
------------
String:
<xml><ToUserName><![CDATA[gh_457112fa2e21]]></ToUserName>
<FromUserName><![CDATA[oBNJw1DTQh80WAoDr4EEoAw4jKDA]]></FromUserName>
<CreateTime>1502284923</CreateTime>
<MsgType><![CDATA[event]]></MsgType>
<Event><![CDATA[subscribe]]></Event>
<EventKey><![CDATA[]]></EventKey>
</xml>

2017-08-09 21:22:02 params :
------------
String:
array (
  'message' => 
  array (
    'tousername' => 'gh_457112fa2e21',
    'fromusername' => 'oBNJw1DTQh80WAoDr4EEoAw4jKDA',
    'createtime' => '1502284923',
    'msgtype' => 'event',
    'event' => 'subscribe',
    'eventkey' => '',
    'from' => 'oBNJw1DTQh80WAoDr4EEoAw4jKDA',
    'to' => 'gh_457112fa2e21',
    'time' => '1502284923',
    'type' => 'text',
    'redirection' => true,
    'source' => 'subscribe',
    'content' => '商城',
  ),
  'module' => 'cover',
  'rule' => '18',
  'priority' => '0',
  'keyword' => 
  array (
    'id' => '24',
    'rid' => '18',
    'uniacid' => '4',
    'module' => 'cover',
    'content' => '商城',
    'type' => '1',
    'displayorder' => '0',
    'status' => '1',
  ),
)

2017-08-09 21:22:02 response :
------------
Array:
FromUserName : gh_457112fa2e21 ;
ToUserName : oBNJw1DTQh80WAoDr4EEoAw4jKDA ;
MsgType : news ;
ArticleCount : 1 ;
Articles : Array ;

2017-08-09 21:22:09 trace :
------------
String:
<xml><ToUserName><![CDATA[gh_457112fa2e21]]></ToUserName>
<FromUserName><![CDATA[oBNJw1DTQh80WAoDr4EEoAw4jKDA]]></FromUserName>
<CreateTime>1502284930</CreateTime>
<MsgType><![CDATA[event]]></MsgType>
<Event><![CDATA[VIEW]]></Event>
<EventKey><![CDATA[http://www.fphealthy.com/shop/app/index.php?i=4&c=entry&eid=146]]></EventKey>
<MenuId>411151750</MenuId>
</xml>

2017-08-09 21:22:09 params :
------------
String:
array (
  'rule' => -2,
  'module' => '',
  'message' => 
  array (
    'tousername' => 'gh_457112fa2e21',
    'fromusername' => 'oBNJw1DTQh80WAoDr4EEoAw4jKDA',
    'createtime' => '1502284930',
    'msgtype' => 'event',
    'event' => 'VIEW',
    'eventkey' => 'http://www.fphealthy.com/shop/app/index.php?i=4&c=entry&eid=146',
    'menuid' => '411151750',
    'from' => 'oBNJw1DTQh80WAoDr4EEoAw4jKDA',
    'to' => 'gh_457112fa2e21',
    'time' => '1502284930',
    'type' => 'text',
    'content' => 'http://www.fphealthy.com/shop/app/index.php?i=4&c=entry&eid=146',
    'redirection' => true,
    'source' => 'VIEW',
  ),
)

2017-08-09 21:22:09 response :
------------

2017-08-09 21:22:09 trace :
------------
String:
<xml><ToUserName><![CDATA[gh_457112fa2e21]]></ToUserName>
<FromUserName><![CDATA[oBNJw1DTQh80WAoDr4EEoAw4jKDA]]></FromUserName>
<CreateTime>1502284930</CreateTime>
<MsgType><![CDATA[event]]></MsgType>
<Event><![CDATA[VIEW]]></Event>
<EventKey><![CDATA[http://www.fphealthy.com/shop/app/index.php?i=4&c=entry&eid=146]]></EventKey>
<MenuId>411151750</MenuId>
</xml>

2017-08-09 21:22:09 params :
------------
String:
array (
  'rule' => -2,
  'module' => '',
  'message' => 
  array (
    'tousername' => 'gh_457112fa2e21',
    'fromusername' => 'oBNJw1DTQh80WAoDr4EEoAw4jKDA',
    'createtime' => '1502284930',
    'msgtype' => 'event',
    'event' => 'VIEW',
    'eventkey' => 'http://www.fphealthy.com/shop/app/index.php?i=4&c=entry&eid=146',
    'menuid' => '411151750',
    'from' => 'oBNJw1DTQh80WAoDr4EEoAw4jKDA',
    'to' => 'gh_457112fa2e21',
    'time' => '1502284930',
    'type' => 'text',
    'content' => 'http://www.fphealthy.com/shop/app/index.php?i=4&c=entry&eid=146',
    'redirection' => true,
    'source' => 'VIEW',
  ),
)

2017-08-09 21:22:09 response :
------------

2017-08-09 21:34:56 trace :
------------
String:
<xml><ToUserName><![CDATA[gh_457112fa2e21]]></ToUserName>
<FromUserName><![CDATA[oBNJw1OU62I3pUUEPB8yYx30ZcCU]]></FromUserName>
<CreateTime>1502285697</CreateTime>
<MsgType><![CDATA[event]]></MsgType>
<Event><![CDATA[subscribe]]></Event>
<EventKey><![CDATA[]]></EventKey>
</xml>

2017-08-09 21:34:56 params :
------------
String:
array (
  'message' => 
  array (
    'tousername' => 'gh_457112fa2e21',
    'fromusername' => 'oBNJw1OU62I3pUUEPB8yYx30ZcCU',
    'createtime' => '1502285697',
    'msgtype' => 'event',
    'event' => 'subscribe',
    'eventkey' => '',
    'from' => 'oBNJw1OU62I3pUUEPB8yYx30ZcCU',
    'to' => 'gh_457112fa2e21',
    'time' => '1502285697',
    'type' => 'text',
    'redirection' => true,
    'source' => 'subscribe',
    'content' => '商城',
  ),
  'module' => 'cover',
  'rule' => '18',
  'priority' => '0',
  'keyword' => 
  array (
    'id' => '24',
    'rid' => '18',
    'uniacid' => '4',
    'module' => 'cover',
    'content' => '商城',
    'type' => '1',
    'displayorder' => '0',
    'status' => '1',
  ),
)

2017-08-09 21:34:56 response :
------------
Array:
FromUserName : gh_457112fa2e21 ;
ToUserName : oBNJw1OU62I3pUUEPB8yYx30ZcCU ;
MsgType : news ;
ArticleCount : 1 ;
Articles : Array ;

2017-08-09 21:35:00 trace :
------------
String:
<xml><ToUserName><![CDATA[gh_457112fa2e21]]></ToUserName>
<FromUserName><![CDATA[oBNJw1OU62I3pUUEPB8yYx30ZcCU]]></FromUserName>
<CreateTime>1502285701</CreateTime>
<MsgType><![CDATA[event]]></MsgType>
<Event><![CDATA[VIEW]]></Event>
<EventKey><![CDATA[http://www.fphealthy.com/shop/app/index.php?i=4&c=entry&eid=146]]></EventKey>
<MenuId>411151750</MenuId>
</xml>

2017-08-09 21:35:00 params :
------------
String:
array (
  'rule' => -2,
  'module' => '',
  'message' => 
  array (
    'tousername' => 'gh_457112fa2e21',
    'fromusername' => 'oBNJw1OU62I3pUUEPB8yYx30ZcCU',
    'createtime' => '1502285701',
    'msgtype' => 'event',
    'event' => 'VIEW',
    'eventkey' => 'http://www.fphealthy.com/shop/app/index.php?i=4&c=entry&eid=146',
    'menuid' => '411151750',
    'from' => 'oBNJw1OU62I3pUUEPB8yYx30ZcCU',
    'to' => 'gh_457112fa2e21',
    'time' => '1502285701',
    'type' => 'text',
    'content' => 'http://www.fphealthy.com/shop/app/index.php?i=4&c=entry&eid=146',
    'redirection' => true,
    'source' => 'VIEW',
  ),
)

2017-08-09 21:35:00 response :
------------

2017-08-09 21:38:16 trace :
------------
String:
<xml><ToUserName><![CDATA[gh_457112fa2e21]]></ToUserName>
<FromUserName><![CDATA[oBNJw1OU62I3pUUEPB8yYx30ZcCU]]></FromUserName>
<CreateTime>1502285897</CreateTime>
<MsgType><![CDATA[event]]></MsgType>
<Event><![CDATA[VIEW]]></Event>
<EventKey><![CDATA[http://www.fphealthy.com/shop/app/index.php?i=4&c=entry&eid=146]]></EventKey>
<MenuId>411151750</MenuId>
</xml>

2017-08-09 21:38:16 params :
------------
String:
array (
  'rule' => -2,
  'module' => '',
  'message' => 
  array (
    'tousername' => 'gh_457112fa2e21',
    'fromusername' => 'oBNJw1OU62I3pUUEPB8yYx30ZcCU',
    'createtime' => '1502285897',
    'msgtype' => 'event',
    'event' => 'VIEW',
    'eventkey' => 'http://www.fphealthy.com/shop/app/index.php?i=4&c=entry&eid=146',
    'menuid' => '411151750',
    'from' => 'oBNJw1OU62I3pUUEPB8yYx30ZcCU',
    'to' => 'gh_457112fa2e21',
    'time' => '1502285897',
    'type' => 'text',
    'content' => 'http://www.fphealthy.com/shop/app/index.php?i=4&c=entry&eid=146',
    'redirection' => true,
    'source' => 'VIEW',
  ),
)

2017-08-09 21:38:16 response :
------------

2017-08-09 21:38:34 trace :
------------
String:
<xml><ToUserName><![CDATA[gh_457112fa2e21]]></ToUserName>
<FromUserName><![CDATA[oBNJw1OU62I3pUUEPB8yYx30ZcCU]]></FromUserName>
<CreateTime>1502285915</CreateTime>
<MsgType><![CDATA[event]]></MsgType>
<Event><![CDATA[VIEW]]></Event>
<EventKey><![CDATA[http://www.fphealthy.com/shop/app/index.php?i=4&c=entry&eid=146]]></EventKey>
<MenuId>411151750</MenuId>
</xml>

2017-08-09 21:38:34 params :
------------
String:
array (
  'rule' => -2,
  'module' => '',
  'message' => 
  array (
    'tousername' => 'gh_457112fa2e21',
    'fromusername' => 'oBNJw1OU62I3pUUEPB8yYx30ZcCU',
    'createtime' => '1502285915',
    'msgtype' => 'event',
    'event' => 'VIEW',
    'eventkey' => 'http://www.fphealthy.com/shop/app/index.php?i=4&c=entry&eid=146',
    'menuid' => '411151750',
    'from' => 'oBNJw1OU62I3pUUEPB8yYx30ZcCU',
    'to' => 'gh_457112fa2e21',
    'time' => '1502285915',
    'type' => 'text',
    'content' => 'http://www.fphealthy.com/shop/app/index.php?i=4&c=entry&eid=146',
    'redirection' => true,
    'source' => 'VIEW',
  ),
)

2017-08-09 21:38:34 response :
------------

2017-08-09 21:38:51 trace :
------------
String:
<xml><ToUserName><![CDATA[gh_457112fa2e21]]></ToUserName>
<FromUserName><![CDATA[oBNJw1OU62I3pUUEPB8yYx30ZcCU]]></FromUserName>
<CreateTime>1502285932</CreateTime>
<MsgType><![CDATA[text]]></MsgType>
<Content><![CDATA[天下]]></Content>
<MsgId>6452268947592033219</MsgId>
</xml>

2017-08-09 21:38:51 params :
------------
String:
array (
  'rule' => -2,
  'module' => '',
  'message' => 
  array (
    'tousername' => 'gh_457112fa2e21',
    'fromusername' => 'oBNJw1OU62I3pUUEPB8yYx30ZcCU',
    'createtime' => '1502285932',
    'msgtype' => 'text',
    'content' => '天下',
    'msgid' => '6452268947592033219',
    'from' => 'oBNJw1OU62I3pUUEPB8yYx30ZcCU',
    'to' => 'gh_457112fa2e21',
    'time' => '1502285932',
    'type' => 'text',
    'event' => NULL,
    'redirection' => false,
    'source' => NULL,
  ),
)

2017-08-09 21:38:51 response :
------------

2017-08-09 21:38:54 trace :
------------
String:
<xml><ToUserName><![CDATA[gh_457112fa2e21]]></ToUserName>
<FromUserName><![CDATA[oBNJw1OU62I3pUUEPB8yYx30ZcCU]]></FromUserName>
<CreateTime>1502285935</CreateTime>
<MsgType><![CDATA[text]]></MsgType>
<Content><![CDATA[订单]]></Content>
<MsgId>6452268960476935108</MsgId>
</xml>

2017-08-09 21:38:54 params :
------------
String:
array (
  'message' => 
  array (
    'tousername' => 'gh_457112fa2e21',
    'fromusername' => 'oBNJw1OU62I3pUUEPB8yYx30ZcCU',
    'createtime' => '1502285935',
    'msgtype' => 'text',
    'content' => '订单',
    'msgid' => '6452268960476935108',
    'from' => 'oBNJw1OU62I3pUUEPB8yYx30ZcCU',
    'to' => 'gh_457112fa2e21',
    'time' => '1502285935',
    'type' => 'text',
    'event' => NULL,
    'redirection' => false,
    'source' => NULL,
  ),
  'module' => 'cover',
  'rule' => '20',
  'priority' => '0',
  'keyword' => 
  array (
    'id' => '26',
    'rid' => '20',
    'uniacid' => '4',
    'module' => 'cover',
    'content' => '订单',
    'type' => '1',
    'displayorder' => '0',
    'status' => '1',
  ),
)

2017-08-09 21:38:54 response :
------------
Array:
FromUserName : gh_457112fa2e21 ;
ToUserName : oBNJw1OU62I3pUUEPB8yYx30ZcCU ;
MsgType : news ;
ArticleCount : 1 ;
Articles : Array ;

2017-08-09 21:40:16 trace :
------------
String:
<xml><ToUserName><![CDATA[gh_457112fa2e21]]></ToUserName>
<FromUserName><![CDATA[oBNJw1OU62I3pUUEPB8yYx30ZcCU]]></FromUserName>
<CreateTime>1502286017</CreateTime>
<MsgType><![CDATA[event]]></MsgType>
<Event><![CDATA[VIEW]]></Event>
<EventKey><![CDATA[http://www.fphealthy.com/shop/app/index.php?i=4&c=entry&m=ewei_shopv2&do=mobile&r=order]]></EventKey>
<MenuId>411153326</MenuId>
</xml>

2017-08-09 21:40:16 params :
------------
String:
array (
  'rule' => -2,
  'module' => '',
  'message' => 
  array (
    'tousername' => 'gh_457112fa2e21',
    'fromusername' => 'oBNJw1OU62I3pUUEPB8yYx30ZcCU',
    'createtime' => '1502286017',
    'msgtype' => 'event',
    'event' => 'VIEW',
    'eventkey' => 'http://www.fphealthy.com/shop/app/index.php?i=4&c=entry&m=ewei_shopv2&do=mobile&r=order',
    'menuid' => '411153326',
    'from' => 'oBNJw1OU62I3pUUEPB8yYx30ZcCU',
    'to' => 'gh_457112fa2e21',
    'time' => '1502286017',
    'type' => 'text',
    'content' => 'http://www.fphealthy.com/shop/app/index.php?i=4&c=entry&m=ewei_shopv2&do=mobile&r=order',
    'redirection' => true,
    'source' => 'VIEW',
  ),
)

2017-08-09 21:40:16 response :
------------

2017-08-09 22:07:04 trace :
------------
String:
<xml><ToUserName><![CDATA[gh_457112fa2e21]]></ToUserName>
<FromUserName><![CDATA[oBNJw1OU62I3pUUEPB8yYx30ZcCU]]></FromUserName>
<CreateTime>1502287625</CreateTime>
<MsgType><![CDATA[event]]></MsgType>
<Event><![CDATA[VIEW]]></Event>
<EventKey><![CDATA[http://www.fphealthy.com/shop/app/index.php?i=4&c=entry&eid=146]]></EventKey>
<MenuId>411153326</MenuId>
</xml>

2017-08-09 22:07:04 params :
------------
String:
array (
  'rule' => -2,
  'module' => '',
  'message' => 
  array (
    'tousername' => 'gh_457112fa2e21',
    'fromusername' => 'oBNJw1OU62I3pUUEPB8yYx30ZcCU',
    'createtime' => '1502287625',
    'msgtype' => 'event',
    'event' => 'VIEW',
    'eventkey' => 'http://www.fphealthy.com/shop/app/index.php?i=4&c=entry&eid=146',
    'menuid' => '411153326',
    'from' => 'oBNJw1OU62I3pUUEPB8yYx30ZcCU',
    'to' => 'gh_457112fa2e21',
    'time' => '1502287625',
    'type' => 'text',
    'content' => 'http://www.fphealthy.com/shop/app/index.php?i=4&c=entry&eid=146',
    'redirection' => true,
    'source' => 'VIEW',
  ),
)

2017-08-09 22:07:04 response :
------------

2017-08-09 22:07:40 trace :
------------
String:
<xml><ToUserName><![CDATA[gh_457112fa2e21]]></ToUserName>
<FromUserName><![CDATA[oBNJw1OU62I3pUUEPB8yYx30ZcCU]]></FromUserName>
<CreateTime>1502287661</CreateTime>
<MsgType><![CDATA[event]]></MsgType>
<Event><![CDATA[VIEW]]></Event>
<EventKey><![CDATA[http://www.fphealthy.com/shop/app/index.php?i=4&c=entry&eid=146]]></EventKey>
<MenuId>411153326</MenuId>
</xml>

2017-08-09 22:07:40 params :
------------
String:
array (
  'rule' => -2,
  'module' => '',
  'message' => 
  array (
    'tousername' => 'gh_457112fa2e21',
    'fromusername' => 'oBNJw1OU62I3pUUEPB8yYx30ZcCU',
    'createtime' => '1502287661',
    'msgtype' => 'event',
    'event' => 'VIEW',
    'eventkey' => 'http://www.fphealthy.com/shop/app/index.php?i=4&c=entry&eid=146',
    'menuid' => '411153326',
    'from' => 'oBNJw1OU62I3pUUEPB8yYx30ZcCU',
    'to' => 'gh_457112fa2e21',
    'time' => '1502287661',
    'type' => 'text',
    'content' => 'http://www.fphealthy.com/shop/app/index.php?i=4&c=entry&eid=146',
    'redirection' => true,
    'source' => 'VIEW',
  ),
)

2017-08-09 22:07:40 response :
------------

2017-08-09 22:15:04 trace :
------------
String:
<xml><ToUserName><![CDATA[gh_457112fa2e21]]></ToUserName>
<FromUserName><![CDATA[oBNJw1OU62I3pUUEPB8yYx30ZcCU]]></FromUserName>
<CreateTime>1502288105</CreateTime>
<MsgType><![CDATA[event]]></MsgType>
<Event><![CDATA[VIEW]]></Event>
<EventKey><![CDATA[http://www.fphealthy.com/shop/app/index.php?i=4&c=entry&eid=146]]></EventKey>
<MenuId>411153326</MenuId>
</xml>

2017-08-09 22:15:04 params :
------------
String:
array (
  'rule' => -2,
  'module' => '',
  'message' => 
  array (
    'tousername' => 'gh_457112fa2e21',
    'fromusername' => 'oBNJw1OU62I3pUUEPB8yYx30ZcCU',
    'createtime' => '1502288105',
    'msgtype' => 'event',
    'event' => 'VIEW',
    'eventkey' => 'http://www.fphealthy.com/shop/app/index.php?i=4&c=entry&eid=146',
    'menuid' => '411153326',
    'from' => 'oBNJw1OU62I3pUUEPB8yYx30ZcCU',
    'to' => 'gh_457112fa2e21',
    'time' => '1502288105',
    'type' => 'text',
    'content' => 'http://www.fphealthy.com/shop/app/index.php?i=4&c=entry&eid=146',
    'redirection' => true,
    'source' => 'VIEW',
  ),
)

2017-08-09 22:15:04 response :
------------

2017-08-09 22:15:28 trace :
------------
String:
<xml><ToUserName><![CDATA[gh_457112fa2e21]]></ToUserName>
<FromUserName><![CDATA[oBNJw1OU62I3pUUEPB8yYx30ZcCU]]></FromUserName>
<CreateTime>1502288129</CreateTime>
<MsgType><![CDATA[event]]></MsgType>
<Event><![CDATA[VIEW]]></Event>
<EventKey><![CDATA[http://www.fphealthy.com/shop/app/index.php?i=4&c=entry&eid=146]]></EventKey>
<MenuId>411153862</MenuId>
</xml>

2017-08-09 22:15:28 params :
------------
String:
array (
  'rule' => -2,
  'module' => '',
  'message' => 
  array (
    'tousername' => 'gh_457112fa2e21',
    'fromusername' => 'oBNJw1OU62I3pUUEPB8yYx30ZcCU',
    'createtime' => '1502288129',
    'msgtype' => 'event',
    'event' => 'VIEW',
    'eventkey' => 'http://www.fphealthy.com/shop/app/index.php?i=4&c=entry&eid=146',
    'menuid' => '411153862',
    'from' => 'oBNJw1OU62I3pUUEPB8yYx30ZcCU',
    'to' => 'gh_457112fa2e21',
    'time' => '1502288129',
    'type' => 'text',
    'content' => 'http://www.fphealthy.com/shop/app/index.php?i=4&c=entry&eid=146',
    'redirection' => true,
    'source' => 'VIEW',
  ),
)

2017-08-09 22:15:28 response :
------------

2017-08-09 22:15:34 trace :
------------
String:
<xml><ToUserName><![CDATA[gh_457112fa2e21]]></ToUserName>
<FromUserName><![CDATA[oBNJw1OU62I3pUUEPB8yYx30ZcCU]]></FromUserName>
<CreateTime>1502288135</CreateTime>
<MsgType><![CDATA[event]]></MsgType>
<Event><![CDATA[VIEW]]></Event>
<EventKey><![CDATA[http://www.fphealthy.com/shop/app/index.php?i=4&c=entry&m=ewei_shopv2&do=mobile&r=order]]></EventKey>
<MenuId>411153862</MenuId>
</xml>

2017-08-09 22:15:34 params :
------------
String:
array (
  'rule' => -2,
  'module' => '',
  'message' => 
  array (
    'tousername' => 'gh_457112fa2e21',
    'fromusername' => 'oBNJw1OU62I3pUUEPB8yYx30ZcCU',
    'createtime' => '1502288135',
    'msgtype' => 'event',
    'event' => 'VIEW',
    'eventkey' => 'http://www.fphealthy.com/shop/app/index.php?i=4&c=entry&m=ewei_shopv2&do=mobile&r=order',
    'menuid' => '411153862',
    'from' => 'oBNJw1OU62I3pUUEPB8yYx30ZcCU',
    'to' => 'gh_457112fa2e21',
    'time' => '1502288135',
    'type' => 'text',
    'content' => 'http://www.fphealthy.com/shop/app/index.php?i=4&c=entry&m=ewei_shopv2&do=mobile&r=order',
    'redirection' => true,
    'source' => 'VIEW',
  ),
)

2017-08-09 22:15:34 response :
------------

2017-08-09 22:18:07 trace :
------------
String:
<xml><ToUserName><![CDATA[gh_457112fa2e21]]></ToUserName>
<FromUserName><![CDATA[oBNJw1OU62I3pUUEPB8yYx30ZcCU]]></FromUserName>
<CreateTime>1502288288</CreateTime>
<MsgType><![CDATA[event]]></MsgType>
<Event><![CDATA[VIEW]]></Event>
<EventKey><![CDATA[http://www.fphealthy.com/shop/app/index.php?i=4&c=entry&m=ewei_shopv2&do=mobile&r=order]]></EventKey>
<MenuId>411153862</MenuId>
</xml>

2017-08-09 22:18:07 params :
------------
String:
array (
  'rule' => -2,
  'module' => '',
  'message' => 
  array (
    'tousername' => 'gh_457112fa2e21',
    'fromusername' => 'oBNJw1OU62I3pUUEPB8yYx30ZcCU',
    'createtime' => '1502288288',
    'msgtype' => 'event',
    'event' => 'VIEW',
    'eventkey' => 'http://www.fphealthy.com/shop/app/index.php?i=4&c=entry&m=ewei_shopv2&do=mobile&r=order',
    'menuid' => '411153862',
    'from' => 'oBNJw1OU62I3pUUEPB8yYx30ZcCU',
    'to' => 'gh_457112fa2e21',
    'time' => '1502288288',
    'type' => 'text',
    'content' => 'http://www.fphealthy.com/shop/app/index.php?i=4&c=entry&m=ewei_shopv2&do=mobile&r=order',
    'redirection' => true,
    'source' => 'VIEW',
  ),
)

2017-08-09 22:18:07 response :
------------

2017-08-09 22:18:43 trace :
------------
String:
<xml><ToUserName><![CDATA[gh_457112fa2e21]]></ToUserName>
<FromUserName><![CDATA[oBNJw1OU62I3pUUEPB8yYx30ZcCU]]></FromUserName>
<CreateTime>1502288324</CreateTime>
<MsgType><![CDATA[event]]></MsgType>
<Event><![CDATA[VIEW]]></Event>
<EventKey><![CDATA[http://www.fphealthy.com/shop/app/index.php?i=4&c=entry&m=ewei_shopv2&do=mobile&r=lottery]]></EventKey>
<MenuId>411153862</MenuId>
</xml>

2017-08-09 22:18:43 params :
------------
String:
array (
  'rule' => -2,
  'module' => '',
  'message' => 
  array (
    'tousername' => 'gh_457112fa2e21',
    'fromusername' => 'oBNJw1OU62I3pUUEPB8yYx30ZcCU',
    'createtime' => '1502288324',
    'msgtype' => 'event',
    'event' => 'VIEW',
    'eventkey' => 'http://www.fphealthy.com/shop/app/index.php?i=4&c=entry&m=ewei_shopv2&do=mobile&r=lottery',
    'menuid' => '411153862',
    'from' => 'oBNJw1OU62I3pUUEPB8yYx30ZcCU',
    'to' => 'gh_457112fa2e21',
    'time' => '1502288324',
    'type' => 'text',
    'content' => 'http://www.fphealthy.com/shop/app/index.php?i=4&c=entry&m=ewei_shopv2&do=mobile&r=lottery',
    'redirection' => true,
    'source' => 'VIEW',
  ),
)

2017-08-09 22:18:43 response :
------------

2017-08-09 22:19:22 trace :
------------
String:
<xml><ToUserName><![CDATA[gh_457112fa2e21]]></ToUserName>
<FromUserName><![CDATA[oBNJw1OU62I3pUUEPB8yYx30ZcCU]]></FromUserName>
<CreateTime>1502288363</CreateTime>
<MsgType><![CDATA[event]]></MsgType>
<Event><![CDATA[VIEW]]></Event>
<EventKey><![CDATA[http://www.fphealthy.com/shop/app/index.php?i=4&c=entry&eid=146]]></EventKey>
<MenuId>411153862</MenuId>
</xml>

2017-08-09 22:19:22 params :
------------
String:
array (
  'rule' => -2,
  'module' => '',
  'message' => 
  array (
    'tousername' => 'gh_457112fa2e21',
    'fromusername' => 'oBNJw1OU62I3pUUEPB8yYx30ZcCU',
    'createtime' => '1502288363',
    'msgtype' => 'event',
    'event' => 'VIEW',
    'eventkey' => 'http://www.fphealthy.com/shop/app/index.php?i=4&c=entry&eid=146',
    'menuid' => '411153862',
    'from' => 'oBNJw1OU62I3pUUEPB8yYx30ZcCU',
    'to' => 'gh_457112fa2e21',
    'time' => '1502288363',
    'type' => 'text',
    'content' => 'http://www.fphealthy.com/shop/app/index.php?i=4&c=entry&eid=146',
    'redirection' => true,
    'source' => 'VIEW',
  ),
)

2017-08-09 22:19:22 response :
------------

2017-08-09 22:21:04 trace :
------------
String:
<xml><ToUserName><![CDATA[gh_457112fa2e21]]></ToUserName>
<FromUserName><![CDATA[oBNJw1OU62I3pUUEPB8yYx30ZcCU]]></FromUserName>
<CreateTime>1502288465</CreateTime>
<MsgType><![CDATA[event]]></MsgType>
<Event><![CDATA[VIEW]]></Event>
<EventKey><![CDATA[http://www.fphealthy.com/shop/app/index.php?i=4&c=entry&m=ewei_shopv2&do=mobile&r=order]]></EventKey>
<MenuId>411153924</MenuId>
</xml>

2017-08-09 22:21:04 params :
------------
String:
array (
  'rule' => -2,
  'module' => '',
  'message' => 
  array (
    'tousername' => 'gh_457112fa2e21',
    'fromusername' => 'oBNJw1OU62I3pUUEPB8yYx30ZcCU',
    'createtime' => '1502288465',
    'msgtype' => 'event',
    'event' => 'VIEW',
    'eventkey' => 'http://www.fphealthy.com/shop/app/index.php?i=4&c=entry&m=ewei_shopv2&do=mobile&r=order',
    'menuid' => '411153924',
    'from' => 'oBNJw1OU62I3pUUEPB8yYx30ZcCU',
    'to' => 'gh_457112fa2e21',
    'time' => '1502288465',
    'type' => 'text',
    'content' => 'http://www.fphealthy.com/shop/app/index.php?i=4&c=entry&m=ewei_shopv2&do=mobile&r=order',
    'redirection' => true,
    'source' => 'VIEW',
  ),
)

2017-08-09 22:21:04 response :
------------

2017-08-09 22:21:09 trace :
------------
String:
<xml><ToUserName><![CDATA[gh_457112fa2e21]]></ToUserName>
<FromUserName><![CDATA[oBNJw1OU62I3pUUEPB8yYx30ZcCU]]></FromUserName>
<CreateTime>1502288470</CreateTime>
<MsgType><![CDATA[event]]></MsgType>
<Event><![CDATA[VIEW]]></Event>
<EventKey><![CDATA[http://www.fphealthy.com/shop/app/index.php?i=4&c=entry&m=ewei_shopv2&do=mobile&r=member]]></EventKey>
<MenuId>411153924</MenuId>
</xml>

2017-08-09 22:21:09 params :
------------
String:
array (
  'rule' => -2,
  'module' => '',
  'message' => 
  array (
    'tousername' => 'gh_457112fa2e21',
    'fromusername' => 'oBNJw1OU62I3pUUEPB8yYx30ZcCU',
    'createtime' => '1502288470',
    'msgtype' => 'event',
    'event' => 'VIEW',
    'eventkey' => 'http://www.fphealthy.com/shop/app/index.php?i=4&c=entry&m=ewei_shopv2&do=mobile&r=member',
    'menuid' => '411153924',
    'from' => 'oBNJw1OU62I3pUUEPB8yYx30ZcCU',
    'to' => 'gh_457112fa2e21',
    'time' => '1502288470',
    'type' => 'text',
    'content' => 'http://www.fphealthy.com/shop/app/index.php?i=4&c=entry&m=ewei_shopv2&do=mobile&r=member',
    'redirection' => true,
    'source' => 'VIEW',
  ),
)

2017-08-09 22:21:09 response :
------------

2017-08-09 22:21:33 trace :
------------
String:
<xml><ToUserName><![CDATA[gh_457112fa2e21]]></ToUserName>
<FromUserName><![CDATA[oBNJw1Nr0vwF3flCiB1n4oVxLJL0]]></FromUserName>
<CreateTime>1502288494</CreateTime>
<MsgType><![CDATA[event]]></MsgType>
<Event><![CDATA[VIEW]]></Event>
<EventKey><![CDATA[http://www.fphealthy.com/shop/app/index.php?i=4&c=entry&m=ewei_shopv2&do=mobile&r=lottery]]></EventKey>
<MenuId>411153924</MenuId>
</xml>

2017-08-09 22:21:33 params :
------------
String:
array (
  'rule' => -2,
  'module' => '',
  'message' => 
  array (
    'tousername' => 'gh_457112fa2e21',
    'fromusername' => 'oBNJw1Nr0vwF3flCiB1n4oVxLJL0',
    'createtime' => '1502288494',
    'msgtype' => 'event',
    'event' => 'VIEW',
    'eventkey' => 'http://www.fphealthy.com/shop/app/index.php?i=4&c=entry&m=ewei_shopv2&do=mobile&r=lottery',
    'menuid' => '411153924',
    'from' => 'oBNJw1Nr0vwF3flCiB1n4oVxLJL0',
    'to' => 'gh_457112fa2e21',
    'time' => '1502288494',
    'type' => 'text',
    'content' => 'http://www.fphealthy.com/shop/app/index.php?i=4&c=entry&m=ewei_shopv2&do=mobile&r=lottery',
    'redirection' => true,
    'source' => 'VIEW',
  ),
)

2017-08-09 22:21:33 response :
------------

2017-08-09 22:21:45 trace :
------------
String:
<xml><ToUserName><![CDATA[gh_457112fa2e21]]></ToUserName>
<FromUserName><![CDATA[oBNJw1Nr0vwF3flCiB1n4oVxLJL0]]></FromUserName>
<CreateTime>1502288506</CreateTime>
<MsgType><![CDATA[event]]></MsgType>
<Event><![CDATA[VIEW]]></Event>
<EventKey><![CDATA[http://www.fphealthy.com/shop/app/index.php?i=4&c=entry&m=ewei_shopv2&do=mobile&r=lottery]]></EventKey>
<MenuId>411153924</MenuId>
</xml>

2017-08-09 22:21:45 params :
------------
String:
array (
  'rule' => -2,
  'module' => '',
  'message' => 
  array (
    'tousername' => 'gh_457112fa2e21',
    'fromusername' => 'oBNJw1Nr0vwF3flCiB1n4oVxLJL0',
    'createtime' => '1502288506',
    'msgtype' => 'event',
    'event' => 'VIEW',
    'eventkey' => 'http://www.fphealthy.com/shop/app/index.php?i=4&c=entry&m=ewei_shopv2&do=mobile&r=lottery',
    'menuid' => '411153924',
    'from' => 'oBNJw1Nr0vwF3flCiB1n4oVxLJL0',
    'to' => 'gh_457112fa2e21',
    'time' => '1502288506',
    'type' => 'text',
    'content' => 'http://www.fphealthy.com/shop/app/index.php?i=4&c=entry&m=ewei_shopv2&do=mobile&r=lottery',
    'redirection' => true,
    'source' => 'VIEW',
  ),
)

2017-08-09 22:21:45 response :
------------

2017-08-09 22:21:50 trace :
------------
String:
<xml><ToUserName><![CDATA[gh_457112fa2e21]]></ToUserName>
<FromUserName><![CDATA[oBNJw1Nr0vwF3flCiB1n4oVxLJL0]]></FromUserName>
<CreateTime>1502288511</CreateTime>
<MsgType><![CDATA[event]]></MsgType>
<Event><![CDATA[VIEW]]></Event>
<EventKey><![CDATA[http://www.fphealthy.com/shop/app/index.php?i=4&c=entry&m=ewei_shopv2&do=mobile&r=member]]></EventKey>
<MenuId>411153924</MenuId>
</xml>

2017-08-09 22:21:50 params :
------------
String:
array (
  'rule' => -2,
  'module' => '',
  'message' => 
  array (
    'tousername' => 'gh_457112fa2e21',
    'fromusername' => 'oBNJw1Nr0vwF3flCiB1n4oVxLJL0',
    'createtime' => '1502288511',
    'msgtype' => 'event',
    'event' => 'VIEW',
    'eventkey' => 'http://www.fphealthy.com/shop/app/index.php?i=4&c=entry&m=ewei_shopv2&do=mobile&r=member',
    'menuid' => '411153924',
    'from' => 'oBNJw1Nr0vwF3flCiB1n4oVxLJL0',
    'to' => 'gh_457112fa2e21',
    'time' => '1502288511',
    'type' => 'text',
    'content' => 'http://www.fphealthy.com/shop/app/index.php?i=4&c=entry&m=ewei_shopv2&do=mobile&r=member',
    'redirection' => true,
    'source' => 'VIEW',
  ),
)

2017-08-09 22:21:50 response :
------------

2017-08-09 22:22:10 trace :
------------
String:
<xml><ToUserName><![CDATA[gh_457112fa2e21]]></ToUserName>
<FromUserName><![CDATA[oBNJw1Nr0vwF3flCiB1n4oVxLJL0]]></FromUserName>
<CreateTime>1502288532</CreateTime>
<MsgType><![CDATA[event]]></MsgType>
<Event><![CDATA[VIEW]]></Event>
<EventKey><![CDATA[http://www.fphealthy.com/shop/app/index.php?i=4&c=entry&m=ewei_shopv2&do=mobile&r=lottery]]></EventKey>
<MenuId>411153924</MenuId>
</xml>

2017-08-09 22:22:10 params :
------------
String:
array (
  'rule' => -2,
  'module' => '',
  'message' => 
  array (
    'tousername' => 'gh_457112fa2e21',
    'fromusername' => 'oBNJw1Nr0vwF3flCiB1n4oVxLJL0',
    'createtime' => '1502288532',
    'msgtype' => 'event',
    'event' => 'VIEW',
    'eventkey' => 'http://www.fphealthy.com/shop/app/index.php?i=4&c=entry&m=ewei_shopv2&do=mobile&r=lottery',
    'menuid' => '411153924',
    'from' => 'oBNJw1Nr0vwF3flCiB1n4oVxLJL0',
    'to' => 'gh_457112fa2e21',
    'time' => '1502288532',
    'type' => 'text',
    'content' => 'http://www.fphealthy.com/shop/app/index.php?i=4&c=entry&m=ewei_shopv2&do=mobile&r=lottery',
    'redirection' => true,
    'source' => 'VIEW',
  ),
)

2017-08-09 22:22:10 response :
------------

2017-08-09 22:22:51 trace :
------------
String:
<xml><ToUserName><![CDATA[gh_457112fa2e21]]></ToUserName>
<FromUserName><![CDATA[oBNJw1Nr0vwF3flCiB1n4oVxLJL0]]></FromUserName>
<CreateTime>1502288573</CreateTime>
<MsgType><![CDATA[event]]></MsgType>
<Event><![CDATA[VIEW]]></Event>
<EventKey><![CDATA[http://www.fphealthy.com/shop/app/index.php?i=4&c=entry&m=ewei_shopv2&do=mobile&r=member]]></EventKey>
<MenuId>411153924</MenuId>
</xml>

2017-08-09 22:22:51 params :
------------
String:
array (
  'rule' => -2,
  'module' => '',
  'message' => 
  array (
    'tousername' => 'gh_457112fa2e21',
    'fromusername' => 'oBNJw1Nr0vwF3flCiB1n4oVxLJL0',
    'createtime' => '1502288573',
    'msgtype' => 'event',
    'event' => 'VIEW',
    'eventkey' => 'http://www.fphealthy.com/shop/app/index.php?i=4&c=entry&m=ewei_shopv2&do=mobile&r=member',
    'menuid' => '411153924',
    'from' => 'oBNJw1Nr0vwF3flCiB1n4oVxLJL0',
    'to' => 'gh_457112fa2e21',
    'time' => '1502288573',
    'type' => 'text',
    'content' => 'http://www.fphealthy.com/shop/app/index.php?i=4&c=entry&m=ewei_shopv2&do=mobile&r=member',
    'redirection' => true,
    'source' => 'VIEW',
  ),
)

2017-08-09 22:22:51 response :
------------

2017-08-09 22:23:52 trace :
------------
String:
<xml><ToUserName><![CDATA[gh_457112fa2e21]]></ToUserName>
<FromUserName><![CDATA[oBNJw1Nr0vwF3flCiB1n4oVxLJL0]]></FromUserName>
<CreateTime>1502288633</CreateTime>
<MsgType><![CDATA[event]]></MsgType>
<Event><![CDATA[VIEW]]></Event>
<EventKey><![CDATA[http://www.fphealthy.com/shop/app/index.php?i=4&c=entry&m=ewei_shopv2&do=mobile&r=member]]></EventKey>
<MenuId>411153924</MenuId>
</xml>

2017-08-09 22:23:52 params :
------------
String:
array (
  'rule' => -2,
  'module' => '',
  'message' => 
  array (
    'tousername' => 'gh_457112fa2e21',
    'fromusername' => 'oBNJw1Nr0vwF3flCiB1n4oVxLJL0',
    'createtime' => '1502288633',
    'msgtype' => 'event',
    'event' => 'VIEW',
    'eventkey' => 'http://www.fphealthy.com/shop/app/index.php?i=4&c=entry&m=ewei_shopv2&do=mobile&r=member',
    'menuid' => '411153924',
    'from' => 'oBNJw1Nr0vwF3flCiB1n4oVxLJL0',
    'to' => 'gh_457112fa2e21',
    'time' => '1502288633',
    'type' => 'text',
    'content' => 'http://www.fphealthy.com/shop/app/index.php?i=4&c=entry&m=ewei_shopv2&do=mobile&r=member',
    'redirection' => true,
    'source' => 'VIEW',
  ),
)

2017-08-09 22:23:52 response :
------------

2017-08-09 22:26:42 trace :
------------
String:
<xml><ToUserName><![CDATA[gh_457112fa2e21]]></ToUserName>
<FromUserName><![CDATA[oBNJw1Nr0vwF3flCiB1n4oVxLJL0]]></FromUserName>
<CreateTime>1502288803</CreateTime>
<MsgType><![CDATA[event]]></MsgType>
<Event><![CDATA[VIEW]]></Event>
<EventKey><![CDATA[http://www.fphealthy.com/shop/app/index.php?i=4&c=entry&m=ewei_shopv2&do=mobile&r=member]]></EventKey>
<MenuId>411153924</MenuId>
</xml>

2017-08-09 22:26:42 params :
------------
String:
array (
  'rule' => -2,
  'module' => '',
  'message' => 
  array (
    'tousername' => 'gh_457112fa2e21',
    'fromusername' => 'oBNJw1Nr0vwF3flCiB1n4oVxLJL0',
    'createtime' => '1502288803',
    'msgtype' => 'event',
    'event' => 'VIEW',
    'eventkey' => 'http://www.fphealthy.com/shop/app/index.php?i=4&c=entry&m=ewei_shopv2&do=mobile&r=member',
    'menuid' => '411153924',
    'from' => 'oBNJw1Nr0vwF3flCiB1n4oVxLJL0',
    'to' => 'gh_457112fa2e21',
    'time' => '1502288803',
    'type' => 'text',
    'content' => 'http://www.fphealthy.com/shop/app/index.php?i=4&c=entry&m=ewei_shopv2&do=mobile&r=member',
    'redirection' => true,
    'source' => 'VIEW',
  ),
)

2017-08-09 22:26:42 response :
------------

2017-08-09 22:47:20 trace :
------------
String:
<xml><ToUserName><![CDATA[gh_457112fa2e21]]></ToUserName>
<FromUserName><![CDATA[oBNJw1OU62I3pUUEPB8yYx30ZcCU]]></FromUserName>
<CreateTime>1502290040</CreateTime>
<MsgType><![CDATA[event]]></MsgType>
<Event><![CDATA[VIEW]]></Event>
<EventKey><![CDATA[http://www.fphealthy.com/shop/app/index.php?i=4&c=entry&eid=146]]></EventKey>
<MenuId>411154211</MenuId>
</xml>

2017-08-09 22:47:20 params :
------------
String:
array (
  'rule' => -2,
  'module' => '',
  'message' => 
  array (
    'tousername' => 'gh_457112fa2e21',
    'fromusername' => 'oBNJw1OU62I3pUUEPB8yYx30ZcCU',
    'createtime' => '1502290040',
    'msgtype' => 'event',
    'event' => 'VIEW',
    'eventkey' => 'http://www.fphealthy.com/shop/app/index.php?i=4&c=entry&eid=146',
    'menuid' => '411154211',
    'from' => 'oBNJw1OU62I3pUUEPB8yYx30ZcCU',
    'to' => 'gh_457112fa2e21',
    'time' => '1502290040',
    'type' => 'text',
    'content' => 'http://www.fphealthy.com/shop/app/index.php?i=4&c=entry&eid=146',
    'redirection' => true,
    'source' => 'VIEW',
  ),
)

2017-08-09 22:47:20 response :
------------

2017-08-09 22:47:42 trace :
------------
String:
<xml><ToUserName><![CDATA[gh_457112fa2e21]]></ToUserName>
<FromUserName><![CDATA[oBNJw1OU62I3pUUEPB8yYx30ZcCU]]></FromUserName>
<CreateTime>1502290063</CreateTime>
<MsgType><![CDATA[event]]></MsgType>
<Event><![CDATA[VIEW]]></Event>
<EventKey><![CDATA[http://www.fphealthy.com/shop/app/index.php?i=4&c=entry&eid=146]]></EventKey>
<MenuId>411154211</MenuId>
</xml>

2017-08-09 22:47:42 params :
------------
String:
array (
  'rule' => -2,
  'module' => '',
  'message' => 
  array (
    'tousername' => 'gh_457112fa2e21',
    'fromusername' => 'oBNJw1OU62I3pUUEPB8yYx30ZcCU',
    'createtime' => '1502290063',
    'msgtype' => 'event',
    'event' => 'VIEW',
    'eventkey' => 'http://www.fphealthy.com/shop/app/index.php?i=4&c=entry&eid=146',
    'menuid' => '411154211',
    'from' => 'oBNJw1OU62I3pUUEPB8yYx30ZcCU',
    'to' => 'gh_457112fa2e21',
    'time' => '1502290063',
    'type' => 'text',
    'content' => 'http://www.fphealthy.com/shop/app/index.php?i=4&c=entry&eid=146',
    'redirection' => true,
    'source' => 'VIEW',
  ),
)

2017-08-09 22:47:42 response :
------------

2017-08-09 23:13:36 trace :
------------
String:
<xml><ToUserName><![CDATA[gh_457112fa2e21]]></ToUserName>
<FromUserName><![CDATA[oBNJw1OU62I3pUUEPB8yYx30ZcCU]]></FromUserName>
<CreateTime>1502291617</CreateTime>
<MsgType><![CDATA[event]]></MsgType>
<Event><![CDATA[VIEW]]></Event>
<EventKey><![CDATA[http://www.fphealthy.com/shop/app/index.php?i=4&c=entry&m=ewei_shopv2&do=mobile&r=lottery]]></EventKey>
<MenuId>411154211</MenuId>
</xml>

2017-08-09 23:13:36 params :
------------
String:
array (
  'rule' => -2,
  'module' => '',
  'message' => 
  array (
    'tousername' => 'gh_457112fa2e21',
    'fromusername' => 'oBNJw1OU62I3pUUEPB8yYx30ZcCU',
    'createtime' => '1502291617',
    'msgtype' => 'event',
    'event' => 'VIEW',
    'eventkey' => 'http://www.fphealthy.com/shop/app/index.php?i=4&c=entry&m=ewei_shopv2&do=mobile&r=lottery',
    'menuid' => '411154211',
    'from' => 'oBNJw1OU62I3pUUEPB8yYx30ZcCU',
    'to' => 'gh_457112fa2e21',
    'time' => '1502291617',
    'type' => 'text',
    'content' => 'http://www.fphealthy.com/shop/app/index.php?i=4&c=entry&m=ewei_shopv2&do=mobile&r=lottery',
    'redirection' => true,
    'source' => 'VIEW',
  ),
)

2017-08-09 23:13:36 response :
------------

2017-08-09 23:14:13 trace :
------------
String:
<xml><ToUserName><![CDATA[gh_457112fa2e21]]></ToUserName>
<FromUserName><![CDATA[oBNJw1OU62I3pUUEPB8yYx30ZcCU]]></FromUserName>
<CreateTime>1502291654</CreateTime>
<MsgType><![CDATA[event]]></MsgType>
<Event><![CDATA[VIEW]]></Event>
<EventKey><![CDATA[http://www.fphealthy.com/shop/app/index.php?i=4&c=entry&eid=146]]></EventKey>
<MenuId>411154211</MenuId>
</xml>

2017-08-09 23:14:13 params :
------------
String:
array (
  'rule' => -2,
  'module' => '',
  'message' => 
  array (
    'tousername' => 'gh_457112fa2e21',
    'fromusername' => 'oBNJw1OU62I3pUUEPB8yYx30ZcCU',
    'createtime' => '1502291654',
    'msgtype' => 'event',
    'event' => 'VIEW',
    'eventkey' => 'http://www.fphealthy.com/shop/app/index.php?i=4&c=entry&eid=146',
    'menuid' => '411154211',
    'from' => 'oBNJw1OU62I3pUUEPB8yYx30ZcCU',
    'to' => 'gh_457112fa2e21',
    'time' => '1502291654',
    'type' => 'text',
    'content' => 'http://www.fphealthy.com/shop/app/index.php?i=4&c=entry&eid=146',
    'redirection' => true,
    'source' => 'VIEW',
  ),
)

2017-08-09 23:14:13 response :
------------

2017-08-09 23:14:33 trace :
------------
String:
<xml><ToUserName><![CDATA[gh_457112fa2e21]]></ToUserName>
<FromUserName><![CDATA[oBNJw1OU62I3pUUEPB8yYx30ZcCU]]></FromUserName>
<CreateTime>1502291675</CreateTime>
<MsgType><![CDATA[event]]></MsgType>
<Event><![CDATA[VIEW]]></Event>
<EventKey><![CDATA[http://www.fphealthy.com/shop/app/index.php?i=4&c=entry&m=ewei_shopv2&do=mobile&r=member]]></EventKey>
<MenuId>411154211</MenuId>
</xml>

2017-08-09 23:14:33 params :
------------
String:
array (
  'rule' => -2,
  'module' => '',
  'message' => 
  array (
    'tousername' => 'gh_457112fa2e21',
    'fromusername' => 'oBNJw1OU62I3pUUEPB8yYx30ZcCU',
    'createtime' => '1502291675',
    'msgtype' => 'event',
    'event' => 'VIEW',
    'eventkey' => 'http://www.fphealthy.com/shop/app/index.php?i=4&c=entry&m=ewei_shopv2&do=mobile&r=member',
    'menuid' => '411154211',
    'from' => 'oBNJw1OU62I3pUUEPB8yYx30ZcCU',
    'to' => 'gh_457112fa2e21',
    'time' => '1502291675',
    'type' => 'text',
    'content' => 'http://www.fphealthy.com/shop/app/index.php?i=4&c=entry&m=ewei_shopv2&do=mobile&r=member',
    'redirection' => true,
    'source' => 'VIEW',
  ),
)

2017-08-09 23:14:33 response :
------------

2017-08-09 23:15:25 trace :
------------
String:
<xml><ToUserName><![CDATA[gh_457112fa2e21]]></ToUserName>
<FromUserName><![CDATA[oBNJw1OU62I3pUUEPB8yYx30ZcCU]]></FromUserName>
<CreateTime>1502291726</CreateTime>
<MsgType><![CDATA[event]]></MsgType>
<Event><![CDATA[VIEW]]></Event>
<EventKey><![CDATA[http://www.fphealthy.com/shop/app/index.php?i=4&c=entry&m=ewei_shopv2&do=mobile&r=lottery]]></EventKey>
<MenuId>411154211</MenuId>
</xml>

2017-08-09 23:15:25 params :
------------
String:
array (
  'rule' => -2,
  'module' => '',
  'message' => 
  array (
    'tousername' => 'gh_457112fa2e21',
    'fromusername' => 'oBNJw1OU62I3pUUEPB8yYx30ZcCU',
    'createtime' => '1502291726',
    'msgtype' => 'event',
    'event' => 'VIEW',
    'eventkey' => 'http://www.fphealthy.com/shop/app/index.php?i=4&c=entry&m=ewei_shopv2&do=mobile&r=lottery',
    'menuid' => '411154211',
    'from' => 'oBNJw1OU62I3pUUEPB8yYx30ZcCU',
    'to' => 'gh_457112fa2e21',
    'time' => '1502291726',
    'type' => 'text',
    'content' => 'http://www.fphealthy.com/shop/app/index.php?i=4&c=entry&m=ewei_shopv2&do=mobile&r=lottery',
    'redirection' => true,
    'source' => 'VIEW',
  ),
)

2017-08-09 23:15:25 response :
------------

2017-08-09 23:15:34 trace :
------------
String:
<xml><ToUserName><![CDATA[gh_457112fa2e21]]></ToUserName>
<FromUserName><![CDATA[oBNJw1OU62I3pUUEPB8yYx30ZcCU]]></FromUserName>
<CreateTime>1502291735</CreateTime>
<MsgType><![CDATA[event]]></MsgType>
<Event><![CDATA[VIEW]]></Event>
<EventKey><![CDATA[http://www.fphealthy.com/shop/app/index.php?i=4&c=entry&eid=146]]></EventKey>
<MenuId>411154211</MenuId>
</xml>

2017-08-09 23:15:34 params :
------------
String:
array (
  'rule' => -2,
  'module' => '',
  'message' => 
  array (
    'tousername' => 'gh_457112fa2e21',
    'fromusername' => 'oBNJw1OU62I3pUUEPB8yYx30ZcCU',
    'createtime' => '1502291735',
    'msgtype' => 'event',
    'event' => 'VIEW',
    'eventkey' => 'http://www.fphealthy.com/shop/app/index.php?i=4&c=entry&eid=146',
    'menuid' => '411154211',
    'from' => 'oBNJw1OU62I3pUUEPB8yYx30ZcCU',
    'to' => 'gh_457112fa2e21',
    'time' => '1502291735',
    'type' => 'text',
    'content' => 'http://www.fphealthy.com/shop/app/index.php?i=4&c=entry&eid=146',
    'redirection' => true,
    'source' => 'VIEW',
  ),
)

2017-08-09 23:15:34 response :
------------

2017-08-09 23:18:21 trace :
------------
String:
<xml><ToUserName><![CDATA[gh_457112fa2e21]]></ToUserName>
<FromUserName><![CDATA[oBNJw1OU62I3pUUEPB8yYx30ZcCU]]></FromUserName>
<CreateTime>1502291902</CreateTime>
<MsgType><![CDATA[event]]></MsgType>
<Event><![CDATA[VIEW]]></Event>
<EventKey><![CDATA[http://www.fphealthy.com/shop/app/index.php?i=4&c=entry&m=ewei_shopv2&do=mobile&r=lottery]]></EventKey>
<MenuId>411154211</MenuId>
</xml>

2017-08-09 23:18:21 params :
------------
String:
array (
  'rule' => -2,
  'module' => '',
  'message' => 
  array (
    'tousername' => 'gh_457112fa2e21',
    'fromusername' => 'oBNJw1OU62I3pUUEPB8yYx30ZcCU',
    'createtime' => '1502291902',
    'msgtype' => 'event',
    'event' => 'VIEW',
    'eventkey' => 'http://www.fphealthy.com/shop/app/index.php?i=4&c=entry&m=ewei_shopv2&do=mobile&r=lottery',
    'menuid' => '411154211',
    'from' => 'oBNJw1OU62I3pUUEPB8yYx30ZcCU',
    'to' => 'gh_457112fa2e21',
    'time' => '1502291902',
    'type' => 'text',
    'content' => 'http://www.fphealthy.com/shop/app/index.php?i=4&c=entry&m=ewei_shopv2&do=mobile&r=lottery',
    'redirection' => true,
    'source' => 'VIEW',
  ),
)

2017-08-09 23:18:21 response :
------------

2017-08-09 23:19:44 trace :
------------
String:
<xml><ToUserName><![CDATA[gh_457112fa2e21]]></ToUserName>
<FromUserName><![CDATA[oBNJw1OU62I3pUUEPB8yYx30ZcCU]]></FromUserName>
<CreateTime>1502291985</CreateTime>
<MsgType><![CDATA[event]]></MsgType>
<Event><![CDATA[VIEW]]></Event>
<EventKey><![CDATA[http://www.fphealthy.com/shop/app/index.php?i=4&c=entry&m=ewei_shopv2&do=mobile&r=lottery]]></EventKey>
<MenuId>411154211</MenuId>
</xml>

2017-08-09 23:19:44 params :
------------
String:
array (
  'rule' => -2,
  'module' => '',
  'message' => 
  array (
    'tousername' => 'gh_457112fa2e21',
    'fromusername' => 'oBNJw1OU62I3pUUEPB8yYx30ZcCU',
    'createtime' => '1502291985',
    'msgtype' => 'event',
    'event' => 'VIEW',
    'eventkey' => 'http://www.fphealthy.com/shop/app/index.php?i=4&c=entry&m=ewei_shopv2&do=mobile&r=lottery',
    'menuid' => '411154211',
    'from' => 'oBNJw1OU62I3pUUEPB8yYx30ZcCU',
    'to' => 'gh_457112fa2e21',
    'time' => '1502291985',
    'type' => 'text',
    'content' => 'http://www.fphealthy.com/shop/app/index.php?i=4&c=entry&m=ewei_shopv2&do=mobile&r=lottery',
    'redirection' => true,
    'source' => 'VIEW',
  ),
)

2017-08-09 23:19:44 response :
------------

2017-08-09 23:20:47 trace :
------------
String:
<xml><ToUserName><![CDATA[gh_457112fa2e21]]></ToUserName>
<FromUserName><![CDATA[oBNJw1OU62I3pUUEPB8yYx30ZcCU]]></FromUserName>
<CreateTime>1502292048</CreateTime>
<MsgType><![CDATA[event]]></MsgType>
<Event><![CDATA[VIEW]]></Event>
<EventKey><![CDATA[http://www.fphealthy.com/shop/app/index.php?i=4&c=entry&m=ewei_shopv2&do=mobile&r=member]]></EventKey>
<MenuId>411154211</MenuId>
</xml>

2017-08-09 23:20:47 params :
------------
String:
array (
  'rule' => -2,
  'module' => '',
  'message' => 
  array (
    'tousername' => 'gh_457112fa2e21',
    'fromusername' => 'oBNJw1OU62I3pUUEPB8yYx30ZcCU',
    'createtime' => '1502292048',
    'msgtype' => 'event',
    'event' => 'VIEW',
    'eventkey' => 'http://www.fphealthy.com/shop/app/index.php?i=4&c=entry&m=ewei_shopv2&do=mobile&r=member',
    'menuid' => '411154211',
    'from' => 'oBNJw1OU62I3pUUEPB8yYx30ZcCU',
    'to' => 'gh_457112fa2e21',
    'time' => '1502292048',
    'type' => 'text',
    'content' => 'http://www.fphealthy.com/shop/app/index.php?i=4&c=entry&m=ewei_shopv2&do=mobile&r=member',
    'redirection' => true,
    'source' => 'VIEW',
  ),
)

2017-08-09 23:20:47 response :
------------

2017-08-09 23:21:29 trace :
------------
String:
<xml><ToUserName><![CDATA[gh_457112fa2e21]]></ToUserName>
<FromUserName><![CDATA[oBNJw1OU62I3pUUEPB8yYx30ZcCU]]></FromUserName>
<CreateTime>1502292090</CreateTime>
<MsgType><![CDATA[event]]></MsgType>
<Event><![CDATA[VIEW]]></Event>
<EventKey><![CDATA[http://www.fphealthy.com/shop/app/index.php?i=4&c=entry&m=ewei_shopv2&do=mobile&r=lottery]]></EventKey>
<MenuId>411154211</MenuId>
</xml>

2017-08-09 23:21:29 params :
------------
String:
array (
  'rule' => -2,
  'module' => '',
  'message' => 
  array (
    'tousername' => 'gh_457112fa2e21',
    'fromusername' => 'oBNJw1OU62I3pUUEPB8yYx30ZcCU',
    'createtime' => '1502292090',
    'msgtype' => 'event',
    'event' => 'VIEW',
    'eventkey' => 'http://www.fphealthy.com/shop/app/index.php?i=4&c=entry&m=ewei_shopv2&do=mobile&r=lottery',
    'menuid' => '411154211',
    'from' => 'oBNJw1OU62I3pUUEPB8yYx30ZcCU',
    'to' => 'gh_457112fa2e21',
    'time' => '1502292090',
    'type' => 'text',
    'content' => 'http://www.fphealthy.com/shop/app/index.php?i=4&c=entry&m=ewei_shopv2&do=mobile&r=lottery',
    'redirection' => true,
    'source' => 'VIEW',
  ),
)

2017-08-09 23:21:29 response :
------------

2017-08-09 23:21:36 trace :
------------
String:
<xml><ToUserName><![CDATA[gh_457112fa2e21]]></ToUserName>
<FromUserName><![CDATA[oBNJw1OU62I3pUUEPB8yYx30ZcCU]]></FromUserName>
<CreateTime>1502292097</CreateTime>
<MsgType><![CDATA[event]]></MsgType>
<Event><![CDATA[VIEW]]></Event>
<EventKey><![CDATA[http://www.fphealthy.com/shop/app/index.php?i=4&c=entry&eid=146]]></EventKey>
<MenuId>411154211</MenuId>
</xml>

2017-08-09 23:21:36 params :
------------
String:
array (
  'rule' => -2,
  'module' => '',
  'message' => 
  array (
    'tousername' => 'gh_457112fa2e21',
    'fromusername' => 'oBNJw1OU62I3pUUEPB8yYx30ZcCU',
    'createtime' => '1502292097',
    'msgtype' => 'event',
    'event' => 'VIEW',
    'eventkey' => 'http://www.fphealthy.com/shop/app/index.php?i=4&c=entry&eid=146',
    'menuid' => '411154211',
    'from' => 'oBNJw1OU62I3pUUEPB8yYx30ZcCU',
    'to' => 'gh_457112fa2e21',
    'time' => '1502292097',
    'type' => 'text',
    'content' => 'http://www.fphealthy.com/shop/app/index.php?i=4&c=entry&eid=146',
    'redirection' => true,
    'source' => 'VIEW',
  ),
)

2017-08-09 23:21:36 response :
------------

2017-08-09 23:22:33 trace :
------------
String:
<xml><ToUserName><![CDATA[gh_457112fa2e21]]></ToUserName>
<FromUserName><![CDATA[oBNJw1OU62I3pUUEPB8yYx30ZcCU]]></FromUserName>
<CreateTime>1502292154</CreateTime>
<MsgType><![CDATA[event]]></MsgType>
<Event><![CDATA[VIEW]]></Event>
<EventKey><![CDATA[http://www.fphealthy.com/shop/app/index.php?i=4&c=entry&eid=146]]></EventKey>
<MenuId>411154211</MenuId>
</xml>

2017-08-09 23:22:33 params :
------------
String:
array (
  'rule' => -2,
  'module' => '',
  'message' => 
  array (
    'tousername' => 'gh_457112fa2e21',
    'fromusername' => 'oBNJw1OU62I3pUUEPB8yYx30ZcCU',
    'createtime' => '1502292154',
    'msgtype' => 'event',
    'event' => 'VIEW',
    'eventkey' => 'http://www.fphealthy.com/shop/app/index.php?i=4&c=entry&eid=146',
    'menuid' => '411154211',
    'from' => 'oBNJw1OU62I3pUUEPB8yYx30ZcCU',
    'to' => 'gh_457112fa2e21',
    'time' => '1502292154',
    'type' => 'text',
    'content' => 'http://www.fphealthy.com/shop/app/index.php?i=4&c=entry&eid=146',
    'redirection' => true,
    'source' => 'VIEW',
  ),
)

2017-08-09 23:22:33 response :
------------

2017-08-09 23:31:43 trace :
------------
String:
<xml><ToUserName><![CDATA[gh_457112fa2e21]]></ToUserName>
<FromUserName><![CDATA[oBNJw1OU62I3pUUEPB8yYx30ZcCU]]></FromUserName>
<CreateTime>1502292704</CreateTime>
<MsgType><![CDATA[event]]></MsgType>
<Event><![CDATA[VIEW]]></Event>
<EventKey><![CDATA[http://www.fphealthy.com/shop/app/index.php?i=4&c=entry&m=ewei_shopv2&do=mobile&r=lottery]]></EventKey>
<MenuId>411154211</MenuId>
</xml>

2017-08-09 23:31:43 params :
------------
String:
array (
  'rule' => -2,
  'module' => '',
  'message' => 
  array (
    'tousername' => 'gh_457112fa2e21',
    'fromusername' => 'oBNJw1OU62I3pUUEPB8yYx30ZcCU',
    'createtime' => '1502292704',
    'msgtype' => 'event',
    'event' => 'VIEW',
    'eventkey' => 'http://www.fphealthy.com/shop/app/index.php?i=4&c=entry&m=ewei_shopv2&do=mobile&r=lottery',
    'menuid' => '411154211',
    'from' => 'oBNJw1OU62I3pUUEPB8yYx30ZcCU',
    'to' => 'gh_457112fa2e21',
    'time' => '1502292704',
    'type' => 'text',
    'content' => 'http://www.fphealthy.com/shop/app/index.php?i=4&c=entry&m=ewei_shopv2&do=mobile&r=lottery',
    'redirection' => true,
    'source' => 'VIEW',
  ),
)

2017-08-09 23:31:43 response :
------------

2017-08-09 23:32:50 trace :
------------
String:
<xml><ToUserName><![CDATA[gh_457112fa2e21]]></ToUserName>
<FromUserName><![CDATA[oBNJw1OU62I3pUUEPB8yYx30ZcCU]]></FromUserName>
<CreateTime>1502292771</CreateTime>
<MsgType><![CDATA[event]]></MsgType>
<Event><![CDATA[VIEW]]></Event>
<EventKey><![CDATA[http://www.fphealthy.com/shop/app/index.php?i=4&c=entry&m=ewei_shopv2&do=mobile&r=order]]></EventKey>
<MenuId>411154211</MenuId>
</xml>

2017-08-09 23:32:50 params :
------------
String:
array (
  'rule' => -2,
  'module' => '',
  'message' => 
  array (
    'tousername' => 'gh_457112fa2e21',
    'fromusername' => 'oBNJw1OU62I3pUUEPB8yYx30ZcCU',
    'createtime' => '1502292771',
    'msgtype' => 'event',
    'event' => 'VIEW',
    'eventkey' => 'http://www.fphealthy.com/shop/app/index.php?i=4&c=entry&m=ewei_shopv2&do=mobile&r=order',
    'menuid' => '411154211',
    'from' => 'oBNJw1OU62I3pUUEPB8yYx30ZcCU',
    'to' => 'gh_457112fa2e21',
    'time' => '1502292771',
    'type' => 'text',
    'content' => 'http://www.fphealthy.com/shop/app/index.php?i=4&c=entry&m=ewei_shopv2&do=mobile&r=order',
    'redirection' => true,
    'source' => 'VIEW',
  ),
)

2017-08-09 23:32:50 response :
------------

2017-08-09 23:32:59 trace :
------------
String:
<xml><ToUserName><![CDATA[gh_457112fa2e21]]></ToUserName>
<FromUserName><![CDATA[oBNJw1OU62I3pUUEPB8yYx30ZcCU]]></FromUserName>
<CreateTime>1502292781</CreateTime>
<MsgType><![CDATA[event]]></MsgType>
<Event><![CDATA[VIEW]]></Event>
<EventKey><![CDATA[http://www.fphealthy.com/shop/app/index.php?i=4&c=entry&eid=146]]></EventKey>
<MenuId>411154211</MenuId>
</xml>

2017-08-09 23:32:59 params :
------------
String:
array (
  'rule' => -2,
  'module' => '',
  'message' => 
  array (
    'tousername' => 'gh_457112fa2e21',
    'fromusername' => 'oBNJw1OU62I3pUUEPB8yYx30ZcCU',
    'createtime' => '1502292781',
    'msgtype' => 'event',
    'event' => 'VIEW',
    'eventkey' => 'http://www.fphealthy.com/shop/app/index.php?i=4&c=entry&eid=146',
    'menuid' => '411154211',
    'from' => 'oBNJw1OU62I3pUUEPB8yYx30ZcCU',
    'to' => 'gh_457112fa2e21',
    'time' => '1502292781',
    'type' => 'text',
    'content' => 'http://www.fphealthy.com/shop/app/index.php?i=4&c=entry&eid=146',
    'redirection' => true,
    'source' => 'VIEW',
  ),
)

2017-08-09 23:32:59 response :
------------

2017-08-09 23:33:30 trace :
------------
String:
<xml><ToUserName><![CDATA[gh_457112fa2e21]]></ToUserName>
<FromUserName><![CDATA[oBNJw1OU62I3pUUEPB8yYx30ZcCU]]></FromUserName>
<CreateTime>1502292812</CreateTime>
<MsgType><![CDATA[event]]></MsgType>
<Event><![CDATA[VIEW]]></Event>
<EventKey><![CDATA[http://www.fphealthy.com/shop/app/index.php?i=4&c=entry&m=ewei_shopv2&do=mobile&r=lottery]]></EventKey>
<MenuId>411154211</MenuId>
</xml>

2017-08-09 23:33:30 params :
------------
String:
array (
  'rule' => -2,
  'module' => '',
  'message' => 
  array (
    'tousername' => 'gh_457112fa2e21',
    'fromusername' => 'oBNJw1OU62I3pUUEPB8yYx30ZcCU',
    'createtime' => '1502292812',
    'msgtype' => 'event',
    'event' => 'VIEW',
    'eventkey' => 'http://www.fphealthy.com/shop/app/index.php?i=4&c=entry&m=ewei_shopv2&do=mobile&r=lottery',
    'menuid' => '411154211',
    'from' => 'oBNJw1OU62I3pUUEPB8yYx30ZcCU',
    'to' => 'gh_457112fa2e21',
    'time' => '1502292812',
    'type' => 'text',
    'content' => 'http://www.fphealthy.com/shop/app/index.php?i=4&c=entry&m=ewei_shopv2&do=mobile&r=lottery',
    'redirection' => true,
    'source' => 'VIEW',
  ),
)

2017-08-09 23:33:30 response :
------------

2017-08-09 23:37:29 trace :
------------
String:
<xml><ToUserName><![CDATA[gh_457112fa2e21]]></ToUserName>
<FromUserName><![CDATA[oBNJw1OU62I3pUUEPB8yYx30ZcCU]]></FromUserName>
<CreateTime>1502293050</CreateTime>
<MsgType><![CDATA[event]]></MsgType>
<Event><![CDATA[VIEW]]></Event>
<EventKey><![CDATA[http://www.fphealthy.com/shop/app/index.php?i=4&c=entry&eid=146]]></EventKey>
<MenuId>411154211</MenuId>
</xml>

2017-08-09 23:37:29 params :
------------
String:
array (
  'rule' => -2,
  'module' => '',
  'message' => 
  array (
    'tousername' => 'gh_457112fa2e21',
    'fromusername' => 'oBNJw1OU62I3pUUEPB8yYx30ZcCU',
    'createtime' => '1502293050',
    'msgtype' => 'event',
    'event' => 'VIEW',
    'eventkey' => 'http://www.fphealthy.com/shop/app/index.php?i=4&c=entry&eid=146',
    'menuid' => '411154211',
    'from' => 'oBNJw1OU62I3pUUEPB8yYx30ZcCU',
    'to' => 'gh_457112fa2e21',
    'time' => '1502293050',
    'type' => 'text',
    'content' => 'http://www.fphealthy.com/shop/app/index.php?i=4&c=entry&eid=146',
    'redirection' => true,
    'source' => 'VIEW',
  ),
)

2017-08-09 23:37:29 response :
------------

2017-08-09 23:47:15 trace :
------------
String:
<xml><ToUserName><![CDATA[gh_457112fa2e21]]></ToUserName>
<FromUserName><![CDATA[oBNJw1OU62I3pUUEPB8yYx30ZcCU]]></FromUserName>
<CreateTime>1502293636</CreateTime>
<MsgType><![CDATA[event]]></MsgType>
<Event><![CDATA[VIEW]]></Event>
<EventKey><![CDATA[http://www.fphealthy.com/shop/app/index.php?i=4&c=entry&m=ewei_shopv2&do=mobile&r=lottery]]></EventKey>
<MenuId>411154211</MenuId>
</xml>

2017-08-09 23:47:15 params :
------------
String:
array (
  'rule' => -2,
  'module' => '',
  'message' => 
  array (
    'tousername' => 'gh_457112fa2e21',
    'fromusername' => 'oBNJw1OU62I3pUUEPB8yYx30ZcCU',
    'createtime' => '1502293636',
    'msgtype' => 'event',
    'event' => 'VIEW',
    'eventkey' => 'http://www.fphealthy.com/shop/app/index.php?i=4&c=entry&m=ewei_shopv2&do=mobile&r=lottery',
    'menuid' => '411154211',
    'from' => 'oBNJw1OU62I3pUUEPB8yYx30ZcCU',
    'to' => 'gh_457112fa2e21',
    'time' => '1502293636',
    'type' => 'text',
    'content' => 'http://www.fphealthy.com/shop/app/index.php?i=4&c=entry&m=ewei_shopv2&do=mobile&r=lottery',
    'redirection' => true,
    'source' => 'VIEW',
  ),
)

2017-08-09 23:47:15 response :
------------

2017-08-09 23:47:25 trace :
------------
String:
<xml><ToUserName><![CDATA[gh_457112fa2e21]]></ToUserName>
<FromUserName><![CDATA[oBNJw1OU62I3pUUEPB8yYx30ZcCU]]></FromUserName>
<CreateTime>1502293647</CreateTime>
<MsgType><![CDATA[event]]></MsgType>
<Event><![CDATA[VIEW]]></Event>
<EventKey><![CDATA[http://www.fphealthy.com/shop/app/index.php?i=4&c=entry&eid=146]]></EventKey>
<MenuId>411154211</MenuId>
</xml>

2017-08-09 23:47:26 params :
------------
String:
array (
  'rule' => -2,
  'module' => '',
  'message' => 
  array (
    'tousername' => 'gh_457112fa2e21',
    'fromusername' => 'oBNJw1OU62I3pUUEPB8yYx30ZcCU',
    'createtime' => '1502293647',
    'msgtype' => 'event',
    'event' => 'VIEW',
    'eventkey' => 'http://www.fphealthy.com/shop/app/index.php?i=4&c=entry&eid=146',
    'menuid' => '411154211',
    'from' => 'oBNJw1OU62I3pUUEPB8yYx30ZcCU',
    'to' => 'gh_457112fa2e21',
    'time' => '1502293647',
    'type' => 'text',
    'content' => 'http://www.fphealthy.com/shop/app/index.php?i=4&c=entry&eid=146',
    'redirection' => true,
    'source' => 'VIEW',
  ),
)

2017-08-09 23:47:26 response :
------------

2017-08-09 23:50:26 trace :
------------
String:
<xml><ToUserName><![CDATA[gh_457112fa2e21]]></ToUserName>
<FromUserName><![CDATA[oBNJw1JSRPLZZ9lAvox1uflsmBbc]]></FromUserName>
<CreateTime>1502293827</CreateTime>
<MsgType><![CDATA[event]]></MsgType>
<Event><![CDATA[unsubscribe]]></Event>
<EventKey><![CDATA[]]></EventKey>
</xml>

2017-08-09 23:51:57 trace :
------------
String:
<xml><ToUserName><![CDATA[gh_457112fa2e21]]></ToUserName>
<FromUserName><![CDATA[oBNJw1JSRPLZZ9lAvox1uflsmBbc]]></FromUserName>
<CreateTime>1502293918</CreateTime>
<MsgType><![CDATA[event]]></MsgType>
<Event><![CDATA[subscribe]]></Event>
<EventKey><![CDATA[]]></EventKey>
</xml>

2017-08-09 23:51:57 params :
------------
String:
array (
  'message' => 
  array (
    'tousername' => 'gh_457112fa2e21',
    'fromusername' => 'oBNJw1JSRPLZZ9lAvox1uflsmBbc',
    'createtime' => '1502293918',
    'msgtype' => 'event',
    'event' => 'subscribe',
    'eventkey' => '',
    'from' => 'oBNJw1JSRPLZZ9lAvox1uflsmBbc',
    'to' => 'gh_457112fa2e21',
    'time' => '1502293918',
    'type' => 'text',
    'redirection' => true,
    'source' => 'subscribe',
    'content' => '商城',
  ),
  'module' => 'cover',
  'rule' => '18',
  'priority' => '0',
  'keyword' => 
  array (
    'id' => '24',
    'rid' => '18',
    'uniacid' => '4',
    'module' => 'cover',
    'content' => '商城',
    'type' => '1',
    'displayorder' => '0',
    'status' => '1',
  ),
)

2017-08-09 23:51:57 response :
------------
Array:
FromUserName : gh_457112fa2e21 ;
ToUserName : oBNJw1JSRPLZZ9lAvox1uflsmBbc ;
MsgType : news ;
ArticleCount : 1 ;
Articles : Array ;

