2018-05-07 12:15:43 trace :
------------
String:
<xml><ToUserName><![CDATA[gh_457112fa2e21]]></ToUserName>
<FromUserName><![CDATA[oBNJw1EC09ATcew4_H-Dt_YkTbnA]]></FromUserName>
<CreateTime>1525666533</CreateTime>
<MsgType><![CDATA[event]]></MsgType>
<Event><![CDATA[subscribe]]></Event>
<EventKey><![CDATA[last_trade_no_4200000138201805074586570241]]></EventKey>
</xml>

2018-05-07 12:15:44 params :
------------
String:
array (
  'message' => 
  array (
    'tousername' => 'gh_457112fa2e21',
    'fromusername' => 'oBNJw1EC09ATcew4_H-Dt_YkTbnA',
    'createtime' => '1525666533',
    'msgtype' => 'event',
    'event' => 'subscribe',
    'eventkey' => 'last_trade_no_4200000138201805074586570241',
    'from' => 'oBNJw1EC09ATcew4_H-Dt_YkTbnA',
    'to' => 'gh_457112fa2e21',
    'time' => '1525666533',
    'type' => 'text',
    'scene' => 'last_trade_no_4200000138201805074586570241',
    'redirection' => true,
    'source' => 'subscribe',
    'content' => '商城',
  ),
  'module' => 'cover',
  'rule' => '18',
  'priority' => '0',
  'keyword' => 
  array (
    'id' => '24',
    'rid' => '18',
    'uniacid' => '4',
    'module' => 'cover',
    'content' => '商城',
    'type' => '1',
    'displayorder' => '0',
    'status' => '1',
  ),
)

2018-05-07 12:15:44 response :
------------
Array:
FromUserName : gh_457112fa2e21 ;
ToUserName : oBNJw1EC09ATcew4_H-Dt_YkTbnA ;
MsgType : news ;
ArticleCount : 1 ;
Articles : Array ;

2018-05-07 12:16:43 trace :
------------
String:
<xml><ToUserName><![CDATA[gh_457112fa2e21]]></ToUserName>
<FromUserName><![CDATA[oBNJw1EC09ATcew4_H-Dt_YkTbnA]]></FromUserName>
<CreateTime>1525666604</CreateTime>
<MsgType><![CDATA[event]]></MsgType>
<Event><![CDATA[VIEW]]></Event>
<EventKey><![CDATA[http://www.fphealthy.com/shop/app/index.php?i=4&c=entry&eid=146]]></EventKey>
<MenuId>411154211</MenuId>
</xml>

2018-05-07 12:16:43 params :
------------
String:
array (
  'rule' => -2,
  'module' => '',
  'message' => 
  array (
    'tousername' => 'gh_457112fa2e21',
    'fromusername' => 'oBNJw1EC09ATcew4_H-Dt_YkTbnA',
    'createtime' => '1525666604',
    'msgtype' => 'event',
    'event' => 'VIEW',
    'eventkey' => 'http://www.fphealthy.com/shop/app/index.php?i=4&c=entry&eid=146',
    'menuid' => '411154211',
    'from' => 'oBNJw1EC09ATcew4_H-Dt_YkTbnA',
    'to' => 'gh_457112fa2e21',
    'time' => '1525666604',
    'type' => 'text',
    'content' => 'http://www.fphealthy.com/shop/app/index.php?i=4&c=entry&eid=146',
    'redirection' => true,
    'source' => 'VIEW',
  ),
)

2018-05-07 12:16:43 response :
------------

