2018-07-19 11:35:37 trace :
------------
String:
<xml><ToUserName><![CDATA[gh_457112fa2e21]]></ToUserName>
<FromUserName><![CDATA[oBNJw1OU62I3pUUEPB8yYx30ZcCU]]></FromUserName>
<CreateTime>1531971337</CreateTime>
<MsgType><![CDATA[event]]></MsgType>
<Event><![CDATA[VIEW]]></Event>
<EventKey><![CDATA[http://www.fphealthy.com/shop/app/index.php?i=4&c=entry&m=ewei_shopv2&do=mobile&r=member]]></EventKey>
<MenuId>411154211</MenuId>
</xml>

2018-07-19 11:35:37 params :
------------
String:
array (
  'rule' => -2,
  'module' => '',
  'message' => 
  array (
    'tousername' => 'gh_457112fa2e21',
    'fromusername' => 'oBNJw1OU62I3pUUEPB8yYx30ZcCU',
    'createtime' => '1531971337',
    'msgtype' => 'event',
    'event' => 'VIEW',
    'eventkey' => 'http://www.fphealthy.com/shop/app/index.php?i=4&c=entry&m=ewei_shopv2&do=mobile&r=member',
    'menuid' => '411154211',
    'from' => 'oBNJw1OU62I3pUUEPB8yYx30ZcCU',
    'to' => 'gh_457112fa2e21',
    'time' => '1531971337',
    'type' => 'text',
    'content' => 'http://www.fphealthy.com/shop/app/index.php?i=4&c=entry&m=ewei_shopv2&do=mobile&r=member',
    'redirection' => true,
    'source' => 'VIEW',
  ),
)

2018-07-19 11:35:37 response :
------------

2018-07-19 11:53:07 trace :
------------
String:
<xml><ToUserName><![CDATA[gh_457112fa2e21]]></ToUserName>
<FromUserName><![CDATA[oBNJw1OU62I3pUUEPB8yYx30ZcCU]]></FromUserName>
<CreateTime>1531972387</CreateTime>
<MsgType><![CDATA[event]]></MsgType>
<Event><![CDATA[VIEW]]></Event>
<EventKey><![CDATA[http://www.fphealthy.com/shop/app/index.php?i=4&c=entry&m=ewei_shopv2&do=mobile&r=order]]></EventKey>
<MenuId>411154211</MenuId>
</xml>

2018-07-19 11:53:07 params :
------------
String:
array (
  'rule' => -2,
  'module' => '',
  'message' => 
  array (
    'tousername' => 'gh_457112fa2e21',
    'fromusername' => 'oBNJw1OU62I3pUUEPB8yYx30ZcCU',
    'createtime' => '1531972387',
    'msgtype' => 'event',
    'event' => 'VIEW',
    'eventkey' => 'http://www.fphealthy.com/shop/app/index.php?i=4&c=entry&m=ewei_shopv2&do=mobile&r=order',
    'menuid' => '411154211',
    'from' => 'oBNJw1OU62I3pUUEPB8yYx30ZcCU',
    'to' => 'gh_457112fa2e21',
    'time' => '1531972387',
    'type' => 'text',
    'content' => 'http://www.fphealthy.com/shop/app/index.php?i=4&c=entry&m=ewei_shopv2&do=mobile&r=order',
    'redirection' => true,
    'source' => 'VIEW',
  ),
)

2018-07-19 11:53:07 response :
------------

2018-07-19 11:54:45 trace :
------------
String:
<xml><ToUserName><![CDATA[gh_457112fa2e21]]></ToUserName>
<FromUserName><![CDATA[oBNJw1OU62I3pUUEPB8yYx30ZcCU]]></FromUserName>
<CreateTime>1531972486</CreateTime>
<MsgType><![CDATA[event]]></MsgType>
<Event><![CDATA[VIEW]]></Event>
<EventKey><![CDATA[http://www.fphealthy.com/shop/app/index.php?i=4&c=entry&eid=146]]></EventKey>
<MenuId>411154211</MenuId>
</xml>

2018-07-19 11:54:45 params :
------------
String:
array (
  'rule' => -2,
  'module' => '',
  'message' => 
  array (
    'tousername' => 'gh_457112fa2e21',
    'fromusername' => 'oBNJw1OU62I3pUUEPB8yYx30ZcCU',
    'createtime' => '1531972486',
    'msgtype' => 'event',
    'event' => 'VIEW',
    'eventkey' => 'http://www.fphealthy.com/shop/app/index.php?i=4&c=entry&eid=146',
    'menuid' => '411154211',
    'from' => 'oBNJw1OU62I3pUUEPB8yYx30ZcCU',
    'to' => 'gh_457112fa2e21',
    'time' => '1531972486',
    'type' => 'text',
    'content' => 'http://www.fphealthy.com/shop/app/index.php?i=4&c=entry&eid=146',
    'redirection' => true,
    'source' => 'VIEW',
  ),
)

2018-07-19 11:54:45 response :
------------

2018-07-19 12:08:13 trace :
------------
String:
<xml><ToUserName><![CDATA[gh_457112fa2e21]]></ToUserName>
<FromUserName><![CDATA[oBNJw1OU62I3pUUEPB8yYx30ZcCU]]></FromUserName>
<CreateTime>1531973292</CreateTime>
<MsgType><![CDATA[text]]></MsgType>
<Content><![CDATA[南京天气]]></Content>
<MsgId>6579775187902674173</MsgId>
</xml>

2018-07-19 12:08:13 params :
------------
String:
array (
  'message' => 
  array (
    'tousername' => 'gh_457112fa2e21',
    'fromusername' => 'oBNJw1OU62I3pUUEPB8yYx30ZcCU',
    'createtime' => '1531973292',
    'msgtype' => 'text',
    'content' => '南京天气',
    'msgid' => '6579775187902674173',
    'from' => 'oBNJw1OU62I3pUUEPB8yYx30ZcCU',
    'to' => 'gh_457112fa2e21',
    'time' => '1531973292',
    'type' => 'text',
    'event' => NULL,
    'redirection' => false,
    'source' => NULL,
  ),
  'module' => 'userapi',
  'rule' => '1',
  'priority' => '255',
  'keyword' => 
  array (
    'id' => '1',
    'rid' => '1',
    'uniacid' => '0',
    'module' => 'userapi',
    'content' => '^.+天气$',
    'type' => '3',
    'displayorder' => '255',
    'status' => '1',
  ),
)

2018-07-19 12:08:13 response :
------------
Array:
FromUserName : gh_457112fa2e21 ;
ToUserName : oBNJw1OU62I3pUUEPB8yYx30ZcCU ;
MsgType : text ;
Content : 南京今日天气
今天白天，摄氏度。
，≤3
今天夜间多云，26摄氏度。
东南风，3-4
==================
【穿衣指数】：短袖衫、短裙、短裤、薄型T恤衫、敞领短袖棉衫

【感冒指数】：易发期天气闷热，注意预防热伤风；

【空调指数】：适宜开启空调

【污染物扩散条件】：优非常有利于空气污染物扩散

【洗车指数】：暂无暂无

【运动指数】：不适宜天气闷热，不适宜户外运动；

【紫外线指数】：最弱紫外线最弱

【体感度指数】：较热户外活动不适宜在中午前后展开。
 ;

2018-07-19 12:08:19 trace :
------------
String:
<xml><ToUserName><![CDATA[gh_457112fa2e21]]></ToUserName>
<FromUserName><![CDATA[oBNJw1OU62I3pUUEPB8yYx30ZcCU]]></FromUserName>
<CreateTime>1531973300</CreateTime>
<MsgType><![CDATA[event]]></MsgType>
<Event><![CDATA[VIEW]]></Event>
<EventKey><![CDATA[http://www.fphealthy.com/shop/app/index.php?i=4&c=entry&m=ewei_shopv2&do=mobile&r=member]]></EventKey>
<MenuId>411154211</MenuId>
</xml>

2018-07-19 12:08:19 params :
------------
String:
array (
  'rule' => -2,
  'module' => '',
  'message' => 
  array (
    'tousername' => 'gh_457112fa2e21',
    'fromusername' => 'oBNJw1OU62I3pUUEPB8yYx30ZcCU',
    'createtime' => '1531973300',
    'msgtype' => 'event',
    'event' => 'VIEW',
    'eventkey' => 'http://www.fphealthy.com/shop/app/index.php?i=4&c=entry&m=ewei_shopv2&do=mobile&r=member',
    'menuid' => '411154211',
    'from' => 'oBNJw1OU62I3pUUEPB8yYx30ZcCU',
    'to' => 'gh_457112fa2e21',
    'time' => '1531973300',
    'type' => 'text',
    'content' => 'http://www.fphealthy.com/shop/app/index.php?i=4&c=entry&m=ewei_shopv2&do=mobile&r=member',
    'redirection' => true,
    'source' => 'VIEW',
  ),
)

2018-07-19 12:08:19 response :
------------

2018-07-19 12:10:58 trace :
------------
String:
<xml><ToUserName><![CDATA[gh_457112fa2e21]]></ToUserName>
<FromUserName><![CDATA[oBNJw1OU62I3pUUEPB8yYx30ZcCU]]></FromUserName>
<CreateTime>1531973459</CreateTime>
<MsgType><![CDATA[event]]></MsgType>
<Event><![CDATA[VIEW]]></Event>
<EventKey><![CDATA[http://www.fphealthy.com/shop/app/index.php?i=4&c=entry&m=ewei_shopv2&do=mobile&r=order]]></EventKey>
<MenuId>411154211</MenuId>
</xml>

2018-07-19 12:10:58 params :
------------
String:
array (
  'rule' => -2,
  'module' => '',
  'message' => 
  array (
    'tousername' => 'gh_457112fa2e21',
    'fromusername' => 'oBNJw1OU62I3pUUEPB8yYx30ZcCU',
    'createtime' => '1531973459',
    'msgtype' => 'event',
    'event' => 'VIEW',
    'eventkey' => 'http://www.fphealthy.com/shop/app/index.php?i=4&c=entry&m=ewei_shopv2&do=mobile&r=order',
    'menuid' => '411154211',
    'from' => 'oBNJw1OU62I3pUUEPB8yYx30ZcCU',
    'to' => 'gh_457112fa2e21',
    'time' => '1531973459',
    'type' => 'text',
    'content' => 'http://www.fphealthy.com/shop/app/index.php?i=4&c=entry&m=ewei_shopv2&do=mobile&r=order',
    'redirection' => true,
    'source' => 'VIEW',
  ),
)

2018-07-19 12:10:58 response :
------------

2018-07-19 12:12:46 trace :
------------
String:
<xml><ToUserName><![CDATA[gh_457112fa2e21]]></ToUserName>
<FromUserName><![CDATA[oBNJw1OU62I3pUUEPB8yYx30ZcCU]]></FromUserName>
<CreateTime>1531973567</CreateTime>
<MsgType><![CDATA[event]]></MsgType>
<Event><![CDATA[VIEW]]></Event>
<EventKey><![CDATA[http://www.fphealthy.com/shop/app/index.php?i=4&c=entry&eid=146]]></EventKey>
<MenuId>411154211</MenuId>
</xml>

2018-07-19 12:12:46 params :
------------
String:
array (
  'rule' => -2,
  'module' => '',
  'message' => 
  array (
    'tousername' => 'gh_457112fa2e21',
    'fromusername' => 'oBNJw1OU62I3pUUEPB8yYx30ZcCU',
    'createtime' => '1531973567',
    'msgtype' => 'event',
    'event' => 'VIEW',
    'eventkey' => 'http://www.fphealthy.com/shop/app/index.php?i=4&c=entry&eid=146',
    'menuid' => '411154211',
    'from' => 'oBNJw1OU62I3pUUEPB8yYx30ZcCU',
    'to' => 'gh_457112fa2e21',
    'time' => '1531973567',
    'type' => 'text',
    'content' => 'http://www.fphealthy.com/shop/app/index.php?i=4&c=entry&eid=146',
    'redirection' => true,
    'source' => 'VIEW',
  ),
)

2018-07-19 12:12:46 response :
------------

2018-07-19 12:30:57 trace :
------------
String:
<xml><ToUserName><![CDATA[gh_457112fa2e21]]></ToUserName>
<FromUserName><![CDATA[oBNJw1OU62I3pUUEPB8yYx30ZcCU]]></FromUserName>
<CreateTime>1531974658</CreateTime>
<MsgType><![CDATA[event]]></MsgType>
<Event><![CDATA[VIEW]]></Event>
<EventKey><![CDATA[http://www.fphealthy.com/shop/app/index.php?i=4&c=entry&eid=146]]></EventKey>
<MenuId>411154211</MenuId>
</xml>

2018-07-19 12:30:57 params :
------------
String:
array (
  'rule' => -2,
  'module' => '',
  'message' => 
  array (
    'tousername' => 'gh_457112fa2e21',
    'fromusername' => 'oBNJw1OU62I3pUUEPB8yYx30ZcCU',
    'createtime' => '1531974658',
    'msgtype' => 'event',
    'event' => 'VIEW',
    'eventkey' => 'http://www.fphealthy.com/shop/app/index.php?i=4&c=entry&eid=146',
    'menuid' => '411154211',
    'from' => 'oBNJw1OU62I3pUUEPB8yYx30ZcCU',
    'to' => 'gh_457112fa2e21',
    'time' => '1531974658',
    'type' => 'text',
    'content' => 'http://www.fphealthy.com/shop/app/index.php?i=4&c=entry&eid=146',
    'redirection' => true,
    'source' => 'VIEW',
  ),
)

2018-07-19 12:30:57 response :
------------

2018-07-19 12:37:16 trace :
------------
String:
<xml><ToUserName><![CDATA[gh_457112fa2e21]]></ToUserName>
<FromUserName><![CDATA[oBNJw1OU62I3pUUEPB8yYx30ZcCU]]></FromUserName>
<CreateTime>1531975032</CreateTime>
<MsgType><![CDATA[event]]></MsgType>
<Event><![CDATA[VIEW]]></Event>
<EventKey><![CDATA[http://www.fphealthy.com/shop/app/index.php?i=4&c=entry&m=ewei_shopv2&do=mobile&r=order]]></EventKey>
<MenuId>411154211</MenuId>
</xml>

2018-07-19 12:37:16 params :
------------
String:
array (
  'rule' => -2,
  'module' => '',
  'message' => 
  array (
    'tousername' => 'gh_457112fa2e21',
    'fromusername' => 'oBNJw1OU62I3pUUEPB8yYx30ZcCU',
    'createtime' => '1531975032',
    'msgtype' => 'event',
    'event' => 'VIEW',
    'eventkey' => 'http://www.fphealthy.com/shop/app/index.php?i=4&c=entry&m=ewei_shopv2&do=mobile&r=order',
    'menuid' => '411154211',
    'from' => 'oBNJw1OU62I3pUUEPB8yYx30ZcCU',
    'to' => 'gh_457112fa2e21',
    'time' => '1531975032',
    'type' => 'text',
    'content' => 'http://www.fphealthy.com/shop/app/index.php?i=4&c=entry&m=ewei_shopv2&do=mobile&r=order',
    'redirection' => true,
    'source' => 'VIEW',
  ),
)

2018-07-19 12:37:16 response :
------------

2018-07-19 12:37:21 trace :
------------
String:
<xml><ToUserName><![CDATA[gh_457112fa2e21]]></ToUserName>
<FromUserName><![CDATA[oBNJw1OU62I3pUUEPB8yYx30ZcCU]]></FromUserName>
<CreateTime>1531975032</CreateTime>
<MsgType><![CDATA[event]]></MsgType>
<Event><![CDATA[VIEW]]></Event>
<EventKey><![CDATA[http://www.fphealthy.com/shop/app/index.php?i=4&c=entry&m=ewei_shopv2&do=mobile&r=order]]></EventKey>
<MenuId>411154211</MenuId>
</xml>

2018-07-19 12:37:21 params :
------------
String:
array (
  'rule' => -2,
  'module' => '',
  'message' => 
  array (
    'tousername' => 'gh_457112fa2e21',
    'fromusername' => 'oBNJw1OU62I3pUUEPB8yYx30ZcCU',
    'createtime' => '1531975032',
    'msgtype' => 'event',
    'event' => 'VIEW',
    'eventkey' => 'http://www.fphealthy.com/shop/app/index.php?i=4&c=entry&m=ewei_shopv2&do=mobile&r=order',
    'menuid' => '411154211',
    'from' => 'oBNJw1OU62I3pUUEPB8yYx30ZcCU',
    'to' => 'gh_457112fa2e21',
    'time' => '1531975032',
    'type' => 'text',
    'content' => 'http://www.fphealthy.com/shop/app/index.php?i=4&c=entry&m=ewei_shopv2&do=mobile&r=order',
    'redirection' => true,
    'source' => 'VIEW',
  ),
)

2018-07-19 12:37:21 response :
------------

2018-07-19 12:37:23 trace :
------------
String:
<xml><ToUserName><![CDATA[gh_457112fa2e21]]></ToUserName>
<FromUserName><![CDATA[oBNJw1OU62I3pUUEPB8yYx30ZcCU]]></FromUserName>
<CreateTime>1531975032</CreateTime>
<MsgType><![CDATA[event]]></MsgType>
<Event><![CDATA[VIEW]]></Event>
<EventKey><![CDATA[http://www.fphealthy.com/shop/app/index.php?i=4&c=entry&m=ewei_shopv2&do=mobile&r=order]]></EventKey>
<MenuId>411154211</MenuId>
</xml>

2018-07-19 12:37:23 params :
------------
String:
array (
  'rule' => -2,
  'module' => '',
  'message' => 
  array (
    'tousername' => 'gh_457112fa2e21',
    'fromusername' => 'oBNJw1OU62I3pUUEPB8yYx30ZcCU',
    'createtime' => '1531975032',
    'msgtype' => 'event',
    'event' => 'VIEW',
    'eventkey' => 'http://www.fphealthy.com/shop/app/index.php?i=4&c=entry&m=ewei_shopv2&do=mobile&r=order',
    'menuid' => '411154211',
    'from' => 'oBNJw1OU62I3pUUEPB8yYx30ZcCU',
    'to' => 'gh_457112fa2e21',
    'time' => '1531975032',
    'type' => 'text',
    'content' => 'http://www.fphealthy.com/shop/app/index.php?i=4&c=entry&m=ewei_shopv2&do=mobile&r=order',
    'redirection' => true,
    'source' => 'VIEW',
  ),
)

2018-07-19 12:37:23 response :
------------

2018-07-19 12:37:33 trace :
------------
String:
<xml><ToUserName><![CDATA[gh_457112fa2e21]]></ToUserName>
<FromUserName><![CDATA[oBNJw1OU62I3pUUEPB8yYx30ZcCU]]></FromUserName>
<CreateTime>1531975049</CreateTime>
<MsgType><![CDATA[event]]></MsgType>
<Event><![CDATA[VIEW]]></Event>
<EventKey><![CDATA[http://www.fphealthy.com/shop/app/index.php?i=4&c=entry&eid=146]]></EventKey>
<MenuId>411154211</MenuId>
</xml>

2018-07-19 12:37:33 params :
------------
String:
array (
  'rule' => -2,
  'module' => '',
  'message' => 
  array (
    'tousername' => 'gh_457112fa2e21',
    'fromusername' => 'oBNJw1OU62I3pUUEPB8yYx30ZcCU',
    'createtime' => '1531975049',
    'msgtype' => 'event',
    'event' => 'VIEW',
    'eventkey' => 'http://www.fphealthy.com/shop/app/index.php?i=4&c=entry&eid=146',
    'menuid' => '411154211',
    'from' => 'oBNJw1OU62I3pUUEPB8yYx30ZcCU',
    'to' => 'gh_457112fa2e21',
    'time' => '1531975049',
    'type' => 'text',
    'content' => 'http://www.fphealthy.com/shop/app/index.php?i=4&c=entry&eid=146',
    'redirection' => true,
    'source' => 'VIEW',
  ),
)

2018-07-19 12:37:33 response :
------------

2018-07-19 12:37:38 trace :
------------
String:
<xml><ToUserName><![CDATA[gh_457112fa2e21]]></ToUserName>
<FromUserName><![CDATA[oBNJw1OU62I3pUUEPB8yYx30ZcCU]]></FromUserName>
<CreateTime>1531975049</CreateTime>
<MsgType><![CDATA[event]]></MsgType>
<Event><![CDATA[VIEW]]></Event>
<EventKey><![CDATA[http://www.fphealthy.com/shop/app/index.php?i=4&c=entry&eid=146]]></EventKey>
<MenuId>411154211</MenuId>
</xml>

2018-07-19 12:37:38 params :
------------
String:
array (
  'rule' => -2,
  'module' => '',
  'message' => 
  array (
    'tousername' => 'gh_457112fa2e21',
    'fromusername' => 'oBNJw1OU62I3pUUEPB8yYx30ZcCU',
    'createtime' => '1531975049',
    'msgtype' => 'event',
    'event' => 'VIEW',
    'eventkey' => 'http://www.fphealthy.com/shop/app/index.php?i=4&c=entry&eid=146',
    'menuid' => '411154211',
    'from' => 'oBNJw1OU62I3pUUEPB8yYx30ZcCU',
    'to' => 'gh_457112fa2e21',
    'time' => '1531975049',
    'type' => 'text',
    'content' => 'http://www.fphealthy.com/shop/app/index.php?i=4&c=entry&eid=146',
    'redirection' => true,
    'source' => 'VIEW',
  ),
)

2018-07-19 12:37:38 response :
------------

2018-07-19 12:37:44 trace :
------------
String:
<xml><ToUserName><![CDATA[gh_457112fa2e21]]></ToUserName>
<FromUserName><![CDATA[oBNJw1OU62I3pUUEPB8yYx30ZcCU]]></FromUserName>
<CreateTime>1531975049</CreateTime>
<MsgType><![CDATA[event]]></MsgType>
<Event><![CDATA[VIEW]]></Event>
<EventKey><![CDATA[http://www.fphealthy.com/shop/app/index.php?i=4&c=entry&eid=146]]></EventKey>
<MenuId>411154211</MenuId>
</xml>

2018-07-19 12:37:44 params :
------------
String:
array (
  'rule' => -2,
  'module' => '',
  'message' => 
  array (
    'tousername' => 'gh_457112fa2e21',
    'fromusername' => 'oBNJw1OU62I3pUUEPB8yYx30ZcCU',
    'createtime' => '1531975049',
    'msgtype' => 'event',
    'event' => 'VIEW',
    'eventkey' => 'http://www.fphealthy.com/shop/app/index.php?i=4&c=entry&eid=146',
    'menuid' => '411154211',
    'from' => 'oBNJw1OU62I3pUUEPB8yYx30ZcCU',
    'to' => 'gh_457112fa2e21',
    'time' => '1531975049',
    'type' => 'text',
    'content' => 'http://www.fphealthy.com/shop/app/index.php?i=4&c=entry&eid=146',
    'redirection' => true,
    'source' => 'VIEW',
  ),
)

2018-07-19 12:37:44 response :
------------

2018-07-19 12:39:18 trace :
------------
String:
<xml><ToUserName><![CDATA[gh_457112fa2e21]]></ToUserName>
<FromUserName><![CDATA[oBNJw1OU62I3pUUEPB8yYx30ZcCU]]></FromUserName>
<CreateTime>1531975156</CreateTime>
<MsgType><![CDATA[event]]></MsgType>
<Event><![CDATA[TEMPLATESENDJOBFINISH]]></Event>
<MsgID>375522497136787459</MsgID>
<Status><![CDATA[success]]></Status>
</xml>

2018-07-19 12:39:18 params :
------------
String:
array (
  'rule' => -2,
  'module' => '',
  'message' => 
  array (
    'tousername' => 'gh_457112fa2e21',
    'fromusername' => 'oBNJw1OU62I3pUUEPB8yYx30ZcCU',
    'createtime' => '1531975156',
    'msgtype' => 'event',
    'event' => 'TEMPLATESENDJOBFINISH',
    'msgid' => '375522497136787459',
    'status' => 'success',
    'from' => 'oBNJw1OU62I3pUUEPB8yYx30ZcCU',
    'to' => 'gh_457112fa2e21',
    'time' => '1531975156',
    'type' => 'event',
  ),
)

2018-07-19 12:39:18 response :
------------

2018-07-19 12:39:48 trace :
------------
String:
<xml><ToUserName><![CDATA[gh_457112fa2e21]]></ToUserName>
<FromUserName><![CDATA[oBNJw1OU62I3pUUEPB8yYx30ZcCU]]></FromUserName>
<CreateTime>1531975187</CreateTime>
<MsgType><![CDATA[event]]></MsgType>
<Event><![CDATA[VIEW]]></Event>
<EventKey><![CDATA[http://www.fphealthy.com/shop/app/index.php?i=4&c=entry&m=ewei_shopv2&do=mobile&r=lottery]]></EventKey>
<MenuId>411154211</MenuId>
</xml>

2018-07-19 12:39:48 params :
------------
String:
array (
  'rule' => -2,
  'module' => '',
  'message' => 
  array (
    'tousername' => 'gh_457112fa2e21',
    'fromusername' => 'oBNJw1OU62I3pUUEPB8yYx30ZcCU',
    'createtime' => '1531975187',
    'msgtype' => 'event',
    'event' => 'VIEW',
    'eventkey' => 'http://www.fphealthy.com/shop/app/index.php?i=4&c=entry&m=ewei_shopv2&do=mobile&r=lottery',
    'menuid' => '411154211',
    'from' => 'oBNJw1OU62I3pUUEPB8yYx30ZcCU',
    'to' => 'gh_457112fa2e21',
    'time' => '1531975187',
    'type' => 'text',
    'content' => 'http://www.fphealthy.com/shop/app/index.php?i=4&c=entry&m=ewei_shopv2&do=mobile&r=lottery',
    'redirection' => true,
    'source' => 'VIEW',
  ),
)

2018-07-19 12:39:48 response :
------------

2018-07-19 12:40:27 trace :
------------
String:
<xml><ToUserName><![CDATA[gh_457112fa2e21]]></ToUserName>
<FromUserName><![CDATA[oBNJw1OU62I3pUUEPB8yYx30ZcCU]]></FromUserName>
<CreateTime>1531975223</CreateTime>
<MsgType><![CDATA[event]]></MsgType>
<Event><![CDATA[VIEW]]></Event>
<EventKey><![CDATA[http://www.fphealthy.com/shop/app/index.php?i=4&c=entry&m=ewei_shopv2&do=mobile&r=lottery]]></EventKey>
<MenuId>411154211</MenuId>
</xml>

2018-07-19 12:40:27 params :
------------
String:
array (
  'rule' => -2,
  'module' => '',
  'message' => 
  array (
    'tousername' => 'gh_457112fa2e21',
    'fromusername' => 'oBNJw1OU62I3pUUEPB8yYx30ZcCU',
    'createtime' => '1531975223',
    'msgtype' => 'event',
    'event' => 'VIEW',
    'eventkey' => 'http://www.fphealthy.com/shop/app/index.php?i=4&c=entry&m=ewei_shopv2&do=mobile&r=lottery',
    'menuid' => '411154211',
    'from' => 'oBNJw1OU62I3pUUEPB8yYx30ZcCU',
    'to' => 'gh_457112fa2e21',
    'time' => '1531975223',
    'type' => 'text',
    'content' => 'http://www.fphealthy.com/shop/app/index.php?i=4&c=entry&m=ewei_shopv2&do=mobile&r=lottery',
    'redirection' => true,
    'source' => 'VIEW',
  ),
)

2018-07-19 12:40:27 response :
------------

2018-07-19 12:40:32 trace :
------------
String:
<xml><ToUserName><![CDATA[gh_457112fa2e21]]></ToUserName>
<FromUserName><![CDATA[oBNJw1OU62I3pUUEPB8yYx30ZcCU]]></FromUserName>
<CreateTime>1531975232</CreateTime>
<MsgType><![CDATA[event]]></MsgType>
<Event><![CDATA[VIEW]]></Event>
<EventKey><![CDATA[http://www.fphealthy.com/shop/app/index.php?i=4&c=entry&eid=146]]></EventKey>
<MenuId>411154211</MenuId>
</xml>

2018-07-19 12:40:32 params :
------------
String:
array (
  'rule' => -2,
  'module' => '',
  'message' => 
  array (
    'tousername' => 'gh_457112fa2e21',
    'fromusername' => 'oBNJw1OU62I3pUUEPB8yYx30ZcCU',
    'createtime' => '1531975232',
    'msgtype' => 'event',
    'event' => 'VIEW',
    'eventkey' => 'http://www.fphealthy.com/shop/app/index.php?i=4&c=entry&eid=146',
    'menuid' => '411154211',
    'from' => 'oBNJw1OU62I3pUUEPB8yYx30ZcCU',
    'to' => 'gh_457112fa2e21',
    'time' => '1531975232',
    'type' => 'text',
    'content' => 'http://www.fphealthy.com/shop/app/index.php?i=4&c=entry&eid=146',
    'redirection' => true,
    'source' => 'VIEW',
  ),
)

2018-07-19 12:40:32 response :
------------

2018-07-19 12:40:32 trace :
------------
String:
<xml><ToUserName><![CDATA[gh_457112fa2e21]]></ToUserName>
<FromUserName><![CDATA[oBNJw1OU62I3pUUEPB8yYx30ZcCU]]></FromUserName>
<CreateTime>1531975223</CreateTime>
<MsgType><![CDATA[event]]></MsgType>
<Event><![CDATA[VIEW]]></Event>
<EventKey><![CDATA[http://www.fphealthy.com/shop/app/index.php?i=4&c=entry&m=ewei_shopv2&do=mobile&r=lottery]]></EventKey>
<MenuId>411154211</MenuId>
</xml>

2018-07-19 12:40:32 params :
------------
String:
array (
  'rule' => -2,
  'module' => '',
  'message' => 
  array (
    'tousername' => 'gh_457112fa2e21',
    'fromusername' => 'oBNJw1OU62I3pUUEPB8yYx30ZcCU',
    'createtime' => '1531975223',
    'msgtype' => 'event',
    'event' => 'VIEW',
    'eventkey' => 'http://www.fphealthy.com/shop/app/index.php?i=4&c=entry&m=ewei_shopv2&do=mobile&r=lottery',
    'menuid' => '411154211',
    'from' => 'oBNJw1OU62I3pUUEPB8yYx30ZcCU',
    'to' => 'gh_457112fa2e21',
    'time' => '1531975223',
    'type' => 'text',
    'content' => 'http://www.fphealthy.com/shop/app/index.php?i=4&c=entry&m=ewei_shopv2&do=mobile&r=lottery',
    'redirection' => true,
    'source' => 'VIEW',
  ),
)

2018-07-19 12:40:32 response :
------------

2018-07-19 12:40:37 trace :
------------
String:
<xml><ToUserName><![CDATA[gh_457112fa2e21]]></ToUserName>
<FromUserName><![CDATA[oBNJw1OU62I3pUUEPB8yYx30ZcCU]]></FromUserName>
<CreateTime>1531975223</CreateTime>
<MsgType><![CDATA[event]]></MsgType>
<Event><![CDATA[VIEW]]></Event>
<EventKey><![CDATA[http://www.fphealthy.com/shop/app/index.php?i=4&c=entry&m=ewei_shopv2&do=mobile&r=lottery]]></EventKey>
<MenuId>411154211</MenuId>
</xml>

2018-07-19 12:40:37 params :
------------
String:
array (
  'rule' => -2,
  'module' => '',
  'message' => 
  array (
    'tousername' => 'gh_457112fa2e21',
    'fromusername' => 'oBNJw1OU62I3pUUEPB8yYx30ZcCU',
    'createtime' => '1531975223',
    'msgtype' => 'event',
    'event' => 'VIEW',
    'eventkey' => 'http://www.fphealthy.com/shop/app/index.php?i=4&c=entry&m=ewei_shopv2&do=mobile&r=lottery',
    'menuid' => '411154211',
    'from' => 'oBNJw1OU62I3pUUEPB8yYx30ZcCU',
    'to' => 'gh_457112fa2e21',
    'time' => '1531975223',
    'type' => 'text',
    'content' => 'http://www.fphealthy.com/shop/app/index.php?i=4&c=entry&m=ewei_shopv2&do=mobile&r=lottery',
    'redirection' => true,
    'source' => 'VIEW',
  ),
)

2018-07-19 12:40:37 response :
------------

2018-07-19 12:45:20 trace :
------------
String:
<xml><ToUserName><![CDATA[gh_457112fa2e21]]></ToUserName>
<FromUserName><![CDATA[oBNJw1OU62I3pUUEPB8yYx30ZcCU]]></FromUserName>
<CreateTime>1531975521</CreateTime>
<MsgType><![CDATA[event]]></MsgType>
<Event><![CDATA[VIEW]]></Event>
<EventKey><![CDATA[http://www.fphealthy.com/shop/app/index.php?i=4&c=entry&m=ewei_shopv2&do=mobile&r=order]]></EventKey>
<MenuId>411154211</MenuId>
</xml>

2018-07-19 12:45:20 params :
------------
String:
array (
  'rule' => -2,
  'module' => '',
  'message' => 
  array (
    'tousername' => 'gh_457112fa2e21',
    'fromusername' => 'oBNJw1OU62I3pUUEPB8yYx30ZcCU',
    'createtime' => '1531975521',
    'msgtype' => 'event',
    'event' => 'VIEW',
    'eventkey' => 'http://www.fphealthy.com/shop/app/index.php?i=4&c=entry&m=ewei_shopv2&do=mobile&r=order',
    'menuid' => '411154211',
    'from' => 'oBNJw1OU62I3pUUEPB8yYx30ZcCU',
    'to' => 'gh_457112fa2e21',
    'time' => '1531975521',
    'type' => 'text',
    'content' => 'http://www.fphealthy.com/shop/app/index.php?i=4&c=entry&m=ewei_shopv2&do=mobile&r=order',
    'redirection' => true,
    'source' => 'VIEW',
  ),
)

2018-07-19 12:45:20 response :
------------

2018-07-19 12:45:36 trace :
------------
String:
<xml><ToUserName><![CDATA[gh_457112fa2e21]]></ToUserName>
<FromUserName><![CDATA[oBNJw1OU62I3pUUEPB8yYx30ZcCU]]></FromUserName>
<CreateTime>1531975537</CreateTime>
<MsgType><![CDATA[event]]></MsgType>
<Event><![CDATA[VIEW]]></Event>
<EventKey><![CDATA[http://www.fphealthy.com/shop/app/index.php?i=4&c=entry&eid=146]]></EventKey>
<MenuId>411154211</MenuId>
</xml>

2018-07-19 12:45:36 params :
------------
String:
array (
  'rule' => -2,
  'module' => '',
  'message' => 
  array (
    'tousername' => 'gh_457112fa2e21',
    'fromusername' => 'oBNJw1OU62I3pUUEPB8yYx30ZcCU',
    'createtime' => '1531975537',
    'msgtype' => 'event',
    'event' => 'VIEW',
    'eventkey' => 'http://www.fphealthy.com/shop/app/index.php?i=4&c=entry&eid=146',
    'menuid' => '411154211',
    'from' => 'oBNJw1OU62I3pUUEPB8yYx30ZcCU',
    'to' => 'gh_457112fa2e21',
    'time' => '1531975537',
    'type' => 'text',
    'content' => 'http://www.fphealthy.com/shop/app/index.php?i=4&c=entry&eid=146',
    'redirection' => true,
    'source' => 'VIEW',
  ),
)

2018-07-19 12:45:36 response :
------------

2018-07-19 12:46:10 trace :
------------
String:
<xml><ToUserName><![CDATA[gh_457112fa2e21]]></ToUserName>
<FromUserName><![CDATA[oBNJw1JSRPLZZ9lAvox1uflsmBbc]]></FromUserName>
<CreateTime>1531975570</CreateTime>
<MsgType><![CDATA[event]]></MsgType>
<Event><![CDATA[VIEW]]></Event>
<EventKey><![CDATA[http://www.fphealthy.com/shop/app/index.php?i=4&c=entry&m=ewei_shopv2&do=mobile&r=member]]></EventKey>
<MenuId>411154211</MenuId>
</xml>

2018-07-19 12:46:10 params :
------------
String:
array (
  'rule' => -2,
  'module' => '',
  'message' => 
  array (
    'tousername' => 'gh_457112fa2e21',
    'fromusername' => 'oBNJw1JSRPLZZ9lAvox1uflsmBbc',
    'createtime' => '1531975570',
    'msgtype' => 'event',
    'event' => 'VIEW',
    'eventkey' => 'http://www.fphealthy.com/shop/app/index.php?i=4&c=entry&m=ewei_shopv2&do=mobile&r=member',
    'menuid' => '411154211',
    'from' => 'oBNJw1JSRPLZZ9lAvox1uflsmBbc',
    'to' => 'gh_457112fa2e21',
    'time' => '1531975570',
    'type' => 'text',
    'content' => 'http://www.fphealthy.com/shop/app/index.php?i=4&c=entry&m=ewei_shopv2&do=mobile&r=member',
    'redirection' => true,
    'source' => 'VIEW',
  ),
)

2018-07-19 12:46:10 response :
------------

2018-07-19 12:46:44 trace :
------------
String:
<xml><ToUserName><![CDATA[gh_457112fa2e21]]></ToUserName>
<FromUserName><![CDATA[oBNJw1JSRPLZZ9lAvox1uflsmBbc]]></FromUserName>
<CreateTime>1531975605</CreateTime>
<MsgType><![CDATA[event]]></MsgType>
<Event><![CDATA[VIEW]]></Event>
<EventKey><![CDATA[http://www.fphealthy.com/shop/app/index.php?i=4&c=entry&eid=146]]></EventKey>
<MenuId>411154211</MenuId>
</xml>

2018-07-19 12:46:44 params :
------------
String:
array (
  'rule' => -2,
  'module' => '',
  'message' => 
  array (
    'tousername' => 'gh_457112fa2e21',
    'fromusername' => 'oBNJw1JSRPLZZ9lAvox1uflsmBbc',
    'createtime' => '1531975605',
    'msgtype' => 'event',
    'event' => 'VIEW',
    'eventkey' => 'http://www.fphealthy.com/shop/app/index.php?i=4&c=entry&eid=146',
    'menuid' => '411154211',
    'from' => 'oBNJw1JSRPLZZ9lAvox1uflsmBbc',
    'to' => 'gh_457112fa2e21',
    'time' => '1531975605',
    'type' => 'text',
    'content' => 'http://www.fphealthy.com/shop/app/index.php?i=4&c=entry&eid=146',
    'redirection' => true,
    'source' => 'VIEW',
  ),
)

2018-07-19 12:46:44 response :
------------

2018-07-19 12:46:52 trace :
------------
String:
<xml><ToUserName><![CDATA[gh_457112fa2e21]]></ToUserName>
<FromUserName><![CDATA[oBNJw1JSRPLZZ9lAvox1uflsmBbc]]></FromUserName>
<CreateTime>1531975612</CreateTime>
<MsgType><![CDATA[event]]></MsgType>
<Event><![CDATA[VIEW]]></Event>
<EventKey><![CDATA[http://www.fphealthy.com/shop/app/index.php?i=4&c=entry&m=ewei_shopv2&do=mobile&r=order]]></EventKey>
<MenuId>411154211</MenuId>
</xml>

2018-07-19 12:46:52 params :
------------
String:
array (
  'rule' => -2,
  'module' => '',
  'message' => 
  array (
    'tousername' => 'gh_457112fa2e21',
    'fromusername' => 'oBNJw1JSRPLZZ9lAvox1uflsmBbc',
    'createtime' => '1531975612',
    'msgtype' => 'event',
    'event' => 'VIEW',
    'eventkey' => 'http://www.fphealthy.com/shop/app/index.php?i=4&c=entry&m=ewei_shopv2&do=mobile&r=order',
    'menuid' => '411154211',
    'from' => 'oBNJw1JSRPLZZ9lAvox1uflsmBbc',
    'to' => 'gh_457112fa2e21',
    'time' => '1531975612',
    'type' => 'text',
    'content' => 'http://www.fphealthy.com/shop/app/index.php?i=4&c=entry&m=ewei_shopv2&do=mobile&r=order',
    'redirection' => true,
    'source' => 'VIEW',
  ),
)

2018-07-19 12:46:52 response :
------------

2018-07-19 12:48:12 trace :
------------
String:
<xml><ToUserName><![CDATA[gh_457112fa2e21]]></ToUserName>
<FromUserName><![CDATA[oBNJw1OU62I3pUUEPB8yYx30ZcCU]]></FromUserName>
<CreateTime>1531975692</CreateTime>
<MsgType><![CDATA[event]]></MsgType>
<Event><![CDATA[VIEW]]></Event>
<EventKey><![CDATA[http://www.fphealthy.com/shop/app/index.php?i=4&c=entry&m=ewei_shopv2&do=mobile&r=order]]></EventKey>
<MenuId>411154211</MenuId>
</xml>

2018-07-19 12:48:12 params :
------------
String:
array (
  'rule' => -2,
  'module' => '',
  'message' => 
  array (
    'tousername' => 'gh_457112fa2e21',
    'fromusername' => 'oBNJw1OU62I3pUUEPB8yYx30ZcCU',
    'createtime' => '1531975692',
    'msgtype' => 'event',
    'event' => 'VIEW',
    'eventkey' => 'http://www.fphealthy.com/shop/app/index.php?i=4&c=entry&m=ewei_shopv2&do=mobile&r=order',
    'menuid' => '411154211',
    'from' => 'oBNJw1OU62I3pUUEPB8yYx30ZcCU',
    'to' => 'gh_457112fa2e21',
    'time' => '1531975692',
    'type' => 'text',
    'content' => 'http://www.fphealthy.com/shop/app/index.php?i=4&c=entry&m=ewei_shopv2&do=mobile&r=order',
    'redirection' => true,
    'source' => 'VIEW',
  ),
)

2018-07-19 12:48:12 response :
------------

2018-07-19 12:48:17 trace :
------------
String:
<xml><ToUserName><![CDATA[gh_457112fa2e21]]></ToUserName>
<FromUserName><![CDATA[oBNJw1OU62I3pUUEPB8yYx30ZcCU]]></FromUserName>
<CreateTime>1531975697</CreateTime>
<MsgType><![CDATA[event]]></MsgType>
<Event><![CDATA[VIEW]]></Event>
<EventKey><![CDATA[http://www.fphealthy.com/shop/app/index.php?i=4&c=entry&m=ewei_shopv2&do=mobile&r=member]]></EventKey>
<MenuId>411154211</MenuId>
</xml>

2018-07-19 12:48:17 params :
------------
String:
array (
  'rule' => -2,
  'module' => '',
  'message' => 
  array (
    'tousername' => 'gh_457112fa2e21',
    'fromusername' => 'oBNJw1OU62I3pUUEPB8yYx30ZcCU',
    'createtime' => '1531975697',
    'msgtype' => 'event',
    'event' => 'VIEW',
    'eventkey' => 'http://www.fphealthy.com/shop/app/index.php?i=4&c=entry&m=ewei_shopv2&do=mobile&r=member',
    'menuid' => '411154211',
    'from' => 'oBNJw1OU62I3pUUEPB8yYx30ZcCU',
    'to' => 'gh_457112fa2e21',
    'time' => '1531975697',
    'type' => 'text',
    'content' => 'http://www.fphealthy.com/shop/app/index.php?i=4&c=entry&m=ewei_shopv2&do=mobile&r=member',
    'redirection' => true,
    'source' => 'VIEW',
  ),
)

2018-07-19 12:48:17 response :
------------

2018-07-19 12:48:42 trace :
------------
String:
<xml><ToUserName><![CDATA[gh_457112fa2e21]]></ToUserName>
<FromUserName><![CDATA[oBNJw1OU62I3pUUEPB8yYx30ZcCU]]></FromUserName>
<CreateTime>1531975722</CreateTime>
<MsgType><![CDATA[event]]></MsgType>
<Event><![CDATA[VIEW]]></Event>
<EventKey><![CDATA[http://www.fphealthy.com/shop/app/index.php?i=4&c=entry&eid=146]]></EventKey>
<MenuId>411154211</MenuId>
</xml>

2018-07-19 12:48:42 params :
------------
String:
array (
  'rule' => -2,
  'module' => '',
  'message' => 
  array (
    'tousername' => 'gh_457112fa2e21',
    'fromusername' => 'oBNJw1OU62I3pUUEPB8yYx30ZcCU',
    'createtime' => '1531975722',
    'msgtype' => 'event',
    'event' => 'VIEW',
    'eventkey' => 'http://www.fphealthy.com/shop/app/index.php?i=4&c=entry&eid=146',
    'menuid' => '411154211',
    'from' => 'oBNJw1OU62I3pUUEPB8yYx30ZcCU',
    'to' => 'gh_457112fa2e21',
    'time' => '1531975722',
    'type' => 'text',
    'content' => 'http://www.fphealthy.com/shop/app/index.php?i=4&c=entry&eid=146',
    'redirection' => true,
    'source' => 'VIEW',
  ),
)

2018-07-19 12:48:42 response :
------------

2018-07-19 18:05:01 trace :
------------
String:
<xml><ToUserName><![CDATA[gh_457112fa2e21]]></ToUserName>
<FromUserName><![CDATA[oBNJw1OU62I3pUUEPB8yYx30ZcCU]]></FromUserName>
<CreateTime>1531994701</CreateTime>
<MsgType><![CDATA[event]]></MsgType>
<Event><![CDATA[VIEW]]></Event>
<EventKey><![CDATA[http://www.fphealthy.com/shop/app/index.php?i=4&c=entry&m=ewei_shopv2&do=mobile&r=order]]></EventKey>
<MenuId>411154211</MenuId>
</xml>

2018-07-19 18:05:01 params :
------------
String:
array (
  'rule' => -2,
  'module' => '',
  'message' => 
  array (
    'tousername' => 'gh_457112fa2e21',
    'fromusername' => 'oBNJw1OU62I3pUUEPB8yYx30ZcCU',
    'createtime' => '1531994701',
    'msgtype' => 'event',
    'event' => 'VIEW',
    'eventkey' => 'http://www.fphealthy.com/shop/app/index.php?i=4&c=entry&m=ewei_shopv2&do=mobile&r=order',
    'menuid' => '411154211',
    'from' => 'oBNJw1OU62I3pUUEPB8yYx30ZcCU',
    'to' => 'gh_457112fa2e21',
    'time' => '1531994701',
    'type' => 'text',
    'content' => 'http://www.fphealthy.com/shop/app/index.php?i=4&c=entry&m=ewei_shopv2&do=mobile&r=order',
    'redirection' => true,
    'source' => 'VIEW',
  ),
)

2018-07-19 18:05:01 response :
------------

2018-07-19 18:05:07 trace :
------------
String:
<xml><ToUserName><![CDATA[gh_457112fa2e21]]></ToUserName>
<FromUserName><![CDATA[oBNJw1OU62I3pUUEPB8yYx30ZcCU]]></FromUserName>
<CreateTime>1531994708</CreateTime>
<MsgType><![CDATA[event]]></MsgType>
<Event><![CDATA[VIEW]]></Event>
<EventKey><![CDATA[http://www.fphealthy.com/shop/app/index.php?i=4&c=entry&eid=146]]></EventKey>
<MenuId>411154211</MenuId>
</xml>

2018-07-19 18:05:07 params :
------------
String:
array (
  'rule' => -2,
  'module' => '',
  'message' => 
  array (
    'tousername' => 'gh_457112fa2e21',
    'fromusername' => 'oBNJw1OU62I3pUUEPB8yYx30ZcCU',
    'createtime' => '1531994708',
    'msgtype' => 'event',
    'event' => 'VIEW',
    'eventkey' => 'http://www.fphealthy.com/shop/app/index.php?i=4&c=entry&eid=146',
    'menuid' => '411154211',
    'from' => 'oBNJw1OU62I3pUUEPB8yYx30ZcCU',
    'to' => 'gh_457112fa2e21',
    'time' => '1531994708',
    'type' => 'text',
    'content' => 'http://www.fphealthy.com/shop/app/index.php?i=4&c=entry&eid=146',
    'redirection' => true,
    'source' => 'VIEW',
  ),
)

2018-07-19 18:05:07 response :
------------

2018-07-19 18:05:22 trace :
------------
String:
<xml><ToUserName><![CDATA[gh_457112fa2e21]]></ToUserName>
<FromUserName><![CDATA[oBNJw1OU62I3pUUEPB8yYx30ZcCU]]></FromUserName>
<CreateTime>1531994723</CreateTime>
<MsgType><![CDATA[event]]></MsgType>
<Event><![CDATA[VIEW]]></Event>
<EventKey><![CDATA[http://www.fphealthy.com/shop/app/index.php?i=4&c=entry&m=ewei_shopv2&do=mobile&r=order]]></EventKey>
<MenuId>411154211</MenuId>
</xml>

2018-07-19 18:05:22 params :
------------
String:
array (
  'rule' => -2,
  'module' => '',
  'message' => 
  array (
    'tousername' => 'gh_457112fa2e21',
    'fromusername' => 'oBNJw1OU62I3pUUEPB8yYx30ZcCU',
    'createtime' => '1531994723',
    'msgtype' => 'event',
    'event' => 'VIEW',
    'eventkey' => 'http://www.fphealthy.com/shop/app/index.php?i=4&c=entry&m=ewei_shopv2&do=mobile&r=order',
    'menuid' => '411154211',
    'from' => 'oBNJw1OU62I3pUUEPB8yYx30ZcCU',
    'to' => 'gh_457112fa2e21',
    'time' => '1531994723',
    'type' => 'text',
    'content' => 'http://www.fphealthy.com/shop/app/index.php?i=4&c=entry&m=ewei_shopv2&do=mobile&r=order',
    'redirection' => true,
    'source' => 'VIEW',
  ),
)

2018-07-19 18:05:22 response :
------------

