2018-07-18 22:15:24 trace :
------------
String:
<xml><ToUserName><![CDATA[gh_457112fa2e21]]></ToUserName>
<FromUserName><![CDATA[oBNJw1OU62I3pUUEPB8yYx30ZcCU]]></FromUserName>
<CreateTime>1531923324</CreateTime>
<MsgType><![CDATA[event]]></MsgType>
<Event><![CDATA[VIEW]]></Event>
<EventKey><![CDATA[http://www.fphealthy.com/shop/app/index.php?i=4&c=entry&m=ewei_shopv2&do=mobile&r=lottery]]></EventKey>
<MenuId>411154211</MenuId>
</xml>

2018-07-18 22:15:24 params :
------------
String:
array (
  'rule' => -2,
  'module' => '',
  'message' => 
  array (
    'tousername' => 'gh_457112fa2e21',
    'fromusername' => 'oBNJw1OU62I3pUUEPB8yYx30ZcCU',
    'createtime' => '1531923324',
    'msgtype' => 'event',
    'event' => 'VIEW',
    'eventkey' => 'http://www.fphealthy.com/shop/app/index.php?i=4&c=entry&m=ewei_shopv2&do=mobile&r=lottery',
    'menuid' => '411154211',
    'from' => 'oBNJw1OU62I3pUUEPB8yYx30ZcCU',
    'to' => 'gh_457112fa2e21',
    'time' => '1531923324',
    'type' => 'text',
    'content' => 'http://www.fphealthy.com/shop/app/index.php?i=4&c=entry&m=ewei_shopv2&do=mobile&r=lottery',
    'redirection' => true,
    'source' => 'VIEW',
  ),
)

2018-07-18 22:15:24 response :
------------

2018-07-18 22:24:10 trace :
------------
String:
<xml><ToUserName><![CDATA[gh_457112fa2e21]]></ToUserName>
<FromUserName><![CDATA[oBNJw1OU62I3pUUEPB8yYx30ZcCU]]></FromUserName>
<CreateTime>1531923852</CreateTime>
<MsgType><![CDATA[event]]></MsgType>
<Event><![CDATA[VIEW]]></Event>
<EventKey><![CDATA[http://www.fphealthy.com/shop/app/index.php?i=4&c=entry&m=ewei_shopv2&do=mobile&r=member]]></EventKey>
<MenuId>411154211</MenuId>
</xml>

2018-07-18 22:24:11 params :
------------
String:
array (
  'rule' => -2,
  'module' => '',
  'message' => 
  array (
    'tousername' => 'gh_457112fa2e21',
    'fromusername' => 'oBNJw1OU62I3pUUEPB8yYx30ZcCU',
    'createtime' => '1531923852',
    'msgtype' => 'event',
    'event' => 'VIEW',
    'eventkey' => 'http://www.fphealthy.com/shop/app/index.php?i=4&c=entry&m=ewei_shopv2&do=mobile&r=member',
    'menuid' => '411154211',
    'from' => 'oBNJw1OU62I3pUUEPB8yYx30ZcCU',
    'to' => 'gh_457112fa2e21',
    'time' => '1531923852',
    'type' => 'text',
    'content' => 'http://www.fphealthy.com/shop/app/index.php?i=4&c=entry&m=ewei_shopv2&do=mobile&r=member',
    'redirection' => true,
    'source' => 'VIEW',
  ),
)

2018-07-18 22:24:11 response :
------------

2018-07-18 22:24:38 trace :
------------
String:
<xml><ToUserName><![CDATA[gh_457112fa2e21]]></ToUserName>
<FromUserName><![CDATA[oBNJw1OU62I3pUUEPB8yYx30ZcCU]]></FromUserName>
<CreateTime>1531923879</CreateTime>
<MsgType><![CDATA[text]]></MsgType>
<Content><![CDATA[天气]]></Content>
<MsgId>6579562960683674563</MsgId>
</xml>

2018-07-18 22:24:38 params :
------------
String:
array (
  'rule' => -2,
  'module' => '',
  'message' => 
  array (
    'tousername' => 'gh_457112fa2e21',
    'fromusername' => 'oBNJw1OU62I3pUUEPB8yYx30ZcCU',
    'createtime' => '1531923879',
    'msgtype' => 'text',
    'content' => '天气',
    'msgid' => '6579562960683674563',
    'from' => 'oBNJw1OU62I3pUUEPB8yYx30ZcCU',
    'to' => 'gh_457112fa2e21',
    'time' => '1531923879',
    'type' => 'text',
    'event' => NULL,
    'redirection' => false,
    'source' => NULL,
  ),
)

2018-07-18 22:24:38 response :
------------

2018-07-18 22:24:49 trace :
------------
String:
<xml><ToUserName><![CDATA[gh_457112fa2e21]]></ToUserName>
<FromUserName><![CDATA[oBNJw1OU62I3pUUEPB8yYx30ZcCU]]></FromUserName>
<CreateTime>1531923890</CreateTime>
<MsgType><![CDATA[text]]></MsgType>
<Content><![CDATA[122]]></Content>
<MsgId>6579563007928314820</MsgId>
</xml>

2018-07-18 22:24:49 params :
------------
String:
array (
  'rule' => -2,
  'module' => '',
  'message' => 
  array (
    'tousername' => 'gh_457112fa2e21',
    'fromusername' => 'oBNJw1OU62I3pUUEPB8yYx30ZcCU',
    'createtime' => '1531923890',
    'msgtype' => 'text',
    'content' => '122',
    'msgid' => '6579563007928314820',
    'from' => 'oBNJw1OU62I3pUUEPB8yYx30ZcCU',
    'to' => 'gh_457112fa2e21',
    'time' => '1531923890',
    'type' => 'text',
    'event' => NULL,
    'redirection' => false,
    'source' => NULL,
  ),
)

2018-07-18 22:24:49 response :
------------

2018-07-18 22:24:59 trace :
------------
String:
<xml><ToUserName><![CDATA[gh_457112fa2e21]]></ToUserName>
<FromUserName><![CDATA[oBNJw1OU62I3pUUEPB8yYx30ZcCU]]></FromUserName>
<CreateTime>1531923900</CreateTime>
<MsgType><![CDATA[event]]></MsgType>
<Event><![CDATA[VIEW]]></Event>
<EventKey><![CDATA[http://www.fphealthy.com/shop/app/index.php?i=4&c=entry&eid=146]]></EventKey>
<MenuId>411154211</MenuId>
</xml>

2018-07-18 22:24:59 params :
------------
String:
array (
  'rule' => -2,
  'module' => '',
  'message' => 
  array (
    'tousername' => 'gh_457112fa2e21',
    'fromusername' => 'oBNJw1OU62I3pUUEPB8yYx30ZcCU',
    'createtime' => '1531923900',
    'msgtype' => 'event',
    'event' => 'VIEW',
    'eventkey' => 'http://www.fphealthy.com/shop/app/index.php?i=4&c=entry&eid=146',
    'menuid' => '411154211',
    'from' => 'oBNJw1OU62I3pUUEPB8yYx30ZcCU',
    'to' => 'gh_457112fa2e21',
    'time' => '1531923900',
    'type' => 'text',
    'content' => 'http://www.fphealthy.com/shop/app/index.php?i=4&c=entry&eid=146',
    'redirection' => true,
    'source' => 'VIEW',
  ),
)

2018-07-18 22:24:59 response :
------------

2018-07-18 22:39:18 trace :
------------
String:
<xml><ToUserName><![CDATA[gh_457112fa2e21]]></ToUserName>
<FromUserName><![CDATA[oBNJw1OU62I3pUUEPB8yYx30ZcCU]]></FromUserName>
<CreateTime>1531924759</CreateTime>
<MsgType><![CDATA[text]]></MsgType>
<Content><![CDATA[12]]></Content>
<MsgId>6579566740254895103</MsgId>
</xml>

2018-07-18 22:39:18 params :
------------
String:
array (
  'rule' => -2,
  'module' => '',
  'message' => 
  array (
    'tousername' => 'gh_457112fa2e21',
    'fromusername' => 'oBNJw1OU62I3pUUEPB8yYx30ZcCU',
    'createtime' => '1531924759',
    'msgtype' => 'text',
    'content' => '12',
    'msgid' => '6579566740254895103',
    'from' => 'oBNJw1OU62I3pUUEPB8yYx30ZcCU',
    'to' => 'gh_457112fa2e21',
    'time' => '1531924759',
    'type' => 'text',
    'event' => NULL,
    'redirection' => false,
    'source' => NULL,
  ),
)

2018-07-18 22:39:18 response :
------------

2018-07-18 22:39:22 trace :
------------
String:
<xml><ToUserName><![CDATA[gh_457112fa2e21]]></ToUserName>
<FromUserName><![CDATA[oBNJw1OU62I3pUUEPB8yYx30ZcCU]]></FromUserName>
<CreateTime>1531924763</CreateTime>
<MsgType><![CDATA[text]]></MsgType>
<Content><![CDATA[天气]]></Content>
<MsgId>6579566757434764288</MsgId>
</xml>

2018-07-18 22:39:22 params :
------------
String:
array (
  'rule' => -2,
  'module' => '',
  'message' => 
  array (
    'tousername' => 'gh_457112fa2e21',
    'fromusername' => 'oBNJw1OU62I3pUUEPB8yYx30ZcCU',
    'createtime' => '1531924763',
    'msgtype' => 'text',
    'content' => '天气',
    'msgid' => '6579566757434764288',
    'from' => 'oBNJw1OU62I3pUUEPB8yYx30ZcCU',
    'to' => 'gh_457112fa2e21',
    'time' => '1531924763',
    'type' => 'text',
    'event' => NULL,
    'redirection' => false,
    'source' => NULL,
  ),
)

2018-07-18 22:39:22 response :
------------

2018-07-18 22:48:10 trace :
------------
String:
<xml><ToUserName><![CDATA[gh_457112fa2e21]]></ToUserName>
<FromUserName><![CDATA[oBNJw1OU62I3pUUEPB8yYx30ZcCU]]></FromUserName>
<CreateTime>1531925292</CreateTime>
<MsgType><![CDATA[event]]></MsgType>
<Event><![CDATA[VIEW]]></Event>
<EventKey><![CDATA[http://www.fphealthy.com/shop/app/index.php?i=4&c=entry&m=ewei_shopv2&do=mobile&r=order]]></EventKey>
<MenuId>411154211</MenuId>
</xml>

2018-07-18 22:48:10 params :
------------
String:
array (
  'rule' => -2,
  'module' => '',
  'message' => 
  array (
    'tousername' => 'gh_457112fa2e21',
    'fromusername' => 'oBNJw1OU62I3pUUEPB8yYx30ZcCU',
    'createtime' => '1531925292',
    'msgtype' => 'event',
    'event' => 'VIEW',
    'eventkey' => 'http://www.fphealthy.com/shop/app/index.php?i=4&c=entry&m=ewei_shopv2&do=mobile&r=order',
    'menuid' => '411154211',
    'from' => 'oBNJw1OU62I3pUUEPB8yYx30ZcCU',
    'to' => 'gh_457112fa2e21',
    'time' => '1531925292',
    'type' => 'text',
    'content' => 'http://www.fphealthy.com/shop/app/index.php?i=4&c=entry&m=ewei_shopv2&do=mobile&r=order',
    'redirection' => true,
    'source' => 'VIEW',
  ),
)

2018-07-18 22:48:10 response :
------------

2018-07-18 23:12:03 trace :
------------
String:
<xml><ToUserName><![CDATA[gh_457112fa2e21]]></ToUserName>
<FromUserName><![CDATA[oBNJw1OU62I3pUUEPB8yYx30ZcCU]]></FromUserName>
<CreateTime>1531926724</CreateTime>
<MsgType><![CDATA[event]]></MsgType>
<Event><![CDATA[VIEW]]></Event>
<EventKey><![CDATA[http://www.fphealthy.com/shop/app/index.php?i=4&c=entry&m=ewei_shopv2&do=mobile&r=order]]></EventKey>
<MenuId>411154211</MenuId>
</xml>

2018-07-18 23:12:03 params :
------------
String:
array (
  'rule' => -2,
  'module' => '',
  'message' => 
  array (
    'tousername' => 'gh_457112fa2e21',
    'fromusername' => 'oBNJw1OU62I3pUUEPB8yYx30ZcCU',
    'createtime' => '1531926724',
    'msgtype' => 'event',
    'event' => 'VIEW',
    'eventkey' => 'http://www.fphealthy.com/shop/app/index.php?i=4&c=entry&m=ewei_shopv2&do=mobile&r=order',
    'menuid' => '411154211',
    'from' => 'oBNJw1OU62I3pUUEPB8yYx30ZcCU',
    'to' => 'gh_457112fa2e21',
    'time' => '1531926724',
    'type' => 'text',
    'content' => 'http://www.fphealthy.com/shop/app/index.php?i=4&c=entry&m=ewei_shopv2&do=mobile&r=order',
    'redirection' => true,
    'source' => 'VIEW',
  ),
)

2018-07-18 23:12:03 response :
------------

2018-07-18 23:12:18 trace :
------------
String:
<xml><ToUserName><![CDATA[gh_457112fa2e21]]></ToUserName>
<FromUserName><![CDATA[oBNJw1OU62I3pUUEPB8yYx30ZcCU]]></FromUserName>
<CreateTime>1531926739</CreateTime>
<MsgType><![CDATA[text]]></MsgType>
<Content><![CDATA[22]]></Content>
<MsgId>6579575244290141312</MsgId>
</xml>

2018-07-18 23:12:18 params :
------------
String:
array (
  'rule' => -2,
  'module' => '',
  'message' => 
  array (
    'tousername' => 'gh_457112fa2e21',
    'fromusername' => 'oBNJw1OU62I3pUUEPB8yYx30ZcCU',
    'createtime' => '1531926739',
    'msgtype' => 'text',
    'content' => '22',
    'msgid' => '6579575244290141312',
    'from' => 'oBNJw1OU62I3pUUEPB8yYx30ZcCU',
    'to' => 'gh_457112fa2e21',
    'time' => '1531926739',
    'type' => 'text',
    'event' => NULL,
    'redirection' => false,
    'source' => NULL,
  ),
)

2018-07-18 23:12:18 response :
------------

2018-07-18 23:12:22 trace :
------------
String:
<xml><ToUserName><![CDATA[gh_457112fa2e21]]></ToUserName>
<FromUserName><![CDATA[oBNJw1OU62I3pUUEPB8yYx30ZcCU]]></FromUserName>
<CreateTime>1531926743</CreateTime>
<MsgType><![CDATA[text]]></MsgType>
<Content><![CDATA[天气]]></Content>
<MsgId>6579575261470010497</MsgId>
</xml>

2018-07-18 23:12:22 params :
------------
String:
array (
  'rule' => -2,
  'module' => '',
  'message' => 
  array (
    'tousername' => 'gh_457112fa2e21',
    'fromusername' => 'oBNJw1OU62I3pUUEPB8yYx30ZcCU',
    'createtime' => '1531926743',
    'msgtype' => 'text',
    'content' => '天气',
    'msgid' => '6579575261470010497',
    'from' => 'oBNJw1OU62I3pUUEPB8yYx30ZcCU',
    'to' => 'gh_457112fa2e21',
    'time' => '1531926743',
    'type' => 'text',
    'event' => NULL,
    'redirection' => false,
    'source' => NULL,
  ),
)

2018-07-18 23:12:22 response :
------------

2018-07-18 23:12:25 trace :
------------
String:
<xml><ToUserName><![CDATA[gh_457112fa2e21]]></ToUserName>
<FromUserName><![CDATA[oBNJw1OU62I3pUUEPB8yYx30ZcCU]]></FromUserName>
<CreateTime>1531926747</CreateTime>
<MsgType><![CDATA[text]]></MsgType>
<Content><![CDATA[今日天气]]></Content>
<MsgId>6579575278649879682</MsgId>
</xml>

2018-07-18 23:12:26 params :
------------
String:
array (
  'message' => 
  array (
    'tousername' => 'gh_457112fa2e21',
    'fromusername' => 'oBNJw1OU62I3pUUEPB8yYx30ZcCU',
    'createtime' => '1531926747',
    'msgtype' => 'text',
    'content' => '今日天气',
    'msgid' => '6579575278649879682',
    'from' => 'oBNJw1OU62I3pUUEPB8yYx30ZcCU',
    'to' => 'gh_457112fa2e21',
    'time' => '1531926747',
    'type' => 'text',
    'event' => NULL,
    'redirection' => false,
    'source' => NULL,
  ),
  'module' => 'userapi',
  'rule' => '1',
  'priority' => '255',
  'keyword' => 
  array (
    'id' => '1',
    'rid' => '1',
    'uniacid' => '0',
    'module' => 'userapi',
    'content' => '^.+天气$',
    'type' => '3',
    'displayorder' => '255',
    'status' => '1',
  ),
)

2018-07-18 23:12:26 response :
------------
Array:
FromUserName : gh_457112fa2e21 ;
ToUserName : oBNJw1OU62I3pUUEPB8yYx30ZcCU ;
MsgType : text ;
Content : 今日天气
今天白天，摄氏度。
，
今天夜间，摄氏度。
，
==================
【穿衣指数】：

【感冒指数】：

【空调指数】：

【污染物扩散条件】：

【洗车指数】：

【运动指数】：

【紫外线指数】：

【体感度指数】：
 ;

2018-07-18 23:12:36 trace :
------------
String:
<xml><ToUserName><![CDATA[gh_457112fa2e21]]></ToUserName>
<FromUserName><![CDATA[oBNJw1OU62I3pUUEPB8yYx30ZcCU]]></FromUserName>
<CreateTime>1531926757</CreateTime>
<MsgType><![CDATA[text]]></MsgType>
<Content><![CDATA[今日天气]]></Content>
<MsgId>6579575321599552644</MsgId>
</xml>

2018-07-18 23:12:37 params :
------------
String:
array (
  'message' => 
  array (
    'tousername' => 'gh_457112fa2e21',
    'fromusername' => 'oBNJw1OU62I3pUUEPB8yYx30ZcCU',
    'createtime' => '1531926757',
    'msgtype' => 'text',
    'content' => '今日天气',
    'msgid' => '6579575321599552644',
    'from' => 'oBNJw1OU62I3pUUEPB8yYx30ZcCU',
    'to' => 'gh_457112fa2e21',
    'time' => '1531926757',
    'type' => 'text',
    'event' => NULL,
    'redirection' => false,
    'source' => NULL,
  ),
  'module' => 'userapi',
  'rule' => '1',
  'priority' => '255',
  'keyword' => 
  array (
    'id' => '1',
    'rid' => '1',
    'uniacid' => '0',
    'module' => 'userapi',
    'content' => '^.+天气$',
    'type' => '3',
    'displayorder' => '255',
    'status' => '1',
  ),
)

2018-07-18 23:12:37 response :
------------
Array:
FromUserName : gh_457112fa2e21 ;
ToUserName : oBNJw1OU62I3pUUEPB8yYx30ZcCU ;
MsgType : text ;
Content : 今日天气
今天白天，摄氏度。
，
今天夜间，摄氏度。
，
==================
【穿衣指数】：

【感冒指数】：

【空调指数】：

【污染物扩散条件】：

【洗车指数】：

【运动指数】：

【紫外线指数】：

【体感度指数】：
 ;

2018-07-18 23:12:43 trace :
------------
String:
<xml><ToUserName><![CDATA[gh_457112fa2e21]]></ToUserName>
<FromUserName><![CDATA[oBNJw1OU62I3pUUEPB8yYx30ZcCU]]></FromUserName>
<CreateTime>1531926764</CreateTime>
<MsgType><![CDATA[text]]></MsgType>
<Content><![CDATA[南京天气]]></Content>
<MsgId>6579575351664323718</MsgId>
</xml>

2018-07-18 23:12:43 params :
------------
String:
array (
  'message' => 
  array (
    'tousername' => 'gh_457112fa2e21',
    'fromusername' => 'oBNJw1OU62I3pUUEPB8yYx30ZcCU',
    'createtime' => '1531926764',
    'msgtype' => 'text',
    'content' => '南京天气',
    'msgid' => '6579575351664323718',
    'from' => 'oBNJw1OU62I3pUUEPB8yYx30ZcCU',
    'to' => 'gh_457112fa2e21',
    'time' => '1531926764',
    'type' => 'text',
    'event' => NULL,
    'redirection' => false,
    'source' => NULL,
  ),
  'module' => 'userapi',
  'rule' => '1',
  'priority' => '255',
  'keyword' => 
  array (
    'id' => '1',
    'rid' => '1',
    'uniacid' => '0',
    'module' => 'userapi',
    'content' => '^.+天气$',
    'type' => '3',
    'displayorder' => '255',
    'status' => '1',
  ),
)

2018-07-18 23:12:43 response :
------------
Array:
FromUserName : gh_457112fa2e21 ;
ToUserName : oBNJw1OU62I3pUUEPB8yYx30ZcCU ;
MsgType : text ;
Content : 南京今日天气
今天白天，摄氏度。
，≤3
今天夜间多云，27摄氏度。
东南风，3-4
==================
【穿衣指数】：短袖衫、短裙、短裤、薄型T恤衫、敞领短袖棉衫

【感冒指数】：易发期天气闷热，注意预防热伤风；

【空调指数】：适宜开启空调

【污染物扩散条件】：优非常有利于空气污染物扩散

【洗车指数】：暂无暂无

【运动指数】：不适宜天气闷热，不适宜户外运动；

【紫外线指数】：最弱紫外线最弱

【体感度指数】：较热户外活动不适宜在中午前后展开。
 ;

2018-07-18 23:13:05 trace :
------------
String:
<xml><ToUserName><![CDATA[gh_457112fa2e21]]></ToUserName>
<FromUserName><![CDATA[oBNJw1OU62I3pUUEPB8yYx30ZcCU]]></FromUserName>
<CreateTime>1531926786</CreateTime>
<MsgType><![CDATA[event]]></MsgType>
<Event><![CDATA[VIEW]]></Event>
<EventKey><![CDATA[http://www.fphealthy.com/shop/app/index.php?i=4&c=entry&eid=146]]></EventKey>
<MenuId>411154211</MenuId>
</xml>

2018-07-18 23:13:05 params :
------------
String:
array (
  'rule' => -2,
  'module' => '',
  'message' => 
  array (
    'tousername' => 'gh_457112fa2e21',
    'fromusername' => 'oBNJw1OU62I3pUUEPB8yYx30ZcCU',
    'createtime' => '1531926786',
    'msgtype' => 'event',
    'event' => 'VIEW',
    'eventkey' => 'http://www.fphealthy.com/shop/app/index.php?i=4&c=entry&eid=146',
    'menuid' => '411154211',
    'from' => 'oBNJw1OU62I3pUUEPB8yYx30ZcCU',
    'to' => 'gh_457112fa2e21',
    'time' => '1531926786',
    'type' => 'text',
    'content' => 'http://www.fphealthy.com/shop/app/index.php?i=4&c=entry&eid=146',
    'redirection' => true,
    'source' => 'VIEW',
  ),
)

2018-07-18 23:13:05 response :
------------

2018-07-18 23:22:12 trace :
------------
String:
<xml><ToUserName><![CDATA[gh_457112fa2e21]]></ToUserName>
<FromUserName><![CDATA[oBNJw1OU62I3pUUEPB8yYx30ZcCU]]></FromUserName>
<CreateTime>1531927334</CreateTime>
<MsgType><![CDATA[event]]></MsgType>
<Event><![CDATA[VIEW]]></Event>
<EventKey><![CDATA[http://www.fphealthy.com/shop/app/index.php?i=4&c=entry&eid=146]]></EventKey>
<MenuId>411154211</MenuId>
</xml>

2018-07-18 23:22:12 params :
------------
String:
array (
  'rule' => -2,
  'module' => '',
  'message' => 
  array (
    'tousername' => 'gh_457112fa2e21',
    'fromusername' => 'oBNJw1OU62I3pUUEPB8yYx30ZcCU',
    'createtime' => '1531927334',
    'msgtype' => 'event',
    'event' => 'VIEW',
    'eventkey' => 'http://www.fphealthy.com/shop/app/index.php?i=4&c=entry&eid=146',
    'menuid' => '411154211',
    'from' => 'oBNJw1OU62I3pUUEPB8yYx30ZcCU',
    'to' => 'gh_457112fa2e21',
    'time' => '1531927334',
    'type' => 'text',
    'content' => 'http://www.fphealthy.com/shop/app/index.php?i=4&c=entry&eid=146',
    'redirection' => true,
    'source' => 'VIEW',
  ),
)

2018-07-18 23:22:12 response :
------------

